[2017-09-15T09:07:52,047][INFO ][o.e.n.Node               ] [] initializing ...
[2017-09-15T09:07:52,107][INFO ][o.e.e.NodeEnvironment    ] [A1NR4Je] using [1] data paths, mounts [[/data (/dev/vdb1)]], net usable_space [86.8gb], net total_space [102.2gb], spins? [possibly], types [ext4]
[2017-09-15T09:07:52,108][INFO ][o.e.e.NodeEnvironment    ] [A1NR4Je] heap size [1.9gb], compressed ordinary object pointers [true]
[2017-09-15T09:07:52,115][INFO ][o.e.n.Node               ] node name [A1NR4Je] derived from node ID [A1NR4Je1RAGGCn8woFyTXg]; set [node.name] to override
[2017-09-15T09:07:52,115][INFO ][o.e.n.Node               ] version[5.5.2], pid[25960], build[b2f0c09/2017-08-14T12:33:14.154Z], OS[Linux/3.10.0-514.26.2.el7.x86_64/amd64], JVM[Oracle Corporation/Java HotSpot(TM) 64-Bit Server VM/1.8.0_144/25.144-b01]
[2017-09-15T09:07:52,116][INFO ][o.e.n.Node               ] JVM arguments [-Xms2g, -Xmx2g, -XX:+UseConcMarkSweepGC, -XX:CMSInitiatingOccupancyFraction=75, -XX:+UseCMSInitiatingOccupancyOnly, -XX:+AlwaysPreTouch, -Xss1m, -Djava.awt.headless=true, -Dfile.encoding=UTF-8, -Djna.nosys=true, -Djdk.io.permissionsUseCanonicalPath=true, -Dio.netty.noUnsafe=true, -Dio.netty.noKeySetOptimization=true, -Dio.netty.recycler.maxCapacityPerThread=0, -Dlog4j.shutdownHookEnabled=false, -Dlog4j2.disable.jmx=true, -Dlog4j.skipJansi=true, -XX:+HeapDumpOnOutOfMemoryError, -Des.path.home=/usr/local/elasticsearch-5.5.2]
[2017-09-15T09:07:52,818][INFO ][o.e.p.PluginsService     ] [A1NR4Je] loaded module [aggs-matrix-stats]
[2017-09-15T09:07:52,818][INFO ][o.e.p.PluginsService     ] [A1NR4Je] loaded module [ingest-common]
[2017-09-15T09:07:52,818][INFO ][o.e.p.PluginsService     ] [A1NR4Je] loaded module [lang-expression]
[2017-09-15T09:07:52,818][INFO ][o.e.p.PluginsService     ] [A1NR4Je] loaded module [lang-groovy]
[2017-09-15T09:07:52,818][INFO ][o.e.p.PluginsService     ] [A1NR4Je] loaded module [lang-mustache]
[2017-09-15T09:07:52,818][INFO ][o.e.p.PluginsService     ] [A1NR4Je] loaded module [lang-painless]
[2017-09-15T09:07:52,818][INFO ][o.e.p.PluginsService     ] [A1NR4Je] loaded module [parent-join]
[2017-09-15T09:07:52,818][INFO ][o.e.p.PluginsService     ] [A1NR4Je] loaded module [percolator]
[2017-09-15T09:07:52,818][INFO ][o.e.p.PluginsService     ] [A1NR4Je] loaded module [reindex]
[2017-09-15T09:07:52,819][INFO ][o.e.p.PluginsService     ] [A1NR4Je] loaded module [transport-netty3]
[2017-09-15T09:07:52,819][INFO ][o.e.p.PluginsService     ] [A1NR4Je] loaded module [transport-netty4]
[2017-09-15T09:07:52,819][INFO ][o.e.p.PluginsService     ] [A1NR4Je] loaded plugin [analysis-ik]
[2017-09-15T09:07:52,819][INFO ][o.e.p.PluginsService     ] [A1NR4Je] loaded plugin [elasticsearch-jakes-similarity]
[2017-09-15T09:07:54,028][INFO ][o.e.d.DiscoveryModule    ] [A1NR4Je] using discovery type [zen]
[2017-09-15T09:07:54,517][INFO ][o.e.n.Node               ] initialized
[2017-09-15T09:07:54,517][INFO ][o.e.n.Node               ] [A1NR4Je] starting ...
[2017-09-15T09:07:54,679][INFO ][o.e.t.TransportService   ] [A1NR4Je] publish_address {10.15.0.14:9300}, bound_addresses {0.0.0.0:9300}
[2017-09-15T09:07:54,689][INFO ][o.e.b.BootstrapChecks    ] [A1NR4Je] bound or publishing to a non-loopback or non-link-local address, enforcing bootstrap checks
[2017-09-15T09:07:57,729][INFO ][o.e.c.s.ClusterService   ] [A1NR4Je] new_master {A1NR4Je}{A1NR4Je1RAGGCn8woFyTXg}{2nCFvou6RIefwl82xPmP6g}{10.15.0.14}{10.15.0.14:9300}, reason: zen-disco-elected-as-master ([0] nodes joined)
[2017-09-15T09:07:57,746][INFO ][o.e.h.n.Netty4HttpServerTransport] [A1NR4Je] publish_address {10.15.0.14:9200}, bound_addresses {0.0.0.0:9200}
[2017-09-15T09:07:57,746][INFO ][o.e.n.Node               ] [A1NR4Je] started
[2017-09-15T09:07:57,776][INFO ][o.w.a.d.Monitor          ] try load config from /usr/local/elasticsearch-5.5.2/config/analysis-ik/IKAnalyzer.cfg.xml
[2017-09-15T09:07:57,777][INFO ][o.w.a.d.Monitor          ] try load config from /usr/local/elasticsearch-5.5.2/plugins/elasticsearch/config/IKAnalyzer.cfg.xml
[2017-09-15T09:07:58,231][INFO ][o.e.g.GatewayService     ] [A1NR4Je] recovered [3] indices into cluster_state
[2017-09-15T09:07:58,683][INFO ][o.e.c.r.a.AllocationService] [A1NR4Je] Cluster health status changed from [RED] to [YELLOW] (reason: [shards started [[jk_ask][0]] ...]).
[2017-09-15T09:09:50,943][WARN ][r.suppressed             ] path: /jk_ask/details/_search, params: {size=10, index=jk_ask, from=0, type=details}
com.fasterxml.jackson.core.JsonParseException: Unexpected character ('}' (code 125)): was expecting double-quote to start field name
 at [Source: org.elasticsearch.transport.netty4.ByteBufStreamInput@af26aca; line: 12, column: 10]
	at com.fasterxml.jackson.core.JsonParser._constructError(JsonParser.java:1702) ~[jackson-core-2.8.6.jar:2.8.6]
	at com.fasterxml.jackson.core.base.ParserMinimalBase._reportError(ParserMinimalBase.java:558) ~[jackson-core-2.8.6.jar:2.8.6]
	at com.fasterxml.jackson.core.base.ParserMinimalBase._reportUnexpectedChar(ParserMinimalBase.java:456) ~[jackson-core-2.8.6.jar:2.8.6]
	at com.fasterxml.jackson.core.json.UTF8StreamJsonParser._handleOddName(UTF8StreamJsonParser.java:2054) ~[jackson-core-2.8.6.jar:2.8.6]
	at com.fasterxml.jackson.core.json.UTF8StreamJsonParser._parseName(UTF8StreamJsonParser.java:1701) ~[jackson-core-2.8.6.jar:2.8.6]
	at com.fasterxml.jackson.core.json.UTF8StreamJsonParser.nextToken(UTF8StreamJsonParser.java:776) ~[jackson-core-2.8.6.jar:2.8.6]
	at org.elasticsearch.common.xcontent.json.JsonXContentParser.nextToken(JsonXContentParser.java:55) ~[elasticsearch-5.5.2.jar:5.5.2]
	at org.elasticsearch.index.query.BoolQueryBuilder.fromXContent(BoolQueryBuilder.java:327) ~[elasticsearch-5.5.2.jar:5.5.2]
	at org.elasticsearch.search.SearchModule.lambda$registerQuery$10(SearchModule.java:765) ~[elasticsearch-5.5.2.jar:5.5.2]
	at org.elasticsearch.common.xcontent.NamedXContentRegistry.parseNamedObject(NamedXContentRegistry.java:143) ~[elasticsearch-5.5.2.jar:5.5.2]
	at org.elasticsearch.common.xcontent.support.AbstractXContentParser.namedObject(AbstractXContentParser.java:386) ~[elasticsearch-5.5.2.jar:5.5.2]
	at org.elasticsearch.index.query.QueryParseContext.parseInnerQueryBuilder(QueryParseContext.java:113) ~[elasticsearch-5.5.2.jar:5.5.2]
	at org.elasticsearch.search.builder.SearchSourceBuilder.parseXContent(SearchSourceBuilder.java:986) ~[elasticsearch-5.5.2.jar:5.5.2]
	at org.elasticsearch.rest.action.search.RestSearchAction.parseSearchRequest(RestSearchAction.java:96) ~[elasticsearch-5.5.2.jar:5.5.2]
	at org.elasticsearch.rest.action.search.RestSearchAction.lambda$prepareRequest$0(RestSearchAction.java:76) ~[elasticsearch-5.5.2.jar:5.5.2]
	at org.elasticsearch.rest.RestRequest.withContentOrSourceParamParserOrNull(RestRequest.java:395) ~[elasticsearch-5.5.2.jar:5.5.2]
	at org.elasticsearch.rest.action.search.RestSearchAction.prepareRequest(RestSearchAction.java:75) ~[elasticsearch-5.5.2.jar:5.5.2]
	at org.elasticsearch.rest.BaseRestHandler.handleRequest(BaseRestHandler.java:64) ~[elasticsearch-5.5.2.jar:5.5.2]
	at org.elasticsearch.rest.RestController.dispatchRequest(RestController.java:262) ~[elasticsearch-5.5.2.jar:5.5.2]
	at org.elasticsearch.rest.RestController.dispatchRequest(RestController.java:200) [elasticsearch-5.5.2.jar:5.5.2]
	at org.elasticsearch.http.netty4.Netty4HttpServerTransport.dispatchRequest(Netty4HttpServerTransport.java:505) [transport-netty4-5.5.2.jar:5.5.2]
	at org.elasticsearch.http.netty4.Netty4HttpRequestHandler.channelRead0(Netty4HttpRequestHandler.java:72) [transport-netty4-5.5.2.jar:5.5.2]
	at io.netty.channel.SimpleChannelInboundHandler.channelRead(SimpleChannelInboundHandler.java:105) [netty-transport-4.1.11.Final.jar:4.1.11.Final]
	at io.netty.channel.AbstractChannelHandlerContext.invokeChannelRead(AbstractChannelHandlerContext.java:362) [netty-transport-4.1.11.Final.jar:4.1.11.Final]
	at io.netty.channel.AbstractChannelHandlerContext.invokeChannelRead(AbstractChannelHandlerContext.java:348) [netty-transport-4.1.11.Final.jar:4.1.11.Final]
	at io.netty.channel.AbstractChannelHandlerContext.fireChannelRead(AbstractChannelHandlerContext.java:340) [netty-transport-4.1.11.Final.jar:4.1.11.Final]
	at org.elasticsearch.http.netty4.pipelining.HttpPipeliningHandler.channelRead(HttpPipeliningHandler.java:63) [transport-netty4-5.5.2.jar:5.5.2]
	at io.netty.channel.AbstractChannelHandlerContext.invokeChannelRead(AbstractChannelHandlerContext.java:362) [netty-transport-4.1.11.Final.jar:4.1.11.Final]
	at io.netty.channel.AbstractChannelHandlerContext.invokeChannelRead(AbstractChannelHandlerContext.java:348) [netty-transport-4.1.11.Final.jar:4.1.11.Final]
	at io.netty.channel.AbstractChannelHandlerContext.fireChannelRead(AbstractChannelHandlerContext.java:340) [netty-transport-4.1.11.Final.jar:4.1.11.Final]
	at io.netty.handler.codec.MessageToMessageDecoder.channelRead(MessageToMessageDecoder.java:102) [netty-codec-4.1.11.Final.jar:4.1.11.Final]
	at io.netty.handler.codec.MessageToMessageCodec.channelRead(MessageToMessageCodec.java:111) [netty-codec-4.1.11.Final.jar:4.1.11.Final]
	at io.netty.channel.AbstractChannelHandlerContext.invokeChannelRead(AbstractChannelHandlerContext.java:362) [netty-transport-4.1.11.Final.jar:4.1.11.Final]
	at io.netty.channel.AbstractChannelHandlerContext.invokeChannelRead(AbstractChannelHandlerContext.java:348) [netty-transport-4.1.11.Final.jar:4.1.11.Final]
	at io.netty.channel.AbstractChannelHandlerContext.fireChannelRead(AbstractChannelHandlerContext.java:340) [netty-transport-4.1.11.Final.jar:4.1.11.Final]
	at io.netty.handler.codec.MessageToMessageDecoder.channelRead(MessageToMessageDecoder.java:102) [netty-codec-4.1.11.Final.jar:4.1.11.Final]
	at io.netty.channel.AbstractChannelHandlerContext.invokeChannelRead(AbstractChannelHandlerContext.java:362) [netty-transport-4.1.11.Final.jar:4.1.11.Final]
	at io.netty.channel.AbstractChannelHandlerContext.invokeChannelRead(AbstractChannelHandlerContext.java:348) [netty-transport-4.1.11.Final.jar:4.1.11.Final]
	at io.netty.channel.AbstractChannelHandlerContext.fireChannelRead(AbstractChannelHandlerContext.java:340) [netty-transport-4.1.11.Final.jar:4.1.11.Final]
	at io.netty.handler.codec.MessageToMessageDecoder.channelRead(MessageToMessageDecoder.java:102) [netty-codec-4.1.11.Final.jar:4.1.11.Final]
	at io.netty.channel.AbstractChannelHandlerContext.invokeChannelRead(AbstractChannelHandlerContext.java:362) [netty-transport-4.1.11.Final.jar:4.1.11.Final]
	at io.netty.channel.AbstractChannelHandlerContext.invokeChannelRead(AbstractChannelHandlerContext.java:348) [netty-transport-4.1.11.Final.jar:4.1.11.Final]
	at io.netty.channel.AbstractChannelHandlerContext.fireChannelRead(AbstractChannelHandlerContext.java:340) [netty-transport-4.1.11.Final.jar:4.1.11.Final]
	at io.netty.handler.codec.ByteToMessageDecoder.fireChannelRead(ByteToMessageDecoder.java:310) [netty-codec-4.1.11.Final.jar:4.1.11.Final]
	at io.netty.handler.codec.ByteToMessageDecoder.channelRead(ByteToMessageDecoder.java:284) [netty-codec-4.1.11.Final.jar:4.1.11.Final]
	at io.netty.channel.AbstractChannelHandlerContext.invokeChannelRead(AbstractChannelHandlerContext.java:362) [netty-transport-4.1.11.Final.jar:4.1.11.Final]
	at io.netty.channel.AbstractChannelHandlerContext.invokeChannelRead(AbstractChannelHandlerContext.java:348) [netty-transport-4.1.11.Final.jar:4.1.11.Final]
	at io.netty.channel.AbstractChannelHandlerContext.fireChannelRead(AbstractChannelHandlerContext.java:340) [netty-transport-4.1.11.Final.jar:4.1.11.Final]
	at io.netty.channel.ChannelInboundHandlerAdapter.channelRead(ChannelInboundHandlerAdapter.java:86) [netty-transport-4.1.11.Final.jar:4.1.11.Final]
	at io.netty.channel.AbstractChannelHandlerContext.invokeChannelRead(AbstractChannelHandlerContext.java:362) [netty-transport-4.1.11.Final.jar:4.1.11.Final]
	at io.netty.channel.AbstractChannelHandlerContext.invokeChannelRead(AbstractChannelHandlerContext.java:348) [netty-transport-4.1.11.Final.jar:4.1.11.Final]
	at io.netty.channel.AbstractChannelHandlerContext.fireChannelRead(AbstractChannelHandlerContext.java:340) [netty-transport-4.1.11.Final.jar:4.1.11.Final]
	at io.netty.channel.DefaultChannelPipeline$HeadContext.channelRead(DefaultChannelPipeline.java:1334) [netty-transport-4.1.11.Final.jar:4.1.11.Final]
	at io.netty.channel.AbstractChannelHandlerContext.invokeChannelRead(AbstractChannelHandlerContext.java:362) [netty-transport-4.1.11.Final.jar:4.1.11.Final]
	at io.netty.channel.AbstractChannelHandlerContext.invokeChannelRead(AbstractChannelHandlerContext.java:348) [netty-transport-4.1.11.Final.jar:4.1.11.Final]
	at io.netty.channel.DefaultChannelPipeline.fireChannelRead(DefaultChannelPipeline.java:926) [netty-transport-4.1.11.Final.jar:4.1.11.Final]
	at io.netty.channel.nio.AbstractNioByteChannel$NioByteUnsafe.read(AbstractNioByteChannel.java:134) [netty-transport-4.1.11.Final.jar:4.1.11.Final]
	at io.netty.channel.nio.NioEventLoop.processSelectedKey(NioEventLoop.java:644) [netty-transport-4.1.11.Final.jar:4.1.11.Final]
	at io.netty.channel.nio.NioEventLoop.processSelectedKeysPlain(NioEventLoop.java:544) [netty-transport-4.1.11.Final.jar:4.1.11.Final]
	at io.netty.channel.nio.NioEventLoop.processSelectedKeys(NioEventLoop.java:498) [netty-transport-4.1.11.Final.jar:4.1.11.Final]
	at io.netty.channel.nio.NioEventLoop.run(NioEventLoop.java:458) [netty-transport-4.1.11.Final.jar:4.1.11.Final]
	at io.netty.util.concurrent.SingleThreadEventExecutor$5.run(SingleThreadEventExecutor.java:858) [netty-common-4.1.11.Final.jar:4.1.11.Final]
	at java.lang.Thread.run(Thread.java:748) [?:1.8.0_144]
[2017-09-15T09:11:26,694][INFO ][o.e.n.Node               ] [A1NR4Je] stopping ...
[2017-09-15T09:11:26,718][INFO ][o.e.n.Node               ] [A1NR4Je] stopped
[2017-09-15T09:11:26,718][INFO ][o.e.n.Node               ] [A1NR4Je] closing ...
[2017-09-15T09:11:26,724][INFO ][o.e.n.Node               ] [A1NR4Je] closed
[2017-09-15T09:11:30,892][INFO ][o.e.n.Node               ] [] initializing ...
[2017-09-15T09:11:30,947][INFO ][o.e.e.NodeEnvironment    ] [A1NR4Je] using [1] data paths, mounts [[/data (/dev/vdb1)]], net usable_space [86.8gb], net total_space [102.2gb], spins? [possibly], types [ext4]
[2017-09-15T09:11:30,947][INFO ][o.e.e.NodeEnvironment    ] [A1NR4Je] heap size [1.9gb], compressed ordinary object pointers [true]
[2017-09-15T09:11:30,954][INFO ][o.e.n.Node               ] node name [A1NR4Je] derived from node ID [A1NR4Je1RAGGCn8woFyTXg]; set [node.name] to override
[2017-09-15T09:11:30,955][INFO ][o.e.n.Node               ] version[5.5.2], pid[26237], build[b2f0c09/2017-08-14T12:33:14.154Z], OS[Linux/3.10.0-514.26.2.el7.x86_64/amd64], JVM[Oracle Corporation/Java HotSpot(TM) 64-Bit Server VM/1.8.0_144/25.144-b01]
[2017-09-15T09:11:30,955][INFO ][o.e.n.Node               ] JVM arguments [-Xms2g, -Xmx2g, -XX:+UseConcMarkSweepGC, -XX:CMSInitiatingOccupancyFraction=75, -XX:+UseCMSInitiatingOccupancyOnly, -XX:+AlwaysPreTouch, -Xss1m, -Djava.awt.headless=true, -Dfile.encoding=UTF-8, -Djna.nosys=true, -Djdk.io.permissionsUseCanonicalPath=true, -Dio.netty.noUnsafe=true, -Dio.netty.noKeySetOptimization=true, -Dio.netty.recycler.maxCapacityPerThread=0, -Dlog4j.shutdownHookEnabled=false, -Dlog4j2.disable.jmx=true, -Dlog4j.skipJansi=true, -XX:+HeapDumpOnOutOfMemoryError, -Des.path.home=/usr/local/elasticsearch-5.5.2]
[2017-09-15T09:11:31,625][INFO ][o.e.p.PluginsService     ] [A1NR4Je] loaded module [aggs-matrix-stats]
[2017-09-15T09:11:31,626][INFO ][o.e.p.PluginsService     ] [A1NR4Je] loaded module [ingest-common]
[2017-09-15T09:11:31,626][INFO ][o.e.p.PluginsService     ] [A1NR4Je] loaded module [lang-expression]
[2017-09-15T09:11:31,626][INFO ][o.e.p.PluginsService     ] [A1NR4Je] loaded module [lang-groovy]
[2017-09-15T09:11:31,626][INFO ][o.e.p.PluginsService     ] [A1NR4Je] loaded module [lang-mustache]
[2017-09-15T09:11:31,626][INFO ][o.e.p.PluginsService     ] [A1NR4Je] loaded module [lang-painless]
[2017-09-15T09:11:31,626][INFO ][o.e.p.PluginsService     ] [A1NR4Je] loaded module [parent-join]
[2017-09-15T09:11:31,626][INFO ][o.e.p.PluginsService     ] [A1NR4Je] loaded module [percolator]
[2017-09-15T09:11:31,626][INFO ][o.e.p.PluginsService     ] [A1NR4Je] loaded module [reindex]
[2017-09-15T09:11:31,626][INFO ][o.e.p.PluginsService     ] [A1NR4Je] loaded module [transport-netty3]
[2017-09-15T09:11:31,626][INFO ][o.e.p.PluginsService     ] [A1NR4Je] loaded module [transport-netty4]
[2017-09-15T09:11:31,627][INFO ][o.e.p.PluginsService     ] [A1NR4Je] loaded plugin [analysis-ik]
[2017-09-15T09:11:31,627][INFO ][o.e.p.PluginsService     ] [A1NR4Je] loaded plugin [elasticsearch-jakes-similarity]
[2017-09-15T09:11:32,859][INFO ][o.e.d.DiscoveryModule    ] [A1NR4Je] using discovery type [zen]
[2017-09-15T09:11:33,297][INFO ][o.e.n.Node               ] initialized
[2017-09-15T09:11:33,297][INFO ][o.e.n.Node               ] [A1NR4Je] starting ...
[2017-09-15T09:11:33,411][INFO ][o.e.t.TransportService   ] [A1NR4Je] publish_address {10.15.0.14:9300}, bound_addresses {0.0.0.0:9300}
[2017-09-15T09:11:33,419][INFO ][o.e.b.BootstrapChecks    ] [A1NR4Je] bound or publishing to a non-loopback or non-link-local address, enforcing bootstrap checks
[2017-09-15T09:11:36,458][INFO ][o.e.c.s.ClusterService   ] [A1NR4Je] new_master {A1NR4Je}{A1NR4Je1RAGGCn8woFyTXg}{N8237uLbTwWx1OX5OMIoqw}{10.15.0.14}{10.15.0.14:9300}, reason: zen-disco-elected-as-master ([0] nodes joined)
[2017-09-15T09:11:36,472][INFO ][o.e.h.n.Netty4HttpServerTransport] [A1NR4Je] publish_address {10.15.0.14:9200}, bound_addresses {0.0.0.0:9200}
[2017-09-15T09:11:36,472][INFO ][o.e.n.Node               ] [A1NR4Je] started
[2017-09-15T09:11:36,505][INFO ][o.w.a.d.Monitor          ] try load config from /usr/local/elasticsearch-5.5.2/config/analysis-ik/IKAnalyzer.cfg.xml
[2017-09-15T09:11:36,506][INFO ][o.w.a.d.Monitor          ] try load config from /usr/local/elasticsearch-5.5.2/plugins/elasticsearch/config/IKAnalyzer.cfg.xml
[2017-09-15T09:11:36,785][INFO ][o.e.g.GatewayService     ] [A1NR4Je] recovered [3] indices into cluster_state
[2017-09-15T09:11:37,118][INFO ][o.e.c.r.a.AllocationService] [A1NR4Je] Cluster health status changed from [RED] to [YELLOW] (reason: [shards started [[jk_yaopin][0], [jk_ask][0]] ...]).
[2017-09-15T11:42:03,070][INFO ][o.e.n.Node               ] [A1NR4Je] stopping ...
[2017-09-15T11:42:03,151][INFO ][o.e.n.Node               ] [A1NR4Je] stopped
[2017-09-15T11:42:03,152][INFO ][o.e.n.Node               ] [A1NR4Je] closing ...
[2017-09-15T11:42:03,173][INFO ][o.e.n.Node               ] [A1NR4Je] closed
[2017-09-15T11:42:10,494][INFO ][o.e.n.Node               ] [] initializing ...
[2017-09-15T11:42:10,564][INFO ][o.e.e.NodeEnvironment    ] [A1NR4Je] using [1] data paths, mounts [[/data (/dev/vdb1)]], net usable_space [76.2gb], net total_space [102.2gb], spins? [possibly], types [ext4]
[2017-09-15T11:42:10,564][INFO ][o.e.e.NodeEnvironment    ] [A1NR4Je] heap size [1.9gb], compressed ordinary object pointers [true]
[2017-09-15T11:42:10,573][INFO ][o.e.n.Node               ] node name [A1NR4Je] derived from node ID [A1NR4Je1RAGGCn8woFyTXg]; set [node.name] to override
[2017-09-15T11:42:10,573][INFO ][o.e.n.Node               ] version[5.5.2], pid[28812], build[b2f0c09/2017-08-14T12:33:14.154Z], OS[Linux/3.10.0-514.26.2.el7.x86_64/amd64], JVM[Oracle Corporation/Java HotSpot(TM) 64-Bit Server VM/1.8.0_144/25.144-b01]
[2017-09-15T11:42:10,573][INFO ][o.e.n.Node               ] JVM arguments [-Xms2g, -Xmx2g, -XX:+UseConcMarkSweepGC, -XX:CMSInitiatingOccupancyFraction=75, -XX:+UseCMSInitiatingOccupancyOnly, -XX:+AlwaysPreTouch, -Xss1m, -Djava.awt.headless=true, -Dfile.encoding=UTF-8, -Djna.nosys=true, -Djdk.io.permissionsUseCanonicalPath=true, -Dio.netty.noUnsafe=true, -Dio.netty.noKeySetOptimization=true, -Dio.netty.recycler.maxCapacityPerThread=0, -Dlog4j.shutdownHookEnabled=false, -Dlog4j2.disable.jmx=true, -Dlog4j.skipJansi=true, -XX:+HeapDumpOnOutOfMemoryError, -Des.path.home=/usr/local/elasticsearch-5.5.2]
[2017-09-15T11:42:11,516][INFO ][o.e.p.PluginsService     ] [A1NR4Je] loaded module [aggs-matrix-stats]
[2017-09-15T11:42:11,516][INFO ][o.e.p.PluginsService     ] [A1NR4Je] loaded module [ingest-common]
[2017-09-15T11:42:11,516][INFO ][o.e.p.PluginsService     ] [A1NR4Je] loaded module [lang-expression]
[2017-09-15T11:42:11,516][INFO ][o.e.p.PluginsService     ] [A1NR4Je] loaded module [lang-groovy]
[2017-09-15T11:42:11,516][INFO ][o.e.p.PluginsService     ] [A1NR4Je] loaded module [lang-mustache]
[2017-09-15T11:42:11,516][INFO ][o.e.p.PluginsService     ] [A1NR4Je] loaded module [lang-painless]
[2017-09-15T11:42:11,516][INFO ][o.e.p.PluginsService     ] [A1NR4Je] loaded module [parent-join]
[2017-09-15T11:42:11,517][INFO ][o.e.p.PluginsService     ] [A1NR4Je] loaded module [percolator]
[2017-09-15T11:42:11,517][INFO ][o.e.p.PluginsService     ] [A1NR4Je] loaded module [reindex]
[2017-09-15T11:42:11,517][INFO ][o.e.p.PluginsService     ] [A1NR4Je] loaded module [transport-netty3]
[2017-09-15T11:42:11,517][INFO ][o.e.p.PluginsService     ] [A1NR4Je] loaded module [transport-netty4]
[2017-09-15T11:42:11,517][INFO ][o.e.p.PluginsService     ] [A1NR4Je] loaded plugin [analysis-ik]
[2017-09-15T11:42:11,517][INFO ][o.e.p.PluginsService     ] [A1NR4Je] loaded plugin [elasticsearch-jakes-similarity]
[2017-09-15T11:42:12,887][INFO ][o.e.d.DiscoveryModule    ] [A1NR4Je] using discovery type [zen]
[2017-09-15T11:42:13,426][INFO ][o.e.n.Node               ] initialized
[2017-09-15T11:42:13,426][INFO ][o.e.n.Node               ] [A1NR4Je] starting ...
[2017-09-15T11:42:13,594][INFO ][o.e.t.TransportService   ] [A1NR4Je] publish_address {10.15.0.14:9300}, bound_addresses {0.0.0.0:9300}
[2017-09-15T11:42:13,602][INFO ][o.e.b.BootstrapChecks    ] [A1NR4Je] bound or publishing to a non-loopback or non-link-local address, enforcing bootstrap checks
[2017-09-15T11:42:16,659][INFO ][o.e.c.s.ClusterService   ] [A1NR4Je] new_master {A1NR4Je}{A1NR4Je1RAGGCn8woFyTXg}{VBkGSP-AQ0G1FU_E05G0eQ}{10.15.0.14}{10.15.0.14:9300}, reason: zen-disco-elected-as-master ([0] nodes joined)
[2017-09-15T11:42:16,676][INFO ][o.e.h.n.Netty4HttpServerTransport] [A1NR4Je] publish_address {10.15.0.14:9200}, bound_addresses {0.0.0.0:9200}
[2017-09-15T11:42:16,676][INFO ][o.e.n.Node               ] [A1NR4Je] started
[2017-09-15T11:42:16,708][INFO ][o.w.a.d.Monitor          ] try load config from /usr/local/elasticsearch-5.5.2/config/analysis-ik/IKAnalyzer.cfg.xml
[2017-09-15T11:42:16,709][INFO ][o.w.a.d.Monitor          ] try load config from /usr/local/elasticsearch-5.5.2/plugins/elasticsearch/config/IKAnalyzer.cfg.xml
[2017-09-15T11:42:17,125][INFO ][o.e.g.GatewayService     ] [A1NR4Je] recovered [3] indices into cluster_state
[2017-09-15T11:42:21,150][INFO ][o.e.c.r.a.AllocationService] [A1NR4Je] Cluster health status changed from [RED] to [YELLOW] (reason: [shards started [[jk_baike][0], [jk_ask][0]] ...]).
[2017-09-15T11:52:15,294][INFO ][o.e.n.Node               ] [] initializing ...
[2017-09-15T11:52:15,352][INFO ][o.e.e.NodeEnvironment    ] [A1NR4Je] using [1] data paths, mounts [[/data (/dev/vdb1)]], net usable_space [76.2gb], net total_space [102.2gb], spins? [possibly], types [ext4]
[2017-09-15T11:52:15,353][INFO ][o.e.e.NodeEnvironment    ] [A1NR4Je] heap size [1.9gb], compressed ordinary object pointers [true]
[2017-09-15T11:52:15,360][INFO ][o.e.n.Node               ] node name [A1NR4Je] derived from node ID [A1NR4Je1RAGGCn8woFyTXg]; set [node.name] to override
[2017-09-15T11:52:15,360][INFO ][o.e.n.Node               ] version[5.5.2], pid[28954], build[b2f0c09/2017-08-14T12:33:14.154Z], OS[Linux/3.10.0-514.26.2.el7.x86_64/amd64], JVM[Oracle Corporation/Java HotSpot(TM) 64-Bit Server VM/1.8.0_144/25.144-b01]
[2017-09-15T11:52:15,360][INFO ][o.e.n.Node               ] JVM arguments [-Xms2g, -Xmx2g, -XX:+UseConcMarkSweepGC, -XX:CMSInitiatingOccupancyFraction=75, -XX:+UseCMSInitiatingOccupancyOnly, -XX:+AlwaysPreTouch, -Xss1m, -Djava.awt.headless=true, -Dfile.encoding=UTF-8, -Djna.nosys=true, -Djdk.io.permissionsUseCanonicalPath=true, -Dio.netty.noUnsafe=true, -Dio.netty.noKeySetOptimization=true, -Dio.netty.recycler.maxCapacityPerThread=0, -Dlog4j.shutdownHookEnabled=false, -Dlog4j2.disable.jmx=true, -Dlog4j.skipJansi=true, -XX:+HeapDumpOnOutOfMemoryError, -Des.path.home=/usr/local/elasticsearch-5.5.2]
[2017-09-15T11:52:16,056][INFO ][o.e.p.PluginsService     ] [A1NR4Je] loaded module [aggs-matrix-stats]
[2017-09-15T11:52:16,056][INFO ][o.e.p.PluginsService     ] [A1NR4Je] loaded module [ingest-common]
[2017-09-15T11:52:16,056][INFO ][o.e.p.PluginsService     ] [A1NR4Je] loaded module [lang-expression]
[2017-09-15T11:52:16,056][INFO ][o.e.p.PluginsService     ] [A1NR4Je] loaded module [lang-groovy]
[2017-09-15T11:52:16,056][INFO ][o.e.p.PluginsService     ] [A1NR4Je] loaded module [lang-mustache]
[2017-09-15T11:52:16,057][INFO ][o.e.p.PluginsService     ] [A1NR4Je] loaded module [lang-painless]
[2017-09-15T11:52:16,057][INFO ][o.e.p.PluginsService     ] [A1NR4Je] loaded module [parent-join]
[2017-09-15T11:52:16,057][INFO ][o.e.p.PluginsService     ] [A1NR4Je] loaded module [percolator]
[2017-09-15T11:52:16,057][INFO ][o.e.p.PluginsService     ] [A1NR4Je] loaded module [reindex]
[2017-09-15T11:52:16,057][INFO ][o.e.p.PluginsService     ] [A1NR4Je] loaded module [transport-netty3]
[2017-09-15T11:52:16,057][INFO ][o.e.p.PluginsService     ] [A1NR4Je] loaded module [transport-netty4]
[2017-09-15T11:52:16,057][INFO ][o.e.p.PluginsService     ] [A1NR4Je] loaded plugin [analysis-ik]
[2017-09-15T11:52:16,058][INFO ][o.e.p.PluginsService     ] [A1NR4Je] loaded plugin [elasticsearch-jakes-similarity]
[2017-09-15T11:52:17,283][INFO ][o.e.d.DiscoveryModule    ] [A1NR4Je] using discovery type [zen]
[2017-09-15T11:52:17,757][INFO ][o.e.n.Node               ] initialized
[2017-09-15T11:52:17,758][INFO ][o.e.n.Node               ] [A1NR4Je] starting ...
[2017-09-15T11:52:17,881][INFO ][o.e.t.TransportService   ] [A1NR4Je] publish_address {10.15.0.14:9300}, bound_addresses {0.0.0.0:9300}
[2017-09-15T11:52:17,890][INFO ][o.e.b.BootstrapChecks    ] [A1NR4Je] bound or publishing to a non-loopback or non-link-local address, enforcing bootstrap checks
[2017-09-15T11:52:20,932][INFO ][o.e.c.s.ClusterService   ] [A1NR4Je] new_master {A1NR4Je}{A1NR4Je1RAGGCn8woFyTXg}{19QDhsADS7SJxFr_uMP7Og}{10.15.0.14}{10.15.0.14:9300}, reason: zen-disco-elected-as-master ([0] nodes joined)
[2017-09-15T11:52:20,947][INFO ][o.e.h.n.Netty4HttpServerTransport] [A1NR4Je] publish_address {10.15.0.14:9200}, bound_addresses {0.0.0.0:9200}
[2017-09-15T11:52:20,947][INFO ][o.e.n.Node               ] [A1NR4Je] started
[2017-09-15T11:52:20,982][INFO ][o.w.a.d.Monitor          ] try load config from /usr/local/elasticsearch-5.5.2/config/analysis-ik/IKAnalyzer.cfg.xml
[2017-09-15T11:52:20,983][INFO ][o.w.a.d.Monitor          ] try load config from /usr/local/elasticsearch-5.5.2/plugins/elasticsearch/config/IKAnalyzer.cfg.xml
[2017-09-15T11:52:21,280][INFO ][o.e.g.GatewayService     ] [A1NR4Je] recovered [3] indices into cluster_state
[2017-09-15T11:52:21,694][INFO ][o.e.c.r.a.AllocationService] [A1NR4Je] Cluster health status changed from [RED] to [YELLOW] (reason: [shards started [[jk_yaopin][0], [jk_ask][0]] ...]).
[2017-09-15T13:52:14,912][INFO ][o.e.n.Node               ] [A1NR4Je] stopping ...
[2017-09-15T13:52:14,938][INFO ][o.e.n.Node               ] [A1NR4Je] stopped
[2017-09-15T13:52:14,939][INFO ][o.e.n.Node               ] [A1NR4Je] closing ...
[2017-09-15T13:52:14,947][INFO ][o.e.n.Node               ] [A1NR4Je] closed
[2017-09-15T13:52:20,917][INFO ][o.e.n.Node               ] [] initializing ...
[2017-09-15T13:52:20,975][INFO ][o.e.e.NodeEnvironment    ] [A1NR4Je] using [1] data paths, mounts [[/data (/dev/vdb1)]], net usable_space [76gb], net total_space [102.2gb], spins? [possibly], types [ext4]
[2017-09-15T13:52:20,975][INFO ][o.e.e.NodeEnvironment    ] [A1NR4Je] heap size [1.9gb], compressed ordinary object pointers [true]
[2017-09-15T13:52:20,982][INFO ][o.e.n.Node               ] node name [A1NR4Je] derived from node ID [A1NR4Je1RAGGCn8woFyTXg]; set [node.name] to override
[2017-09-15T13:52:20,983][INFO ][o.e.n.Node               ] version[5.5.2], pid[31600], build[b2f0c09/2017-08-14T12:33:14.154Z], OS[Linux/3.10.0-514.26.2.el7.x86_64/amd64], JVM[Oracle Corporation/Java HotSpot(TM) 64-Bit Server VM/1.8.0_144/25.144-b01]
[2017-09-15T13:52:20,983][INFO ][o.e.n.Node               ] JVM arguments [-Xms2g, -Xmx2g, -XX:+UseConcMarkSweepGC, -XX:CMSInitiatingOccupancyFraction=75, -XX:+UseCMSInitiatingOccupancyOnly, -XX:+AlwaysPreTouch, -Xss1m, -Djava.awt.headless=true, -Dfile.encoding=UTF-8, -Djna.nosys=true, -Djdk.io.permissionsUseCanonicalPath=true, -Dio.netty.noUnsafe=true, -Dio.netty.noKeySetOptimization=true, -Dio.netty.recycler.maxCapacityPerThread=0, -Dlog4j.shutdownHookEnabled=false, -Dlog4j2.disable.jmx=true, -Dlog4j.skipJansi=true, -XX:+HeapDumpOnOutOfMemoryError, -Des.path.home=/usr/local/elasticsearch-5.5.2]
[2017-09-15T13:52:21,696][INFO ][o.e.p.PluginsService     ] [A1NR4Je] loaded module [aggs-matrix-stats]
[2017-09-15T13:52:21,696][INFO ][o.e.p.PluginsService     ] [A1NR4Je] loaded module [ingest-common]
[2017-09-15T13:52:21,696][INFO ][o.e.p.PluginsService     ] [A1NR4Je] loaded module [lang-expression]
[2017-09-15T13:52:21,697][INFO ][o.e.p.PluginsService     ] [A1NR4Je] loaded module [lang-groovy]
[2017-09-15T13:52:21,697][INFO ][o.e.p.PluginsService     ] [A1NR4Je] loaded module [lang-mustache]
[2017-09-15T13:52:21,697][INFO ][o.e.p.PluginsService     ] [A1NR4Je] loaded module [lang-painless]
[2017-09-15T13:52:21,697][INFO ][o.e.p.PluginsService     ] [A1NR4Je] loaded module [parent-join]
[2017-09-15T13:52:21,697][INFO ][o.e.p.PluginsService     ] [A1NR4Je] loaded module [percolator]
[2017-09-15T13:52:21,697][INFO ][o.e.p.PluginsService     ] [A1NR4Je] loaded module [reindex]
[2017-09-15T13:52:21,697][INFO ][o.e.p.PluginsService     ] [A1NR4Je] loaded module [transport-netty3]
[2017-09-15T13:52:21,697][INFO ][o.e.p.PluginsService     ] [A1NR4Je] loaded module [transport-netty4]
[2017-09-15T13:52:21,697][INFO ][o.e.p.PluginsService     ] [A1NR4Je] loaded plugin [analysis-ik]
[2017-09-15T13:52:21,697][INFO ][o.e.p.PluginsService     ] [A1NR4Je] loaded plugin [elasticsearch-jakes-similarity]
[2017-09-15T13:52:22,963][INFO ][o.e.d.DiscoveryModule    ] [A1NR4Je] using discovery type [zen]
[2017-09-15T13:52:23,508][INFO ][o.e.n.Node               ] initialized
[2017-09-15T13:52:23,508][INFO ][o.e.n.Node               ] [A1NR4Je] starting ...
[2017-09-15T13:52:23,681][INFO ][o.e.t.TransportService   ] [A1NR4Je] publish_address {10.15.0.14:9300}, bound_addresses {0.0.0.0:9300}
[2017-09-15T13:52:23,689][INFO ][o.e.b.BootstrapChecks    ] [A1NR4Je] bound or publishing to a non-loopback or non-link-local address, enforcing bootstrap checks
[2017-09-15T13:52:26,731][INFO ][o.e.c.s.ClusterService   ] [A1NR4Je] new_master {A1NR4Je}{A1NR4Je1RAGGCn8woFyTXg}{0Lxn4nqbTiGLA-xBttOwrQ}{10.15.0.14}{10.15.0.14:9300}, reason: zen-disco-elected-as-master ([0] nodes joined)
[2017-09-15T13:52:26,750][INFO ][o.e.h.n.Netty4HttpServerTransport] [A1NR4Je] publish_address {10.15.0.14:9200}, bound_addresses {0.0.0.0:9200}
[2017-09-15T13:52:26,750][INFO ][o.e.n.Node               ] [A1NR4Je] started
[2017-09-15T13:52:26,779][INFO ][o.w.a.d.Monitor          ] try load config from /usr/local/elasticsearch-5.5.2/config/analysis-ik/IKAnalyzer.cfg.xml
[2017-09-15T13:52:26,780][INFO ][o.w.a.d.Monitor          ] try load config from /usr/local/elasticsearch-5.5.2/plugins/elasticsearch/config/IKAnalyzer.cfg.xml
[2017-09-15T13:52:27,082][INFO ][o.e.g.GatewayService     ] [A1NR4Je] recovered [3] indices into cluster_state
[2017-09-15T13:52:27,431][INFO ][o.e.c.r.a.AllocationService] [A1NR4Je] Cluster health status changed from [RED] to [YELLOW] (reason: [shards started [[jk_ask][0]] ...]).
