[2017-09-13T10:32:11,615][INFO ][o.e.c.m.MetaDataCreateIndexService] [pTi7yfz] [jk_ask] creating index, cause [api], templates [], shards [5]/[1], mappings []
[2017-09-13T10:33:47,775][INFO ][o.e.c.m.MetaDataDeleteIndexService] [pTi7yfz] [jk_ask/qwIJ4FzFSHax0JfNvDisKw] deleting index
[2017-09-13T10:33:47,798][INFO ][o.e.c.m.MetaDataCreateIndexService] [pTi7yfz] [jk_ask] creating index, cause [api], templates [], shards [5]/[1], mappings []
[2017-09-13T10:43:24,136][INFO ][o.e.c.m.MetaDataDeleteIndexService] [pTi7yfz] [jk_ask/ZPLmMHX0QV6TOe45LDDc4A] deleting index
[2017-09-13T10:43:24,161][INFO ][o.e.c.m.MetaDataCreateIndexService] [pTi7yfz] [jk_ask] creating index, cause [api], templates [], shards [5]/[1], mappings []
[2017-09-13T10:43:24,239][DEBUG][o.e.a.a.i.m.p.TransportPutMappingAction] [pTi7yfz] failed to put mappings on indices [[[jk_ask/GoAiDunoT_aQXUJPUIPisw]]], type [details]
org.elasticsearch.index.mapper.MapperParsingException: Root mapping definition has unsupported parameters:  [settings : {similarity={default={type=jakes}}}]
	at org.elasticsearch.index.mapper.DocumentMapperParser.checkNoRemainingFields(DocumentMapperParser.java:151) ~[elasticsearch-5.5.2.jar:5.5.2]
	at org.elasticsearch.index.mapper.DocumentMapperParser.parse(DocumentMapperParser.java:139) ~[elasticsearch-5.5.2.jar:5.5.2]
	at org.elasticsearch.index.mapper.DocumentMapperParser.parse(DocumentMapperParser.java:91) ~[elasticsearch-5.5.2.jar:5.5.2]
	at org.elasticsearch.index.mapper.MapperService.parse(MapperService.java:644) ~[elasticsearch-5.5.2.jar:5.5.2]
	at org.elasticsearch.cluster.metadata.MetaDataMappingService$PutMappingExecutor.applyRequest(MetaDataMappingService.java:264) ~[elasticsearch-5.5.2.jar:5.5.2]
	at org.elasticsearch.cluster.metadata.MetaDataMappingService$PutMappingExecutor.execute(MetaDataMappingService.java:230) ~[elasticsearch-5.5.2.jar:5.5.2]
	at org.elasticsearch.cluster.service.ClusterService.executeTasks(ClusterService.java:634) ~[elasticsearch-5.5.2.jar:5.5.2]
	at org.elasticsearch.cluster.service.ClusterService.calculateTaskOutputs(ClusterService.java:612) ~[elasticsearch-5.5.2.jar:5.5.2]
	at org.elasticsearch.cluster.service.ClusterService.runTasks(ClusterService.java:571) [elasticsearch-5.5.2.jar:5.5.2]
	at org.elasticsearch.cluster.service.ClusterService$ClusterServiceTaskBatcher.run(ClusterService.java:263) [elasticsearch-5.5.2.jar:5.5.2]
	at org.elasticsearch.cluster.service.TaskBatcher.runIfNotProcessed(TaskBatcher.java:150) [elasticsearch-5.5.2.jar:5.5.2]
	at org.elasticsearch.cluster.service.TaskBatcher$BatchedTask.run(TaskBatcher.java:188) [elasticsearch-5.5.2.jar:5.5.2]
	at org.elasticsearch.common.util.concurrent.ThreadContext$ContextPreservingRunnable.run(ThreadContext.java:569) [elasticsearch-5.5.2.jar:5.5.2]
	at org.elasticsearch.common.util.concurrent.PrioritizedEsThreadPoolExecutor$TieBreakingPrioritizedRunnable.runAndClean(PrioritizedEsThreadPoolExecutor.java:247) [elasticsearch-5.5.2.jar:5.5.2]
	at org.elasticsearch.common.util.concurrent.PrioritizedEsThreadPoolExecutor$TieBreakingPrioritizedRunnable.run(PrioritizedEsThreadPoolExecutor.java:210) [elasticsearch-5.5.2.jar:5.5.2]
	at java.util.concurrent.ThreadPoolExecutor.runWorker(ThreadPoolExecutor.java:1149) [?:1.8.0_144]
	at java.util.concurrent.ThreadPoolExecutor$Worker.run(ThreadPoolExecutor.java:624) [?:1.8.0_144]
	at java.lang.Thread.run(Thread.java:748) [?:1.8.0_144]
[2017-09-13T10:47:11,679][INFO ][o.e.c.m.MetaDataDeleteIndexService] [pTi7yfz] [jk_ask/GoAiDunoT_aQXUJPUIPisw] deleting index
[2017-09-13T10:47:16,104][INFO ][o.e.c.m.MetaDataCreateIndexService] [pTi7yfz] [jk_ask] creating index, cause [api], templates [], shards [1]/[0], mappings [test]
[2017-09-13T10:48:35,044][INFO ][o.e.c.m.MetaDataDeleteIndexService] [pTi7yfz] [jk_ask/FQpdXZZ1Smqycaj7ms9RMA] deleting index
[2017-09-13T10:55:42,416][INFO ][o.e.c.m.MetaDataCreateIndexService] [pTi7yfz] [jk_ask] creating index, cause [api], templates [], shards [1]/[0], mappings [jk_ask]
[2017-09-13T10:57:32,781][INFO ][o.e.c.m.MetaDataDeleteIndexService] [pTi7yfz] [jk_ask/wt4dD4pZSxiQQ_Lk4vqjYg] deleting index
[2017-09-13T10:58:08,328][INFO ][o.e.c.m.MetaDataCreateIndexService] [pTi7yfz] [jk_ask] creating index, cause [api], templates [], shards [1]/[1], mappings [jk_ask]
[2017-09-13T11:04:23,434][INFO ][o.e.c.m.MetaDataMappingService] [pTi7yfz] [jk_ask/5E3BaA11RFGtluXeFGM7nw] create_mapping [details]
[2017-09-13T11:10:30,122][INFO ][o.e.c.m.MetaDataDeleteIndexService] [pTi7yfz] [jk_ask/5E3BaA11RFGtluXeFGM7nw] deleting index
[2017-09-13T11:22:39,625][INFO ][o.e.n.Node               ] [] initializing ...
[2017-09-13T11:22:39,677][INFO ][o.e.e.NodeEnvironment    ] [A1NR4Je] using [1] data paths, mounts [[/data (/dev/vdb1)]], net usable_space [96.9gb], net total_space [102.2gb], spins? [possibly], types [ext4]
[2017-09-13T11:22:39,678][INFO ][o.e.e.NodeEnvironment    ] [A1NR4Je] heap size [1.9gb], compressed ordinary object pointers [true]
[2017-09-13T11:22:39,678][INFO ][o.e.n.Node               ] node name [A1NR4Je] derived from node ID [A1NR4Je1RAGGCn8woFyTXg]; set [node.name] to override
[2017-09-13T11:22:39,679][INFO ][o.e.n.Node               ] version[5.5.2], pid[1209], build[b2f0c09/2017-08-14T12:33:14.154Z], OS[Linux/3.10.0-514.26.2.el7.x86_64/amd64], JVM[Oracle Corporation/Java HotSpot(TM) 64-Bit Server VM/1.8.0_144/25.144-b01]
[2017-09-13T11:22:39,679][INFO ][o.e.n.Node               ] JVM arguments [-Xms2g, -Xmx2g, -XX:+UseConcMarkSweepGC, -XX:CMSInitiatingOccupancyFraction=75, -XX:+UseCMSInitiatingOccupancyOnly, -XX:+AlwaysPreTouch, -Xss1m, -Djava.awt.headless=true, -Dfile.encoding=UTF-8, -Djna.nosys=true, -Djdk.io.permissionsUseCanonicalPath=true, -Dio.netty.noUnsafe=true, -Dio.netty.noKeySetOptimization=true, -Dio.netty.recycler.maxCapacityPerThread=0, -Dlog4j.shutdownHookEnabled=false, -Dlog4j2.disable.jmx=true, -Dlog4j.skipJansi=true, -XX:+HeapDumpOnOutOfMemoryError, -Des.path.home=/usr/local/elasticsearch-5.5.2]
[2017-09-13T11:22:40,353][INFO ][o.e.p.PluginsService     ] [A1NR4Je] loaded module [aggs-matrix-stats]
[2017-09-13T11:22:40,353][INFO ][o.e.p.PluginsService     ] [A1NR4Je] loaded module [ingest-common]
[2017-09-13T11:22:40,353][INFO ][o.e.p.PluginsService     ] [A1NR4Je] loaded module [lang-expression]
[2017-09-13T11:22:40,353][INFO ][o.e.p.PluginsService     ] [A1NR4Je] loaded module [lang-groovy]
[2017-09-13T11:22:40,353][INFO ][o.e.p.PluginsService     ] [A1NR4Je] loaded module [lang-mustache]
[2017-09-13T11:22:40,353][INFO ][o.e.p.PluginsService     ] [A1NR4Je] loaded module [lang-painless]
[2017-09-13T11:22:40,353][INFO ][o.e.p.PluginsService     ] [A1NR4Je] loaded module [parent-join]
[2017-09-13T11:22:40,353][INFO ][o.e.p.PluginsService     ] [A1NR4Je] loaded module [percolator]
[2017-09-13T11:22:40,353][INFO ][o.e.p.PluginsService     ] [A1NR4Je] loaded module [reindex]
[2017-09-13T11:22:40,354][INFO ][o.e.p.PluginsService     ] [A1NR4Je] loaded module [transport-netty3]
[2017-09-13T11:22:40,354][INFO ][o.e.p.PluginsService     ] [A1NR4Je] loaded module [transport-netty4]
[2017-09-13T11:22:40,354][INFO ][o.e.p.PluginsService     ] [A1NR4Je] loaded plugin [analysis-ik]
[2017-09-13T11:22:40,354][INFO ][o.e.p.PluginsService     ] [A1NR4Je] loaded plugin [elasticsearch-jakes-similarity]
[2017-09-13T11:22:41,544][INFO ][o.e.d.DiscoveryModule    ] [A1NR4Je] using discovery type [zen]
[2017-09-13T11:22:42,049][INFO ][o.e.n.Node               ] initialized
[2017-09-13T11:22:42,049][INFO ][o.e.n.Node               ] [A1NR4Je] starting ...
[2017-09-13T11:22:42,178][INFO ][o.e.t.TransportService   ] [A1NR4Je] publish_address {10.15.0.14:9300}, bound_addresses {0.0.0.0:9300}
[2017-09-13T11:22:42,187][INFO ][o.e.b.BootstrapChecks    ] [A1NR4Je] bound or publishing to a non-loopback or non-link-local address, enforcing bootstrap checks
[2017-09-13T11:22:45,241][INFO ][o.e.c.s.ClusterService   ] [A1NR4Je] new_master {A1NR4Je}{A1NR4Je1RAGGCn8woFyTXg}{zgMCInTNT-aRQLvlaD1lDg}{10.15.0.14}{10.15.0.14:9300}, reason: zen-disco-elected-as-master ([0] nodes joined)
[2017-09-13T11:22:45,263][INFO ][o.e.h.n.Netty4HttpServerTransport] [A1NR4Je] publish_address {10.15.0.14:9200}, bound_addresses {0.0.0.0:9200}
[2017-09-13T11:22:45,263][INFO ][o.e.n.Node               ] [A1NR4Je] started
[2017-09-13T11:22:45,267][INFO ][o.e.g.GatewayService     ] [A1NR4Je] recovered [0] indices into cluster_state
[2017-09-13T11:22:46,184][INFO ][o.e.n.Node               ] [A1NR4Je] stopping ...
[2017-09-13T11:22:46,197][INFO ][o.e.n.Node               ] [A1NR4Je] stopped
[2017-09-13T11:22:46,197][INFO ][o.e.n.Node               ] [A1NR4Je] closing ...
[2017-09-13T11:22:46,205][INFO ][o.e.n.Node               ] [A1NR4Je] closed
[2017-09-13T11:22:51,237][INFO ][o.e.n.Node               ] [] initializing ...
[2017-09-13T11:22:51,292][INFO ][o.e.e.NodeEnvironment    ] [A1NR4Je] using [1] data paths, mounts [[/data (/dev/vdb1)]], net usable_space [96.9gb], net total_space [102.2gb], spins? [possibly], types [ext4]
[2017-09-13T11:22:51,292][INFO ][o.e.e.NodeEnvironment    ] [A1NR4Je] heap size [1.9gb], compressed ordinary object pointers [true]
[2017-09-13T11:22:51,293][INFO ][o.e.n.Node               ] node name [A1NR4Je] derived from node ID [A1NR4Je1RAGGCn8woFyTXg]; set [node.name] to override
[2017-09-13T11:22:51,293][INFO ][o.e.n.Node               ] version[5.5.2], pid[1340], build[b2f0c09/2017-08-14T12:33:14.154Z], OS[Linux/3.10.0-514.26.2.el7.x86_64/amd64], JVM[Oracle Corporation/Java HotSpot(TM) 64-Bit Server VM/1.8.0_144/25.144-b01]
[2017-09-13T11:22:51,293][INFO ][o.e.n.Node               ] JVM arguments [-Xms2g, -Xmx2g, -XX:+UseConcMarkSweepGC, -XX:CMSInitiatingOccupancyFraction=75, -XX:+UseCMSInitiatingOccupancyOnly, -XX:+AlwaysPreTouch, -Xss1m, -Djava.awt.headless=true, -Dfile.encoding=UTF-8, -Djna.nosys=true, -Djdk.io.permissionsUseCanonicalPath=true, -Dio.netty.noUnsafe=true, -Dio.netty.noKeySetOptimization=true, -Dio.netty.recycler.maxCapacityPerThread=0, -Dlog4j.shutdownHookEnabled=false, -Dlog4j2.disable.jmx=true, -Dlog4j.skipJansi=true, -XX:+HeapDumpOnOutOfMemoryError, -Des.path.home=/usr/local/elasticsearch-5.5.2]
[2017-09-13T11:22:51,956][INFO ][o.e.p.PluginsService     ] [A1NR4Je] loaded module [aggs-matrix-stats]
[2017-09-13T11:22:51,956][INFO ][o.e.p.PluginsService     ] [A1NR4Je] loaded module [ingest-common]
[2017-09-13T11:22:51,956][INFO ][o.e.p.PluginsService     ] [A1NR4Je] loaded module [lang-expression]
[2017-09-13T11:22:51,956][INFO ][o.e.p.PluginsService     ] [A1NR4Je] loaded module [lang-groovy]
[2017-09-13T11:22:51,956][INFO ][o.e.p.PluginsService     ] [A1NR4Je] loaded module [lang-mustache]
[2017-09-13T11:22:51,956][INFO ][o.e.p.PluginsService     ] [A1NR4Je] loaded module [lang-painless]
[2017-09-13T11:22:51,956][INFO ][o.e.p.PluginsService     ] [A1NR4Je] loaded module [parent-join]
[2017-09-13T11:22:51,956][INFO ][o.e.p.PluginsService     ] [A1NR4Je] loaded module [percolator]
[2017-09-13T11:22:51,957][INFO ][o.e.p.PluginsService     ] [A1NR4Je] loaded module [reindex]
[2017-09-13T11:22:51,957][INFO ][o.e.p.PluginsService     ] [A1NR4Je] loaded module [transport-netty3]
[2017-09-13T11:22:51,957][INFO ][o.e.p.PluginsService     ] [A1NR4Je] loaded module [transport-netty4]
[2017-09-13T11:22:51,957][INFO ][o.e.p.PluginsService     ] [A1NR4Je] loaded plugin [analysis-ik]
[2017-09-13T11:22:51,957][INFO ][o.e.p.PluginsService     ] [A1NR4Je] loaded plugin [elasticsearch-jakes-similarity]
[2017-09-13T11:22:53,193][INFO ][o.e.d.DiscoveryModule    ] [A1NR4Je] using discovery type [zen]
[2017-09-13T11:22:53,611][INFO ][o.e.n.Node               ] initialized
[2017-09-13T11:22:53,611][INFO ][o.e.n.Node               ] [A1NR4Je] starting ...
[2017-09-13T11:22:53,728][INFO ][o.e.t.TransportService   ] [A1NR4Je] publish_address {10.15.0.14:9300}, bound_addresses {0.0.0.0:9300}
[2017-09-13T11:22:53,736][INFO ][o.e.b.BootstrapChecks    ] [A1NR4Je] bound or publishing to a non-loopback or non-link-local address, enforcing bootstrap checks
[2017-09-13T11:22:56,778][INFO ][o.e.c.s.ClusterService   ] [A1NR4Je] new_master {A1NR4Je}{A1NR4Je1RAGGCn8woFyTXg}{ddC3YYsxSPOcrYdlxKni_w}{10.15.0.14}{10.15.0.14:9300}, reason: zen-disco-elected-as-master ([0] nodes joined)
[2017-09-13T11:22:56,796][INFO ][o.e.h.n.Netty4HttpServerTransport] [A1NR4Je] publish_address {10.15.0.14:9200}, bound_addresses {0.0.0.0:9200}
[2017-09-13T11:22:56,796][INFO ][o.e.n.Node               ] [A1NR4Je] started
[2017-09-13T11:22:56,797][INFO ][o.e.g.GatewayService     ] [A1NR4Je] recovered [0] indices into cluster_state
[2017-09-13T11:23:28,437][INFO ][o.w.a.d.Monitor          ] try load config from /usr/local/elasticsearch-5.5.2/config/analysis-ik/IKAnalyzer.cfg.xml
[2017-09-13T11:23:28,437][INFO ][o.w.a.d.Monitor          ] try load config from /usr/local/elasticsearch-5.5.2/plugins/elasticsearch/config/IKAnalyzer.cfg.xml
[2017-09-13T11:23:28,738][INFO ][o.e.c.m.MetaDataCreateIndexService] [A1NR4Je] [jk_ask] creating index, cause [api], templates [], shards [1]/[1], mappings [jk_ask]
[2017-09-13T11:23:45,225][INFO ][o.e.c.m.MetaDataMappingService] [A1NR4Je] [jk_ask/EqWVJN1eTR6vX-oyctlwlA] create_mapping [details]
