[2017-09-19T15:44:15,084][DEBUG][o.e.a.s.TransportSearchAction] [A1NR4Je] [jk_ask][0], node[A1NR4Je1RAGGCn8woFyTXg], [P], s[STARTED], a[id=Aua6uxKBTAaC0t6-bvRACA]: Failed to execute [SearchRequest{searchType=QUERY_THEN_FETCH, indices=[jk_ask], indicesOptions=IndicesOptions[id=38, ignore_unavailable=false, allow_no_indices=true, expand_wildcards_open=true, expand_wildcards_closed=false, allow_alisases_to_multiple_indices=true, forbid_closed_indices=true], types=[details], routing='null', preference='null', requestCache=null, scroll=null, source={
  "from" : 9990,
  "size" : 20,
  "query" : {
    "bool" : {
      "must" : [
        {
          "multi_match" : {
            "query" : "感冒",
            "fields" : [
              "content^2.0",
              "title^5.0"
            ],
            "type" : "best_fields",
            "operator" : "OR",
            "slop" : 0,
            "prefix_length" : 0,
            "max_expansions" : 50,
            "minimum_should_match" : "90%",
            "lenient" : false,
            "zero_terms_query" : "NONE",
            "boost" : 1.0
          }
        }
      ],
      "should" : [
        {
          "match_phrase" : {
            "title" : {
              "query" : "感冒",
              "slop" : 0,
              "boost" : 1.0
            }
          }
        },
        {
          "match_phrase" : {
            "content" : {
              "query" : "感冒",
              "slop" : 0,
              "boost" : 1.0
            }
          }
        }
      ],
      "disable_coord" : true,
      "adjust_pure_negative" : true,
      "boost" : 1.0
    }
  },
  "_source" : {
    "includes" : [
      "id",
      "title",
      "content",
      "is_took",
      "inputtime"
    ],
    "excludes" : [ ]
  },
  "sort" : [
    {
      "is_took" : {
        "order" : "desc"
      }
    },
    {
      "_score" : {
        "order" : "desc"
      }
    }
  ],
  "highlight" : {
    "pre_tags" : [
      "&ltem&gt"
    ],
    "post_tags" : [
      "&lt/em&gt"
    ],
    "fields" : {
      "title" : { },
      "content" : { }
    }
  }
}}]
org.elasticsearch.transport.RemoteTransportException: [A1NR4Je][10.15.0.14:9300][indices:data/read/search[phase/query]]
Caused by: org.elasticsearch.search.query.QueryPhaseExecutionException: Result window is too large, from + size must be less than or equal to: [10000] but was [10010]. See the scroll api for a more efficient way to request large data sets. This limit can be set by changing the [index.max_result_window] index level setting.
	at org.elasticsearch.search.DefaultSearchContext.preProcess(DefaultSearchContext.java:203) ~[elasticsearch-5.5.2.jar:5.5.2]
	at org.elasticsearch.search.query.QueryPhase.preProcess(QueryPhase.java:90) ~[elasticsearch-5.5.2.jar:5.5.2]
	at org.elasticsearch.search.SearchService.createContext(SearchService.java:493) ~[elasticsearch-5.5.2.jar:5.5.2]
	at org.elasticsearch.search.SearchService.createAndPutContext(SearchService.java:457) ~[elasticsearch-5.5.2.jar:5.5.2]
	at org.elasticsearch.search.SearchService.executeQueryPhase(SearchService.java:253) ~[elasticsearch-5.5.2.jar:5.5.2]
	at org.elasticsearch.action.search.SearchTransportService$6.messageReceived(SearchTransportService.java:330) ~[elasticsearch-5.5.2.jar:5.5.2]
	at org.elasticsearch.action.search.SearchTransportService$6.messageReceived(SearchTransportService.java:327) ~[elasticsearch-5.5.2.jar:5.5.2]
	at org.elasticsearch.transport.RequestHandlerRegistry.processMessageReceived(RequestHandlerRegistry.java:69) ~[elasticsearch-5.5.2.jar:5.5.2]
	at org.elasticsearch.transport.TransportService$7.doRun(TransportService.java:644) [elasticsearch-5.5.2.jar:5.5.2]
	at org.elasticsearch.common.util.concurrent.ThreadContext$ContextPreservingAbstractRunnable.doRun(ThreadContext.java:638) [elasticsearch-5.5.2.jar:5.5.2]
	at org.elasticsearch.common.util.concurrent.AbstractRunnable.run(AbstractRunnable.java:37) [elasticsearch-5.5.2.jar:5.5.2]
	at java.util.concurrent.ThreadPoolExecutor.runWorker(ThreadPoolExecutor.java:1149) [?:1.8.0_144]
	at java.util.concurrent.ThreadPoolExecutor$Worker.run(ThreadPoolExecutor.java:624) [?:1.8.0_144]
	at java.lang.Thread.run(Thread.java:748) [?:1.8.0_144]
[2017-09-19T15:44:15,125][DEBUG][o.e.a.s.TransportSearchAction] [A1NR4Je] All shards failed for phase: [query]
org.elasticsearch.search.query.QueryPhaseExecutionException: Result window is too large, from + size must be less than or equal to: [10000] but was [10010]. See the scroll api for a more efficient way to request large data sets. This limit can be set by changing the [index.max_result_window] index level setting.
	at org.elasticsearch.search.DefaultSearchContext.preProcess(DefaultSearchContext.java:203) ~[elasticsearch-5.5.2.jar:5.5.2]
	at org.elasticsearch.search.query.QueryPhase.preProcess(QueryPhase.java:90) ~[elasticsearch-5.5.2.jar:5.5.2]
	at org.elasticsearch.search.SearchService.createContext(SearchService.java:493) ~[elasticsearch-5.5.2.jar:5.5.2]
	at org.elasticsearch.search.SearchService.createAndPutContext(SearchService.java:457) ~[elasticsearch-5.5.2.jar:5.5.2]
	at org.elasticsearch.search.SearchService.executeQueryPhase(SearchService.java:253) ~[elasticsearch-5.5.2.jar:5.5.2]
	at org.elasticsearch.action.search.SearchTransportService$6.messageReceived(SearchTransportService.java:330) ~[elasticsearch-5.5.2.jar:5.5.2]
	at org.elasticsearch.action.search.SearchTransportService$6.messageReceived(SearchTransportService.java:327) ~[elasticsearch-5.5.2.jar:5.5.2]
	at org.elasticsearch.transport.RequestHandlerRegistry.processMessageReceived(RequestHandlerRegistry.java:69) ~[elasticsearch-5.5.2.jar:5.5.2]
	at org.elasticsearch.transport.TransportService$7.doRun(TransportService.java:644) [elasticsearch-5.5.2.jar:5.5.2]
	at org.elasticsearch.common.util.concurrent.ThreadContext$ContextPreservingAbstractRunnable.doRun(ThreadContext.java:638) [elasticsearch-5.5.2.jar:5.5.2]
	at org.elasticsearch.common.util.concurrent.AbstractRunnable.run(AbstractRunnable.java:37) [elasticsearch-5.5.2.jar:5.5.2]
	at java.util.concurrent.ThreadPoolExecutor.runWorker(ThreadPoolExecutor.java:1149) [?:1.8.0_144]
	at java.util.concurrent.ThreadPoolExecutor$Worker.run(ThreadPoolExecutor.java:624) [?:1.8.0_144]
	at java.lang.Thread.run(Thread.java:748) [?:1.8.0_144]
[2017-09-19T15:44:15,126][WARN ][r.suppressed             ] path: /jk_ask/details/_search, params: {size=20, index=jk_ask, from=9990, type=details}
org.elasticsearch.action.search.SearchPhaseExecutionException: all shards failed
	at org.elasticsearch.action.search.AbstractSearchAsyncAction.onPhaseFailure(AbstractSearchAsyncAction.java:271) [elasticsearch-5.5.2.jar:5.5.2]
	at org.elasticsearch.action.search.AbstractSearchAsyncAction.executeNextPhase(AbstractSearchAsyncAction.java:129) [elasticsearch-5.5.2.jar:5.5.2]
	at org.elasticsearch.action.search.AbstractSearchAsyncAction.onPhaseDone(AbstractSearchAsyncAction.java:240) [elasticsearch-5.5.2.jar:5.5.2]
	at org.elasticsearch.action.search.InitialSearchPhase.onShardFailure(InitialSearchPhase.java:88) [elasticsearch-5.5.2.jar:5.5.2]
	at org.elasticsearch.action.search.InitialSearchPhase.access$100(InitialSearchPhase.java:47) [elasticsearch-5.5.2.jar:5.5.2]
	at org.elasticsearch.action.search.InitialSearchPhase$1.onFailure(InitialSearchPhase.java:156) [elasticsearch-5.5.2.jar:5.5.2]
	at org.elasticsearch.action.ActionListenerResponseHandler.handleException(ActionListenerResponseHandler.java:51) [elasticsearch-5.5.2.jar:5.5.2]
	at org.elasticsearch.transport.TransportService$ContextRestoreResponseHandler.handleException(TransportService.java:1067) [elasticsearch-5.5.2.jar:5.5.2]
	at org.elasticsearch.transport.TransportService$DirectResponseChannel.processException(TransportService.java:1171) [elasticsearch-5.5.2.jar:5.5.2]
	at org.elasticsearch.transport.TransportService$DirectResponseChannel.sendResponse(TransportService.java:1149) [elasticsearch-5.5.2.jar:5.5.2]
	at org.elasticsearch.transport.TransportService$7.onFailure(TransportService.java:655) [elasticsearch-5.5.2.jar:5.5.2]
	at org.elasticsearch.common.util.concurrent.ThreadContext$ContextPreservingAbstractRunnable.onFailure(ThreadContext.java:623) [elasticsearch-5.5.2.jar:5.5.2]
	at org.elasticsearch.common.util.concurrent.AbstractRunnable.run(AbstractRunnable.java:39) [elasticsearch-5.5.2.jar:5.5.2]
	at java.util.concurrent.ThreadPoolExecutor.runWorker(ThreadPoolExecutor.java:1149) [?:1.8.0_144]
	at java.util.concurrent.ThreadPoolExecutor$Worker.run(ThreadPoolExecutor.java:624) [?:1.8.0_144]
	at java.lang.Thread.run(Thread.java:748) [?:1.8.0_144]
Caused by: org.elasticsearch.search.query.QueryPhaseExecutionException: Result window is too large, from + size must be less than or equal to: [10000] but was [10010]. See the scroll api for a more efficient way to request large data sets. This limit can be set by changing the [index.max_result_window] index level setting.
	at org.elasticsearch.search.DefaultSearchContext.preProcess(DefaultSearchContext.java:203) ~[elasticsearch-5.5.2.jar:5.5.2]
	at org.elasticsearch.search.query.QueryPhase.preProcess(QueryPhase.java:90) ~[elasticsearch-5.5.2.jar:5.5.2]
	at org.elasticsearch.search.SearchService.createContext(SearchService.java:493) ~[elasticsearch-5.5.2.jar:5.5.2]
	at org.elasticsearch.search.SearchService.createAndPutContext(SearchService.java:457) ~[elasticsearch-5.5.2.jar:5.5.2]
	at org.elasticsearch.search.SearchService.executeQueryPhase(SearchService.java:253) ~[elasticsearch-5.5.2.jar:5.5.2]
	at org.elasticsearch.action.search.SearchTransportService$6.messageReceived(SearchTransportService.java:330) ~[elasticsearch-5.5.2.jar:5.5.2]
	at org.elasticsearch.action.search.SearchTransportService$6.messageReceived(SearchTransportService.java:327) ~[elasticsearch-5.5.2.jar:5.5.2]
	at org.elasticsearch.transport.RequestHandlerRegistry.processMessageReceived(RequestHandlerRegistry.java:69) ~[elasticsearch-5.5.2.jar:5.5.2]
	at org.elasticsearch.transport.TransportService$7.doRun(TransportService.java:644) ~[elasticsearch-5.5.2.jar:5.5.2]
	at org.elasticsearch.common.util.concurrent.ThreadContext$ContextPreservingAbstractRunnable.doRun(ThreadContext.java:638) ~[elasticsearch-5.5.2.jar:5.5.2]
	at org.elasticsearch.common.util.concurrent.AbstractRunnable.run(AbstractRunnable.java:37) ~[elasticsearch-5.5.2.jar:5.5.2]
	... 3 more
