[2017-10-25T13:35:33,311][WARN ][o.e.d.r.RestController   ] Content type detection for rest requests is deprecated. Specify the content type using the [Content-Type] header.
[2017-10-25T13:47:09,348][WARN ][o.e.d.r.RestController   ] Content type detection for rest requests is deprecated. Specify the content type using the [Content-Type] header.
[2017-10-25T15:11:07,263][WARN ][o.e.d.r.RestController   ] Content type detection for rest requests is deprecated. Specify the content type using the [Content-Type] header.
[2017-10-25T15:11:07,302][WARN ][o.e.d.i.m.TypeParsers    ] Expected a boolean [true/false] for property [index] but got [not_analyzed]
[2017-10-25T15:11:07,333][WARN ][o.e.d.i.m.TypeParsers    ] Expected a boolean [true/false] for property [index] but got [not_analyzed]
[2017-10-25T15:11:07,429][WARN ][o.e.d.r.RestController   ] Content type detection for rest requests is deprecated. Specify the content type using the [Content-Type] header.
[2017-10-25T15:11:07,433][WARN ][o.e.d.i.m.TypeParsers    ] Expected a boolean [true/false] for property [index] but got [not_analyzed]
[2017-10-25T15:11:07,433][WARN ][o.e.d.i.m.TypeParsers    ] Expected a boolean [true/false] for property [index] but got [not_analyzed]
[2017-10-31T09:54:51,897][WARN ][o.e.d.r.a.a.i.RestAnalyzeAction] field request parameter is deprecated and will be removed in the next major release. Please use the JSON in the request body instead request param
[2017-10-31T09:56:20,438][WARN ][o.e.d.r.a.a.i.RestAnalyzeAction] text request parameter is deprecated and will be removed in the next major release. Please use the JSON in the request body instead request param
[2017-10-31T09:56:20,439][WARN ][o.e.d.r.a.a.i.RestAnalyzeAction] field request parameter is deprecated and will be removed in the next major release. Please use the JSON in the request body instead request param
[2017-10-31T09:58:04,436][WARN ][o.e.d.r.a.a.i.RestAnalyzeAction] text request parameter is deprecated and will be removed in the next major release. Please use the JSON in the request body instead request param
[2017-10-31T09:58:04,436][WARN ][o.e.d.r.a.a.i.RestAnalyzeAction] field request parameter is deprecated and will be removed in the next major release. Please use the JSON in the request body instead request param
[2017-10-31T09:58:04,436][WARN ][o.e.d.r.a.a.i.RestAnalyzeAction] explain request parameter is deprecated and will be removed in the next major release. Please use the JSON in the request body instead request param
[2017-10-31T09:58:16,153][WARN ][o.e.d.r.a.a.i.RestAnalyzeAction] text request parameter is deprecated and will be removed in the next major release. Please use the JSON in the request body instead request param
[2017-10-31T09:58:16,153][WARN ][o.e.d.r.a.a.i.RestAnalyzeAction] field request parameter is deprecated and will be removed in the next major release. Please use the JSON in the request body instead request param
[2017-10-31T09:58:16,153][WARN ][o.e.d.r.a.a.i.RestAnalyzeAction] explain request parameter is deprecated and will be removed in the next major release. Please use the JSON in the request body instead request param
[2017-10-31T10:15:20,976][WARN ][o.e.d.r.a.a.i.RestAnalyzeAction] text request parameter is deprecated and will be removed in the next major release. Please use the JSON in the request body instead request param
[2017-10-31T10:15:20,976][WARN ][o.e.d.r.a.a.i.RestAnalyzeAction] field request parameter is deprecated and will be removed in the next major release. Please use the JSON in the request body instead request param
[2017-10-31T10:15:20,976][WARN ][o.e.d.r.a.a.i.RestAnalyzeAction] explain request parameter is deprecated and will be removed in the next major release. Please use the JSON in the request body instead request param
[2017-10-31T13:52:19,372][WARN ][o.e.d.r.RestController   ] Content type detection for rest requests is deprecated. Specify the content type using the [Content-Type] header.
[2017-10-31T13:52:19,429][WARN ][o.e.d.i.m.TypeParsers    ] Expected a boolean [true/false] for property [index] but got [no]
[2017-10-31T13:52:19,429][WARN ][o.e.d.i.m.TypeParsers    ] Expected a boolean [true/false] for property [index] but got [no]
[2017-10-31T13:52:19,429][WARN ][o.e.d.i.m.TypeParsers    ] Expected a boolean [true/false] for property [index] but got [no]
[2017-11-01T17:11:36,086][WARN ][o.e.d.r.RestController   ] Content type detection for rest requests is deprecated. Specify the content type using the [Content-Type] header.
[2017-11-01T17:12:03,939][WARN ][o.e.d.r.RestController   ] Content type detection for rest requests is deprecated. Specify the content type using the [Content-Type] header.
[2017-11-01T17:12:52,562][WARN ][o.e.d.r.RestController   ] Content type detection for rest requests is deprecated. Specify the content type using the [Content-Type] header.
[2017-11-06T15:07:05,542][WARN ][o.e.d.r.RestController   ] Content type detection for rest requests is deprecated. Specify the content type using the [Content-Type] header.
[2017-11-06T15:07:05,570][WARN ][o.e.d.i.m.TypeParsers    ] Expected a boolean [true/false] for property [index] but got [no]
[2017-11-06T15:07:05,570][WARN ][o.e.d.i.m.TypeParsers    ] Expected a boolean [true/false] for property [index] but got [no]
[2017-11-06T15:07:05,571][WARN ][o.e.d.i.m.TypeParsers    ] Expected a boolean [true/false] for property [index] but got [no]
[2017-11-06T15:07:05,571][WARN ][o.e.d.i.m.TypeParsers    ] Expected a boolean [true/false] for property [index] but got [no]
[2017-11-06T15:12:30,167][WARN ][o.e.d.r.RestController   ] Content type detection for rest requests is deprecated. Specify the content type using the [Content-Type] header.
[2017-11-06T15:12:30,171][WARN ][o.e.d.i.m.TypeParsers    ] Expected a boolean [true/false] for property [index] but got [no]
[2017-11-06T15:12:30,171][WARN ][o.e.d.i.m.TypeParsers    ] Expected a boolean [true/false] for property [index] but got [no]
[2017-11-06T15:12:30,171][WARN ][o.e.d.i.m.TypeParsers    ] Expected a boolean [true/false] for property [index] but got [no]
[2017-11-06T15:12:30,171][WARN ][o.e.d.i.m.TypeParsers    ] Expected a boolean [true/false] for property [index] but got [no]
[2017-11-06T15:12:30,172][WARN ][o.e.d.i.m.TypeParsers    ] Expected a boolean [true/false] for property [index] but got [no]
[2017-11-06T16:41:22,220][WARN ][o.e.d.r.RestController   ] Content type detection for rest requests is deprecated. Specify the content type using the [Content-Type] header.
[2017-11-06T16:41:32,232][WARN ][o.e.d.r.RestController   ] Content type detection for rest requests is deprecated. Specify the content type using the [Content-Type] header.
[2017-11-06T16:41:56,517][WARN ][o.e.d.r.RestController   ] Content type detection for rest requests is deprecated. Specify the content type using the [Content-Type] header.
[2017-11-06T16:43:29,589][WARN ][o.e.d.r.RestController   ] Content type detection for rest requests is deprecated. Specify the content type using the [Content-Type] header.
[2017-11-06T16:44:39,482][WARN ][o.e.d.r.RestController   ] Content type detection for rest requests is deprecated. Specify the content type using the [Content-Type] header.
[2017-11-06T16:45:16,817][WARN ][o.e.d.r.RestController   ] Content type detection for rest requests is deprecated. Specify the content type using the [Content-Type] header.
[2017-11-06T16:48:30,176][WARN ][o.e.d.r.RestController   ] Content type detection for rest requests is deprecated. Specify the content type using the [Content-Type] header.
[2017-11-06T16:50:15,411][WARN ][o.e.d.r.RestController   ] Content type detection for rest requests is deprecated. Specify the content type using the [Content-Type] header.
[2017-11-06T16:50:46,952][WARN ][o.e.d.r.RestController   ] Content type detection for rest requests is deprecated. Specify the content type using the [Content-Type] header.
[2017-11-06T16:51:18,335][WARN ][o.e.d.r.RestController   ] Content type detection for rest requests is deprecated. Specify the content type using the [Content-Type] header.
[2017-11-06T16:51:49,548][WARN ][o.e.d.r.RestController   ] Content type detection for rest requests is deprecated. Specify the content type using the [Content-Type] header.
[2017-11-06T16:52:11,361][WARN ][o.e.d.r.RestController   ] Content type detection for rest requests is deprecated. Specify the content type using the [Content-Type] header.
[2017-11-06T16:55:44,379][WARN ][o.e.d.r.RestController   ] Content type detection for rest requests is deprecated. Specify the content type using the [Content-Type] header.
[2017-11-06T16:56:24,394][WARN ][o.e.d.r.RestController   ] Content type detection for rest requests is deprecated. Specify the content type using the [Content-Type] header.
[2017-11-06T16:56:55,408][WARN ][o.e.d.r.RestController   ] Content type detection for rest requests is deprecated. Specify the content type using the [Content-Type] header.
[2017-11-06T17:05:54,543][WARN ][o.e.d.r.RestController   ] Content type detection for rest requests is deprecated. Specify the content type using the [Content-Type] header.
[2017-11-06T17:19:44,376][WARN ][o.e.d.r.RestController   ] Content type detection for rest requests is deprecated. Specify the content type using the [Content-Type] header.
[2017-11-06T17:20:33,366][WARN ][o.e.d.r.RestController   ] Content type detection for rest requests is deprecated. Specify the content type using the [Content-Type] header.
[2017-11-06T17:23:57,039][WARN ][o.e.d.r.RestController   ] Content type detection for rest requests is deprecated. Specify the content type using the [Content-Type] header.
[2017-11-06T18:13:44,000][WARN ][o.e.d.r.RestController   ] Content type detection for rest requests is deprecated. Specify the content type using the [Content-Type] header.
[2017-11-06T18:14:22,452][WARN ][o.e.d.r.RestController   ] Content type detection for rest requests is deprecated. Specify the content type using the [Content-Type] header.
[2017-11-06T18:14:36,190][WARN ][o.e.d.r.RestController   ] Content type detection for rest requests is deprecated. Specify the content type using the [Content-Type] header.
[2017-11-06T18:15:08,873][WARN ][o.e.d.r.RestController   ] Content type detection for rest requests is deprecated. Specify the content type using the [Content-Type] header.
[2017-11-06T18:18:27,385][WARN ][o.e.d.r.RestController   ] Content type detection for rest requests is deprecated. Specify the content type using the [Content-Type] header.
[2017-11-06T18:19:01,245][WARN ][o.e.d.r.RestController   ] Content type detection for rest requests is deprecated. Specify the content type using the [Content-Type] header.
[2017-11-06T18:23:29,546][WARN ][o.e.d.r.RestController   ] Content type detection for rest requests is deprecated. Specify the content type using the [Content-Type] header.
[2017-11-06T18:23:45,199][WARN ][o.e.d.r.RestController   ] Content type detection for rest requests is deprecated. Specify the content type using the [Content-Type] header.
[2017-11-06T18:23:49,779][WARN ][o.e.d.r.RestController   ] Content type detection for rest requests is deprecated. Specify the content type using the [Content-Type] header.
[2017-11-06T18:25:02,038][WARN ][o.e.d.r.RestController   ] Content type detection for rest requests is deprecated. Specify the content type using the [Content-Type] header.
[2017-11-06T18:25:03,973][WARN ][o.e.d.r.RestController   ] Content type detection for rest requests is deprecated. Specify the content type using the [Content-Type] header.
[2017-11-06T18:25:06,377][WARN ][o.e.d.r.RestController   ] Content type detection for rest requests is deprecated. Specify the content type using the [Content-Type] header.
[2017-11-06T18:25:13,977][WARN ][o.e.d.r.RestController   ] Content type detection for rest requests is deprecated. Specify the content type using the [Content-Type] header.
[2017-11-06T18:25:15,698][WARN ][o.e.d.r.RestController   ] Content type detection for rest requests is deprecated. Specify the content type using the [Content-Type] header.
[2017-11-06T18:25:18,188][WARN ][o.e.d.r.RestController   ] Content type detection for rest requests is deprecated. Specify the content type using the [Content-Type] header.
[2017-11-06T18:25:20,077][WARN ][o.e.d.r.RestController   ] Content type detection for rest requests is deprecated. Specify the content type using the [Content-Type] header.
[2017-11-06T18:25:41,303][WARN ][o.e.d.r.RestController   ] Content type detection for rest requests is deprecated. Specify the content type using the [Content-Type] header.
[2017-11-06T18:26:07,527][WARN ][o.e.d.r.RestController   ] Content type detection for rest requests is deprecated. Specify the content type using the [Content-Type] header.
[2017-11-06T18:26:11,428][WARN ][o.e.d.r.RestController   ] Content type detection for rest requests is deprecated. Specify the content type using the [Content-Type] header.
[2017-11-06T18:26:12,338][WARN ][o.e.d.r.RestController   ] Content type detection for rest requests is deprecated. Specify the content type using the [Content-Type] header.
[2017-11-06T18:26:20,434][WARN ][o.e.d.r.RestController   ] Content type detection for rest requests is deprecated. Specify the content type using the [Content-Type] header.
[2017-11-06T18:26:37,724][WARN ][o.e.d.r.RestController   ] Content type detection for rest requests is deprecated. Specify the content type using the [Content-Type] header.
[2017-11-06T18:26:57,299][WARN ][o.e.d.r.RestController   ] Content type detection for rest requests is deprecated. Specify the content type using the [Content-Type] header.
[2017-11-06T18:27:27,245][WARN ][o.e.d.r.RestController   ] Content type detection for rest requests is deprecated. Specify the content type using the [Content-Type] header.
[2017-11-06T18:27:34,201][WARN ][o.e.d.r.RestController   ] Content type detection for rest requests is deprecated. Specify the content type using the [Content-Type] header.
[2017-11-06T18:28:17,000][WARN ][o.e.d.r.RestController   ] Content type detection for rest requests is deprecated. Specify the content type using the [Content-Type] header.
[2017-11-06T18:28:20,275][WARN ][o.e.d.r.RestController   ] Content type detection for rest requests is deprecated. Specify the content type using the [Content-Type] header.
[2017-11-06T18:28:26,039][WARN ][o.e.d.r.RestController   ] Content type detection for rest requests is deprecated. Specify the content type using the [Content-Type] header.
[2017-11-06T18:29:17,271][WARN ][o.e.d.r.RestController   ] Content type detection for rest requests is deprecated. Specify the content type using the [Content-Type] header.
[2017-11-06T18:29:31,883][WARN ][o.e.d.r.RestController   ] Content type detection for rest requests is deprecated. Specify the content type using the [Content-Type] header.
[2017-11-06T18:29:43,841][WARN ][o.e.d.r.RestController   ] Content type detection for rest requests is deprecated. Specify the content type using the [Content-Type] header.
[2017-11-06T18:30:35,618][WARN ][o.e.d.r.RestController   ] Content type detection for rest requests is deprecated. Specify the content type using the [Content-Type] header.
[2017-11-06T18:31:40,513][WARN ][o.e.d.r.RestController   ] Content type detection for rest requests is deprecated. Specify the content type using the [Content-Type] header.
[2017-11-06T18:31:46,282][WARN ][o.e.d.r.RestController   ] Content type detection for rest requests is deprecated. Specify the content type using the [Content-Type] header.
[2017-11-06T18:31:54,717][WARN ][o.e.d.r.RestController   ] Content type detection for rest requests is deprecated. Specify the content type using the [Content-Type] header.
[2017-11-06T18:36:38,294][WARN ][o.e.d.r.RestController   ] Content type detection for rest requests is deprecated. Specify the content type using the [Content-Type] header.
[2017-11-06T18:36:49,478][WARN ][o.e.d.r.RestController   ] Content type detection for rest requests is deprecated. Specify the content type using the [Content-Type] header.
[2017-11-06T18:49:58,629][WARN ][o.e.d.r.RestController   ] Content type detection for rest requests is deprecated. Specify the content type using the [Content-Type] header.
[2017-11-06T18:52:20,539][WARN ][o.e.d.r.RestController   ] Content type detection for rest requests is deprecated. Specify the content type using the [Content-Type] header.
[2017-11-06T18:52:20,542][WARN ][o.e.d.i.m.TypeParsers    ] Expected a boolean [true/false] for property [index] but got [no]
[2017-11-06T18:52:20,542][WARN ][o.e.d.i.m.TypeParsers    ] Expected a boolean [true/false] for property [index] but got [no]
[2017-11-06T18:52:20,542][WARN ][o.e.d.i.m.TypeParsers    ] Expected a boolean [true/false] for property [index] but got [no]
[2017-11-06T18:52:20,543][WARN ][o.e.d.i.m.TypeParsers    ] Expected a boolean [true/false] for property [index] but got [no]
[2017-11-06T18:53:13,158][WARN ][o.e.d.r.RestController   ] Content type detection for rest requests is deprecated. Specify the content type using the [Content-Type] header.
[2017-11-06T18:53:13,161][WARN ][o.e.d.i.m.TypeParsers    ] Expected a boolean [true/false] for property [index] but got [no]
[2017-11-06T18:53:13,162][WARN ][o.e.d.i.m.TypeParsers    ] Expected a boolean [true/false] for property [index] but got [no]
[2017-11-06T18:53:13,162][WARN ][o.e.d.i.m.TypeParsers    ] Expected a boolean [true/false] for property [index] but got [no]
[2017-11-06T18:53:13,162][WARN ][o.e.d.i.m.TypeParsers    ] Expected a boolean [true/false] for property [index] but got [no]
[2017-11-06T18:54:12,621][WARN ][o.e.d.r.RestController   ] Content type detection for rest requests is deprecated. Specify the content type using the [Content-Type] header.
[2017-11-06T18:54:12,625][WARN ][o.e.d.i.m.TypeParsers    ] Expected a boolean [true/false] for property [index] but got [no]
[2017-11-06T18:54:12,625][WARN ][o.e.d.i.m.TypeParsers    ] Expected a boolean [true/false] for property [index] but got [no]
[2017-11-06T18:54:12,625][WARN ][o.e.d.i.m.TypeParsers    ] Expected a boolean [true/false] for property [index] but got [no]
[2017-11-06T18:54:12,625][WARN ][o.e.d.i.m.TypeParsers    ] Expected a boolean [true/false] for property [index] but got [no]
[2017-11-06T19:10:46,416][WARN ][o.e.d.r.RestController   ] Content type detection for rest requests is deprecated. Specify the content type using the [Content-Type] header.
[2017-11-06T19:10:46,443][WARN ][o.e.d.i.m.TypeParsers    ] Expected a boolean [true/false] for property [index] but got [no]
[2017-11-06T19:10:46,443][WARN ][o.e.d.i.m.TypeParsers    ] Expected a boolean [true/false] for property [index] but got [no]
[2017-11-06T19:10:46,443][WARN ][o.e.d.i.m.TypeParsers    ] Expected a boolean [true/false] for property [index] but got [no]
[2017-11-06T19:10:46,443][WARN ][o.e.d.i.m.TypeParsers    ] Expected a boolean [true/false] for property [index] but got [no]
[2017-11-06T19:12:30,050][WARN ][o.e.d.r.RestController   ] Content type detection for rest requests is deprecated. Specify the content type using the [Content-Type] header.
[2017-11-06T19:12:30,054][WARN ][o.e.d.i.m.TypeParsers    ] Expected a boolean [true/false] for property [index] but got [no]
[2017-11-06T19:12:30,054][WARN ][o.e.d.i.m.TypeParsers    ] Expected a boolean [true/false] for property [index] but got [no]
[2017-11-06T19:12:30,054][WARN ][o.e.d.i.m.TypeParsers    ] Expected a boolean [true/false] for property [index] but got [no]
[2017-11-06T19:12:30,054][WARN ][o.e.d.i.m.TypeParsers    ] Expected a boolean [true/false] for property [index] but got [no]
[2017-11-06T19:13:46,475][WARN ][o.e.d.r.RestController   ] Content type detection for rest requests is deprecated. Specify the content type using the [Content-Type] header.
[2017-11-06T19:15:25,293][WARN ][o.e.d.r.RestController   ] Content type detection for rest requests is deprecated. Specify the content type using the [Content-Type] header.
[2017-11-06T19:22:55,546][WARN ][o.e.d.r.RestController   ] Content type detection for rest requests is deprecated. Specify the content type using the [Content-Type] header.
[2017-11-06T22:12:42,393][WARN ][o.e.d.r.RestController   ] Content type detection for rest requests is deprecated. Specify the content type using the [Content-Type] header.
[2017-11-06T22:12:42,456][WARN ][o.e.d.i.m.TypeParsers    ] Expected a boolean [true/false] for property [index] but got [no]
[2017-11-06T22:12:42,457][WARN ][o.e.d.i.m.TypeParsers    ] Expected a boolean [true/false] for property [index] but got [no]
[2017-11-06T22:12:42,457][WARN ][o.e.d.i.m.TypeParsers    ] Expected a boolean [true/false] for property [index] but got [no]
[2017-11-06T22:12:42,457][WARN ][o.e.d.i.m.TypeParsers    ] Expected a boolean [true/false] for property [index] but got [no]
[2017-11-06T22:13:20,708][WARN ][o.e.d.r.RestController   ] Content type detection for rest requests is deprecated. Specify the content type using the [Content-Type] header.
[2017-11-06T22:13:20,711][WARN ][o.e.d.i.m.TypeParsers    ] Expected a boolean [true/false] for property [index] but got [no]
[2017-11-06T22:13:20,711][WARN ][o.e.d.i.m.TypeParsers    ] Expected a boolean [true/false] for property [index] but got [no]
[2017-11-06T22:13:20,711][WARN ][o.e.d.i.m.TypeParsers    ] Expected a boolean [true/false] for property [index] but got [no]
[2017-11-06T22:13:20,711][WARN ][o.e.d.i.m.TypeParsers    ] Expected a boolean [true/false] for property [index] but got [no]
[2017-11-06T22:21:07,544][WARN ][o.e.d.r.RestController   ] Content type detection for rest requests is deprecated. Specify the content type using the [Content-Type] header.
[2017-11-06T22:21:07,549][WARN ][o.e.d.i.m.TypeParsers    ] Expected a boolean [true/false] for property [index] but got [no]
[2017-11-06T22:21:07,549][WARN ][o.e.d.i.m.TypeParsers    ] Expected a boolean [true/false] for property [index] but got [no]
[2017-11-06T22:21:07,549][WARN ][o.e.d.i.m.TypeParsers    ] Expected a boolean [true/false] for property [index] but got [no]
[2017-11-06T22:21:07,549][WARN ][o.e.d.i.m.TypeParsers    ] Expected a boolean [true/false] for property [index] but got [no]
[2017-11-07T15:38:04,924][WARN ][o.e.d.r.RestController   ] Content type detection for rest requests is deprecated. Specify the content type using the [Content-Type] header.
[2017-11-07T15:38:05,017][WARN ][o.e.d.i.m.TypeParsers    ] Expected a boolean [true/false] for property [index] but got [no]
[2017-11-07T15:38:05,018][WARN ][o.e.d.i.m.TypeParsers    ] Expected a boolean [true/false] for property [index] but got [no]
[2017-11-07T15:38:05,018][WARN ][o.e.d.i.m.TypeParsers    ] Expected a boolean [true/false] for property [index] but got [no]
[2017-11-07T15:38:05,018][WARN ][o.e.d.i.m.TypeParsers    ] Expected a boolean [true/false] for property [index] but got [no]
[2017-11-07T15:38:05,018][WARN ][o.e.d.i.m.TypeParsers    ] Expected a boolean [true/false] for property [index] but got [no]
[2017-11-07T15:38:05,018][WARN ][o.e.d.i.m.TypeParsers    ] Expected a boolean [true/false] for property [index] but got [no]
[2017-11-07T16:31:07,900][WARN ][o.e.d.r.RestController   ] Content type detection for rest requests is deprecated. Specify the content type using the [Content-Type] header.
[2017-11-07T16:31:10,100][WARN ][o.e.d.r.RestController   ] Content type detection for rest requests is deprecated. Specify the content type using the [Content-Type] header.
[2017-11-07T16:31:12,671][WARN ][o.e.d.r.RestController   ] Content type detection for rest requests is deprecated. Specify the content type using the [Content-Type] header.
[2017-11-07T16:31:15,875][WARN ][o.e.d.r.RestController   ] Content type detection for rest requests is deprecated. Specify the content type using the [Content-Type] header.
[2017-11-07T16:32:22,125][WARN ][o.e.d.r.RestController   ] Content type detection for rest requests is deprecated. Specify the content type using the [Content-Type] header.
[2017-11-07T16:32:31,839][WARN ][o.e.d.r.RestController   ] Content type detection for rest requests is deprecated. Specify the content type using the [Content-Type] header.
[2017-11-07T16:32:45,464][WARN ][o.e.d.r.RestController   ] Content type detection for rest requests is deprecated. Specify the content type using the [Content-Type] header.
[2017-11-07T16:32:53,393][WARN ][o.e.d.r.RestController   ] Content type detection for rest requests is deprecated. Specify the content type using the [Content-Type] header.
[2017-11-07T16:33:05,744][WARN ][o.e.d.r.RestController   ] Content type detection for rest requests is deprecated. Specify the content type using the [Content-Type] header.
[2017-11-07T16:35:52,891][WARN ][o.e.d.r.RestController   ] Content type detection for rest requests is deprecated. Specify the content type using the [Content-Type] header.
[2017-11-07T16:36:40,349][WARN ][o.e.d.r.RestController   ] Content type detection for rest requests is deprecated. Specify the content type using the [Content-Type] header.
[2017-11-07T16:36:44,422][WARN ][o.e.d.r.RestController   ] Content type detection for rest requests is deprecated. Specify the content type using the [Content-Type] header.
[2017-11-07T16:36:53,867][WARN ][o.e.d.r.RestController   ] Content type detection for rest requests is deprecated. Specify the content type using the [Content-Type] header.
[2017-11-07T16:37:03,410][WARN ][o.e.d.r.RestController   ] Content type detection for rest requests is deprecated. Specify the content type using the [Content-Type] header.
[2017-11-07T16:37:25,019][WARN ][o.e.d.r.RestController   ] Content type detection for rest requests is deprecated. Specify the content type using the [Content-Type] header.
[2017-11-07T16:37:32,733][WARN ][o.e.d.r.RestController   ] Content type detection for rest requests is deprecated. Specify the content type using the [Content-Type] header.
[2017-11-07T16:37:37,499][WARN ][o.e.d.r.RestController   ] Content type detection for rest requests is deprecated. Specify the content type using the [Content-Type] header.
[2017-11-07T16:41:26,213][WARN ][o.e.d.r.RestController   ] Content type detection for rest requests is deprecated. Specify the content type using the [Content-Type] header.
[2017-11-07T16:42:19,967][WARN ][o.e.d.r.RestController   ] Content type detection for rest requests is deprecated. Specify the content type using the [Content-Type] header.
[2017-11-07T16:42:37,634][WARN ][o.e.d.r.RestController   ] Content type detection for rest requests is deprecated. Specify the content type using the [Content-Type] header.
[2017-11-07T16:55:27,430][WARN ][o.e.d.r.RestController   ] Content type detection for rest requests is deprecated. Specify the content type using the [Content-Type] header.
[2017-11-07T16:55:52,902][WARN ][o.e.d.r.RestController   ] Content type detection for rest requests is deprecated. Specify the content type using the [Content-Type] header.
[2017-11-07T16:57:50,211][WARN ][o.e.d.r.RestController   ] Content type detection for rest requests is deprecated. Specify the content type using the [Content-Type] header.
[2017-11-07T17:00:29,656][WARN ][o.e.d.r.RestController   ] Content type detection for rest requests is deprecated. Specify the content type using the [Content-Type] header.
[2017-11-07T17:09:36,550][WARN ][o.e.d.r.RestController   ] Content type detection for rest requests is deprecated. Specify the content type using the [Content-Type] header.
[2017-11-07T17:16:24,326][WARN ][o.e.d.r.RestController   ] Content type detection for rest requests is deprecated. Specify the content type using the [Content-Type] header.
[2017-11-07T17:18:52,533][WARN ][o.e.d.r.RestController   ] Content type detection for rest requests is deprecated. Specify the content type using the [Content-Type] header.
[2017-11-07T17:20:49,220][WARN ][o.e.d.r.RestController   ] Content type detection for rest requests is deprecated. Specify the content type using the [Content-Type] header.
[2017-11-07T17:20:51,876][WARN ][o.e.d.r.RestController   ] Content type detection for rest requests is deprecated. Specify the content type using the [Content-Type] header.
[2017-11-07T17:20:52,679][WARN ][o.e.d.r.RestController   ] Content type detection for rest requests is deprecated. Specify the content type using the [Content-Type] header.
[2017-11-07T17:20:53,286][WARN ][o.e.d.r.RestController   ] Content type detection for rest requests is deprecated. Specify the content type using the [Content-Type] header.
[2017-11-07T17:20:53,378][WARN ][o.e.d.r.RestController   ] Content type detection for rest requests is deprecated. Specify the content type using the [Content-Type] header.
[2017-11-07T17:20:54,176][WARN ][o.e.d.r.RestController   ] Content type detection for rest requests is deprecated. Specify the content type using the [Content-Type] header.
[2017-11-07T17:27:12,724][WARN ][o.e.d.r.RestController   ] Content type detection for rest requests is deprecated. Specify the content type using the [Content-Type] header.
[2017-11-07T17:31:56,722][WARN ][o.e.d.r.RestController   ] Content type detection for rest requests is deprecated. Specify the content type using the [Content-Type] header.
[2017-11-07T17:36:16,273][WARN ][o.e.d.r.RestController   ] Content type detection for rest requests is deprecated. Specify the content type using the [Content-Type] header.
[2017-11-07T17:38:09,160][WARN ][o.e.d.r.RestController   ] Content type detection for rest requests is deprecated. Specify the content type using the [Content-Type] header.
[2017-11-07T17:39:58,485][WARN ][o.e.d.r.RestController   ] Content type detection for rest requests is deprecated. Specify the content type using the [Content-Type] header.
[2017-11-07T17:41:08,374][WARN ][o.e.d.r.RestController   ] Content type detection for rest requests is deprecated. Specify the content type using the [Content-Type] header.
[2017-11-07T17:44:48,893][WARN ][o.e.d.r.RestController   ] Content type detection for rest requests is deprecated. Specify the content type using the [Content-Type] header.
[2017-11-07T17:45:29,052][WARN ][o.e.d.r.RestController   ] Content type detection for rest requests is deprecated. Specify the content type using the [Content-Type] header.
[2017-11-07T17:45:32,788][WARN ][o.e.d.r.RestController   ] Content type detection for rest requests is deprecated. Specify the content type using the [Content-Type] header.
[2017-11-07T17:50:02,803][WARN ][o.e.d.r.RestController   ] Content type detection for rest requests is deprecated. Specify the content type using the [Content-Type] header.
[2017-11-07T17:51:44,225][WARN ][o.e.d.r.RestController   ] Content type detection for rest requests is deprecated. Specify the content type using the [Content-Type] header.
[2017-11-07T17:52:57,975][WARN ][o.e.d.r.RestController   ] Content type detection for rest requests is deprecated. Specify the content type using the [Content-Type] header.
[2017-11-07T17:53:36,958][WARN ][o.e.d.r.RestController   ] Content type detection for rest requests is deprecated. Specify the content type using the [Content-Type] header.
[2017-11-07T17:54:21,524][WARN ][o.e.d.r.RestController   ] Content type detection for rest requests is deprecated. Specify the content type using the [Content-Type] header.
[2017-11-07T17:56:06,732][WARN ][o.e.d.r.RestController   ] Content type detection for rest requests is deprecated. Specify the content type using the [Content-Type] header.
[2017-11-07T17:57:15,255][WARN ][o.e.d.r.RestController   ] Content type detection for rest requests is deprecated. Specify the content type using the [Content-Type] header.
[2017-11-07T17:58:22,193][WARN ][o.e.d.r.RestController   ] Content type detection for rest requests is deprecated. Specify the content type using the [Content-Type] header.
[2017-11-07T18:02:06,337][WARN ][o.e.d.r.RestController   ] Content type detection for rest requests is deprecated. Specify the content type using the [Content-Type] header.
[2017-11-07T18:03:06,993][WARN ][o.e.d.r.RestController   ] Content type detection for rest requests is deprecated. Specify the content type using the [Content-Type] header.
[2017-11-07T18:06:57,335][WARN ][o.e.d.r.RestController   ] Content type detection for rest requests is deprecated. Specify the content type using the [Content-Type] header.
[2017-11-07T18:09:38,778][WARN ][o.e.d.r.RestController   ] Content type detection for rest requests is deprecated. Specify the content type using the [Content-Type] header.
[2017-11-07T18:11:45,196][WARN ][o.e.d.r.RestController   ] Content type detection for rest requests is deprecated. Specify the content type using the [Content-Type] header.
[2017-11-07T18:14:16,495][WARN ][o.e.d.r.RestController   ] Content type detection for rest requests is deprecated. Specify the content type using the [Content-Type] header.
[2017-11-07T18:16:29,786][WARN ][o.e.d.r.RestController   ] Content type detection for rest requests is deprecated. Specify the content type using the [Content-Type] header.
[2017-11-07T18:24:16,973][WARN ][o.e.d.r.RestController   ] Content type detection for rest requests is deprecated. Specify the content type using the [Content-Type] header.
[2017-11-07T18:24:47,666][WARN ][o.e.d.r.RestController   ] Content type detection for rest requests is deprecated. Specify the content type using the [Content-Type] header.
[2017-11-07T18:25:24,462][WARN ][o.e.d.r.RestController   ] Content type detection for rest requests is deprecated. Specify the content type using the [Content-Type] header.
[2017-11-07T18:27:45,696][WARN ][o.e.d.r.RestController   ] Content type detection for rest requests is deprecated. Specify the content type using the [Content-Type] header.
[2017-11-08T12:40:49,411][WARN ][o.e.d.r.RestController   ] Content type detection for rest requests is deprecated. Specify the content type using the [Content-Type] header.
[2017-11-08T12:42:41,901][WARN ][o.e.d.r.RestController   ] Content type detection for rest requests is deprecated. Specify the content type using the [Content-Type] header.
[2017-11-08T12:44:10,105][WARN ][o.e.d.r.RestController   ] Content type detection for rest requests is deprecated. Specify the content type using the [Content-Type] header.
[2017-11-08T12:44:23,906][WARN ][o.e.d.r.RestController   ] Content type detection for rest requests is deprecated. Specify the content type using the [Content-Type] header.
[2017-11-08T14:04:39,038][WARN ][o.e.d.r.RestController   ] Content type detection for rest requests is deprecated. Specify the content type using the [Content-Type] header.
[2017-11-08T17:14:09,480][WARN ][o.e.d.r.RestController   ] Content type detection for rest requests is deprecated. Specify the content type using the [Content-Type] header.
[2017-11-08T17:14:37,934][WARN ][o.e.d.r.RestController   ] Content type detection for rest requests is deprecated. Specify the content type using the [Content-Type] header.
[2017-11-08T17:19:35,749][WARN ][o.e.d.r.RestController   ] Content type detection for rest requests is deprecated. Specify the content type using the [Content-Type] header.
[2017-11-08T17:21:11,518][WARN ][o.e.d.r.RestController   ] Content type detection for rest requests is deprecated. Specify the content type using the [Content-Type] header.
[2017-11-08T17:21:54,272][WARN ][o.e.d.r.RestController   ] Content type detection for rest requests is deprecated. Specify the content type using the [Content-Type] header.
[2017-11-08T17:21:54,903][WARN ][o.e.d.r.RestController   ] Content type detection for rest requests is deprecated. Specify the content type using the [Content-Type] header.
[2017-11-08T17:21:55,679][WARN ][o.e.d.r.RestController   ] Content type detection for rest requests is deprecated. Specify the content type using the [Content-Type] header.
[2017-11-08T17:21:56,228][WARN ][o.e.d.r.RestController   ] Content type detection for rest requests is deprecated. Specify the content type using the [Content-Type] header.
[2017-11-08T17:21:56,774][WARN ][o.e.d.r.RestController   ] Content type detection for rest requests is deprecated. Specify the content type using the [Content-Type] header.
[2017-11-08T17:21:57,302][WARN ][o.e.d.r.RestController   ] Content type detection for rest requests is deprecated. Specify the content type using the [Content-Type] header.
[2017-11-08T17:21:57,826][WARN ][o.e.d.r.RestController   ] Content type detection for rest requests is deprecated. Specify the content type using the [Content-Type] header.
[2017-11-08T17:23:21,530][WARN ][o.e.d.r.RestController   ] Content type detection for rest requests is deprecated. Specify the content type using the [Content-Type] header.
[2017-11-08T17:23:22,557][WARN ][o.e.d.r.RestController   ] Content type detection for rest requests is deprecated. Specify the content type using the [Content-Type] header.
[2017-11-08T17:23:22,875][WARN ][o.e.d.r.RestController   ] Content type detection for rest requests is deprecated. Specify the content type using the [Content-Type] header.
[2017-11-08T17:28:06,468][WARN ][o.e.d.r.RestController   ] Content type detection for rest requests is deprecated. Specify the content type using the [Content-Type] header.
[2017-11-08T17:28:33,258][WARN ][o.e.d.r.RestController   ] Content type detection for rest requests is deprecated. Specify the content type using the [Content-Type] header.
[2017-11-08T17:29:35,898][WARN ][o.e.d.r.RestController   ] Content type detection for rest requests is deprecated. Specify the content type using the [Content-Type] header.
[2017-11-08T17:29:37,942][WARN ][o.e.d.r.RestController   ] Content type detection for rest requests is deprecated. Specify the content type using the [Content-Type] header.
[2017-11-08T17:30:06,634][WARN ][o.e.d.r.RestController   ] Content type detection for rest requests is deprecated. Specify the content type using the [Content-Type] header.
[2017-11-08T17:35:50,523][WARN ][o.e.d.r.RestController   ] Content type detection for rest requests is deprecated. Specify the content type using the [Content-Type] header.
[2017-11-08T17:36:19,887][WARN ][o.e.d.r.RestController   ] Content type detection for rest requests is deprecated. Specify the content type using the [Content-Type] header.
[2017-11-08T17:36:23,443][WARN ][o.e.d.r.RestController   ] Content type detection for rest requests is deprecated. Specify the content type using the [Content-Type] header.
[2017-11-08T17:37:04,984][WARN ][o.e.d.r.RestController   ] Content type detection for rest requests is deprecated. Specify the content type using the [Content-Type] header.
[2017-11-08T17:38:10,953][WARN ][o.e.d.r.RestController   ] Content type detection for rest requests is deprecated. Specify the content type using the [Content-Type] header.
[2017-11-08T17:38:27,697][WARN ][o.e.d.r.RestController   ] Content type detection for rest requests is deprecated. Specify the content type using the [Content-Type] header.
[2017-11-08T17:41:54,483][WARN ][o.e.d.r.RestController   ] Content type detection for rest requests is deprecated. Specify the content type using the [Content-Type] header.
[2017-11-08T17:46:25,256][WARN ][o.e.d.r.RestController   ] Content type detection for rest requests is deprecated. Specify the content type using the [Content-Type] header.
[2017-11-08T17:49:28,064][WARN ][o.e.d.r.RestController   ] Content type detection for rest requests is deprecated. Specify the content type using the [Content-Type] header.
[2017-11-08T17:49:50,494][WARN ][o.e.d.r.RestController   ] Content type detection for rest requests is deprecated. Specify the content type using the [Content-Type] header.
[2017-11-08T17:51:24,457][WARN ][o.e.d.r.RestController   ] Content type detection for rest requests is deprecated. Specify the content type using the [Content-Type] header.
[2017-11-08T17:53:11,454][WARN ][o.e.d.r.RestController   ] Content type detection for rest requests is deprecated. Specify the content type using the [Content-Type] header.
[2017-11-08T17:53:40,094][WARN ][o.e.d.r.RestController   ] Content type detection for rest requests is deprecated. Specify the content type using the [Content-Type] header.
[2017-11-08T17:53:51,311][WARN ][o.e.d.r.RestController   ] Content type detection for rest requests is deprecated. Specify the content type using the [Content-Type] header.
[2017-11-08T17:53:59,817][WARN ][o.e.d.r.RestController   ] Content type detection for rest requests is deprecated. Specify the content type using the [Content-Type] header.
[2017-11-08T17:54:12,471][WARN ][o.e.d.r.RestController   ] Content type detection for rest requests is deprecated. Specify the content type using the [Content-Type] header.
[2017-11-08T17:54:34,302][WARN ][o.e.d.r.RestController   ] Content type detection for rest requests is deprecated. Specify the content type using the [Content-Type] header.
[2017-11-08T17:55:18,039][WARN ][o.e.d.r.RestController   ] Content type detection for rest requests is deprecated. Specify the content type using the [Content-Type] header.
[2017-11-08T17:55:19,228][WARN ][o.e.d.r.RestController   ] Content type detection for rest requests is deprecated. Specify the content type using the [Content-Type] header.
[2017-11-08T17:55:34,048][WARN ][o.e.d.r.RestController   ] Content type detection for rest requests is deprecated. Specify the content type using the [Content-Type] header.
[2017-11-08T17:55:46,555][WARN ][o.e.d.r.RestController   ] Content type detection for rest requests is deprecated. Specify the content type using the [Content-Type] header.
[2017-11-08T17:56:19,737][WARN ][o.e.d.r.RestController   ] Content type detection for rest requests is deprecated. Specify the content type using the [Content-Type] header.
[2017-11-08T17:56:21,706][WARN ][o.e.d.r.RestController   ] Content type detection for rest requests is deprecated. Specify the content type using the [Content-Type] header.
[2017-11-08T17:57:06,882][WARN ][o.e.d.r.RestController   ] Content type detection for rest requests is deprecated. Specify the content type using the [Content-Type] header.
[2017-11-08T17:59:51,705][WARN ][o.e.d.r.RestController   ] Content type detection for rest requests is deprecated. Specify the content type using the [Content-Type] header.
[2017-11-08T18:00:27,674][WARN ][o.e.d.r.RestController   ] Content type detection for rest requests is deprecated. Specify the content type using the [Content-Type] header.
[2017-11-08T18:00:44,739][WARN ][o.e.d.r.RestController   ] Content type detection for rest requests is deprecated. Specify the content type using the [Content-Type] header.
[2017-11-08T18:03:10,853][WARN ][o.e.d.r.RestController   ] Content type detection for rest requests is deprecated. Specify the content type using the [Content-Type] header.
[2017-11-08T18:04:02,814][WARN ][o.e.d.r.RestController   ] Content type detection for rest requests is deprecated. Specify the content type using the [Content-Type] header.
[2017-11-08T18:04:25,893][WARN ][o.e.d.r.RestController   ] Content type detection for rest requests is deprecated. Specify the content type using the [Content-Type] header.
[2017-11-08T18:04:35,213][WARN ][o.e.d.r.RestController   ] Content type detection for rest requests is deprecated. Specify the content type using the [Content-Type] header.
[2017-11-08T18:08:19,341][WARN ][o.e.d.r.RestController   ] Content type detection for rest requests is deprecated. Specify the content type using the [Content-Type] header.
[2017-11-08T18:08:51,268][WARN ][o.e.d.r.RestController   ] Content type detection for rest requests is deprecated. Specify the content type using the [Content-Type] header.
[2017-11-08T18:19:28,441][WARN ][o.e.d.r.RestController   ] Content type detection for rest requests is deprecated. Specify the content type using the [Content-Type] header.
[2017-11-08T18:20:07,801][WARN ][o.e.d.r.RestController   ] Content type detection for rest requests is deprecated. Specify the content type using the [Content-Type] header.
[2017-11-08T18:20:49,313][WARN ][o.e.d.r.RestController   ] Content type detection for rest requests is deprecated. Specify the content type using the [Content-Type] header.
[2017-11-08T18:21:38,496][WARN ][o.e.d.r.RestController   ] Content type detection for rest requests is deprecated. Specify the content type using the [Content-Type] header.
[2017-11-08T18:23:00,830][WARN ][o.e.d.r.RestController   ] Content type detection for rest requests is deprecated. Specify the content type using the [Content-Type] header.
[2017-11-08T18:23:38,190][WARN ][o.e.d.r.RestController   ] Content type detection for rest requests is deprecated. Specify the content type using the [Content-Type] header.
[2017-11-08T18:24:14,695][WARN ][o.e.d.r.RestController   ] Content type detection for rest requests is deprecated. Specify the content type using the [Content-Type] header.
[2017-11-08T18:24:45,842][WARN ][o.e.d.r.RestController   ] Content type detection for rest requests is deprecated. Specify the content type using the [Content-Type] header.
[2017-11-08T18:24:59,396][WARN ][o.e.d.r.RestController   ] Content type detection for rest requests is deprecated. Specify the content type using the [Content-Type] header.
[2017-11-08T18:25:04,111][WARN ][o.e.d.r.RestController   ] Content type detection for rest requests is deprecated. Specify the content type using the [Content-Type] header.
[2017-11-08T18:25:28,553][WARN ][o.e.d.r.RestController   ] Content type detection for rest requests is deprecated. Specify the content type using the [Content-Type] header.
[2017-11-08T18:25:31,102][WARN ][o.e.d.r.RestController   ] Content type detection for rest requests is deprecated. Specify the content type using the [Content-Type] header.
[2017-11-08T18:25:33,036][WARN ][o.e.d.r.RestController   ] Content type detection for rest requests is deprecated. Specify the content type using the [Content-Type] header.
[2017-11-08T18:25:35,556][WARN ][o.e.d.r.RestController   ] Content type detection for rest requests is deprecated. Specify the content type using the [Content-Type] header.
[2017-11-08T18:25:37,956][WARN ][o.e.d.r.RestController   ] Content type detection for rest requests is deprecated. Specify the content type using the [Content-Type] header.
[2017-11-08T18:25:40,787][WARN ][o.e.d.r.RestController   ] Content type detection for rest requests is deprecated. Specify the content type using the [Content-Type] header.
[2017-11-08T18:25:43,285][WARN ][o.e.d.r.RestController   ] Content type detection for rest requests is deprecated. Specify the content type using the [Content-Type] header.
[2017-11-08T18:27:40,255][WARN ][o.e.d.r.RestController   ] Content type detection for rest requests is deprecated. Specify the content type using the [Content-Type] header.
[2017-11-08T18:33:07,054][WARN ][o.e.d.r.RestController   ] Content type detection for rest requests is deprecated. Specify the content type using the [Content-Type] header.
[2017-11-08T18:34:45,995][WARN ][o.e.d.r.RestController   ] Content type detection for rest requests is deprecated. Specify the content type using the [Content-Type] header.
[2017-11-08T18:36:31,337][WARN ][o.e.d.r.RestController   ] Content type detection for rest requests is deprecated. Specify the content type using the [Content-Type] header.
[2017-11-08T18:38:05,559][WARN ][o.e.d.r.RestController   ] Content type detection for rest requests is deprecated. Specify the content type using the [Content-Type] header.
[2017-11-08T18:38:21,578][WARN ][o.e.d.r.RestController   ] Content type detection for rest requests is deprecated. Specify the content type using the [Content-Type] header.
[2017-11-08T18:39:41,229][WARN ][o.e.d.r.RestController   ] Content type detection for rest requests is deprecated. Specify the content type using the [Content-Type] header.
[2017-11-08T18:39:43,831][WARN ][o.e.d.r.RestController   ] Content type detection for rest requests is deprecated. Specify the content type using the [Content-Type] header.
[2017-11-08T18:40:42,446][WARN ][o.e.d.r.RestController   ] Content type detection for rest requests is deprecated. Specify the content type using the [Content-Type] header.
[2017-11-08T18:43:33,240][WARN ][o.e.d.r.RestController   ] Content type detection for rest requests is deprecated. Specify the content type using the [Content-Type] header.
[2017-11-08T18:43:39,906][WARN ][o.e.d.r.RestController   ] Content type detection for rest requests is deprecated. Specify the content type using the [Content-Type] header.
[2017-11-08T19:06:34,033][WARN ][o.e.d.r.RestController   ] Content type detection for rest requests is deprecated. Specify the content type using the [Content-Type] header.
[2017-11-08T19:06:35,555][WARN ][o.e.d.r.RestController   ] Content type detection for rest requests is deprecated. Specify the content type using the [Content-Type] header.
[2017-11-08T19:07:21,355][WARN ][o.e.d.r.RestController   ] Content type detection for rest requests is deprecated. Specify the content type using the [Content-Type] header.
[2017-11-08T19:07:25,908][WARN ][o.e.d.r.RestController   ] Content type detection for rest requests is deprecated. Specify the content type using the [Content-Type] header.
[2017-11-08T19:07:27,761][WARN ][o.e.d.r.RestController   ] Content type detection for rest requests is deprecated. Specify the content type using the [Content-Type] header.
[2017-11-08T19:07:30,276][WARN ][o.e.d.r.RestController   ] Content type detection for rest requests is deprecated. Specify the content type using the [Content-Type] header.
[2017-11-08T19:07:32,461][WARN ][o.e.d.r.RestController   ] Content type detection for rest requests is deprecated. Specify the content type using the [Content-Type] header.
[2017-11-08T19:07:42,323][WARN ][o.e.d.r.RestController   ] Content type detection for rest requests is deprecated. Specify the content type using the [Content-Type] header.
[2017-11-08T19:07:44,666][WARN ][o.e.d.r.RestController   ] Content type detection for rest requests is deprecated. Specify the content type using the [Content-Type] header.
[2017-11-08T19:07:47,765][WARN ][o.e.d.r.RestController   ] Content type detection for rest requests is deprecated. Specify the content type using the [Content-Type] header.
[2017-11-08T19:07:54,904][WARN ][o.e.d.r.RestController   ] Content type detection for rest requests is deprecated. Specify the content type using the [Content-Type] header.
[2017-11-08T19:07:58,807][WARN ][o.e.d.r.RestController   ] Content type detection for rest requests is deprecated. Specify the content type using the [Content-Type] header.
[2017-11-08T19:08:12,821][WARN ][o.e.d.r.RestController   ] Content type detection for rest requests is deprecated. Specify the content type using the [Content-Type] header.
[2017-11-08T19:12:26,498][WARN ][o.e.d.r.RestController   ] Content type detection for rest requests is deprecated. Specify the content type using the [Content-Type] header.
[2017-11-08T19:12:29,538][WARN ][o.e.d.r.RestController   ] Content type detection for rest requests is deprecated. Specify the content type using the [Content-Type] header.
[2017-11-08T19:12:31,906][WARN ][o.e.d.r.RestController   ] Content type detection for rest requests is deprecated. Specify the content type using the [Content-Type] header.
[2017-11-08T19:12:33,941][WARN ][o.e.d.r.RestController   ] Content type detection for rest requests is deprecated. Specify the content type using the [Content-Type] header.
[2017-11-08T19:12:35,966][WARN ][o.e.d.r.RestController   ] Content type detection for rest requests is deprecated. Specify the content type using the [Content-Type] header.
[2017-11-08T19:12:38,780][WARN ][o.e.d.r.RestController   ] Content type detection for rest requests is deprecated. Specify the content type using the [Content-Type] header.
[2017-11-08T19:12:42,951][WARN ][o.e.d.r.RestController   ] Content type detection for rest requests is deprecated. Specify the content type using the [Content-Type] header.
[2017-11-08T19:12:45,558][WARN ][o.e.d.r.RestController   ] Content type detection for rest requests is deprecated. Specify the content type using the [Content-Type] header.
[2017-11-08T19:12:49,154][WARN ][o.e.d.r.RestController   ] Content type detection for rest requests is deprecated. Specify the content type using the [Content-Type] header.
[2017-11-08T19:12:51,302][WARN ][o.e.d.r.RestController   ] Content type detection for rest requests is deprecated. Specify the content type using the [Content-Type] header.
[2017-11-08T19:13:31,635][WARN ][o.e.d.r.RestController   ] Content type detection for rest requests is deprecated. Specify the content type using the [Content-Type] header.
[2017-11-08T19:13:43,055][WARN ][o.e.d.r.RestController   ] Content type detection for rest requests is deprecated. Specify the content type using the [Content-Type] header.
[2017-11-08T19:13:46,178][WARN ][o.e.d.r.RestController   ] Content type detection for rest requests is deprecated. Specify the content type using the [Content-Type] header.
[2017-11-08T19:13:49,627][WARN ][o.e.d.r.RestController   ] Content type detection for rest requests is deprecated. Specify the content type using the [Content-Type] header.
[2017-11-08T19:13:52,806][WARN ][o.e.d.r.RestController   ] Content type detection for rest requests is deprecated. Specify the content type using the [Content-Type] header.
[2017-11-08T19:13:57,566][WARN ][o.e.d.r.RestController   ] Content type detection for rest requests is deprecated. Specify the content type using the [Content-Type] header.
[2017-11-08T19:13:59,910][WARN ][o.e.d.r.RestController   ] Content type detection for rest requests is deprecated. Specify the content type using the [Content-Type] header.
[2017-11-08T19:14:05,503][WARN ][o.e.d.r.RestController   ] Content type detection for rest requests is deprecated. Specify the content type using the [Content-Type] header.
[2017-11-08T19:14:08,263][WARN ][o.e.d.r.RestController   ] Content type detection for rest requests is deprecated. Specify the content type using the [Content-Type] header.
[2017-11-08T19:14:10,424][WARN ][o.e.d.r.RestController   ] Content type detection for rest requests is deprecated. Specify the content type using the [Content-Type] header.
[2017-11-08T19:14:12,499][WARN ][o.e.d.r.RestController   ] Content type detection for rest requests is deprecated. Specify the content type using the [Content-Type] header.
[2017-11-08T19:14:14,738][WARN ][o.e.d.r.RestController   ] Content type detection for rest requests is deprecated. Specify the content type using the [Content-Type] header.
[2017-11-08T19:14:17,103][WARN ][o.e.d.r.RestController   ] Content type detection for rest requests is deprecated. Specify the content type using the [Content-Type] header.
[2017-11-08T19:14:29,002][WARN ][o.e.d.r.RestController   ] Content type detection for rest requests is deprecated. Specify the content type using the [Content-Type] header.
[2017-11-08T19:14:31,683][WARN ][o.e.d.r.RestController   ] Content type detection for rest requests is deprecated. Specify the content type using the [Content-Type] header.
[2017-11-08T19:14:33,799][WARN ][o.e.d.r.RestController   ] Content type detection for rest requests is deprecated. Specify the content type using the [Content-Type] header.
[2017-11-08T19:14:39,000][WARN ][o.e.d.r.RestController   ] Content type detection for rest requests is deprecated. Specify the content type using the [Content-Type] header.
[2017-11-08T19:14:41,138][WARN ][o.e.d.r.RestController   ] Content type detection for rest requests is deprecated. Specify the content type using the [Content-Type] header.
[2017-11-08T19:14:43,371][WARN ][o.e.d.r.RestController   ] Content type detection for rest requests is deprecated. Specify the content type using the [Content-Type] header.
[2017-11-08T19:14:45,799][WARN ][o.e.d.r.RestController   ] Content type detection for rest requests is deprecated. Specify the content type using the [Content-Type] header.
[2017-11-08T19:20:57,996][WARN ][o.e.d.r.RestController   ] Content type detection for rest requests is deprecated. Specify the content type using the [Content-Type] header.
[2017-11-08T19:20:58,005][WARN ][o.e.d.i.m.TypeParsers    ] Expected a boolean [true/false] for property [index] but got [no]
[2017-11-08T19:20:58,006][WARN ][o.e.d.i.m.TypeParsers    ] Expected a boolean [true/false] for property [index] but got [no]
[2017-11-08T21:23:22,788][WARN ][o.e.d.r.RestController   ] Content type detection for rest requests is deprecated. Specify the content type using the [Content-Type] header.
[2017-11-08T21:23:22,796][WARN ][o.e.d.i.m.TypeParsers    ] Expected a boolean [true/false] for property [index] but got [no]
[2017-11-08T21:23:22,796][WARN ][o.e.d.i.m.TypeParsers    ] Expected a boolean [true/false] for property [index] but got [no]
[2017-11-08T21:23:22,796][WARN ][o.e.d.i.m.TypeParsers    ] Expected a boolean [true/false] for property [index] but got [no]
[2017-11-09T10:18:42,903][WARN ][o.e.d.r.RestController   ] Content type detection for rest requests is deprecated. Specify the content type using the [Content-Type] header.
[2017-11-09T10:18:42,960][WARN ][o.e.d.i.m.TypeParsers    ] Expected a boolean [true/false] for property [index] but got [no]
[2017-11-09T10:35:37,498][WARN ][o.e.d.r.RestController   ] Content type detection for rest requests is deprecated. Specify the content type using the [Content-Type] header.
[2017-11-09T10:35:37,500][WARN ][o.e.d.i.m.TypeParsers    ] Expected a boolean [true/false] for property [index] but got [no]
[2017-11-09T15:18:07,022][WARN ][o.e.d.r.a.a.i.RestAnalyzeAction] text request parameter is deprecated and will be removed in the next major release. Please use the JSON in the request body instead request param
[2017-11-09T15:18:56,032][WARN ][o.e.d.r.a.a.i.RestAnalyzeAction] text request parameter is deprecated and will be removed in the next major release. Please use the JSON in the request body instead request param
[2017-11-09T15:18:56,032][WARN ][o.e.d.r.a.a.i.RestAnalyzeAction] analyzer request parameter is deprecated and will be removed in the next major release. Please use the JSON in the request body instead request param
[2017-11-09T15:19:06,407][WARN ][o.e.d.r.a.a.i.RestAnalyzeAction] text request parameter is deprecated and will be removed in the next major release. Please use the JSON in the request body instead request param
[2017-11-09T15:19:06,407][WARN ][o.e.d.r.a.a.i.RestAnalyzeAction] analyzer request parameter is deprecated and will be removed in the next major release. Please use the JSON in the request body instead request param
[2017-11-09T15:19:13,208][WARN ][o.e.d.r.a.a.i.RestAnalyzeAction] text request parameter is deprecated and will be removed in the next major release. Please use the JSON in the request body instead request param
[2017-11-09T15:19:13,208][WARN ][o.e.d.r.a.a.i.RestAnalyzeAction] analyzer request parameter is deprecated and will be removed in the next major release. Please use the JSON in the request body instead request param
[2017-11-09T15:19:31,534][WARN ][o.e.d.r.a.a.i.RestAnalyzeAction] text request parameter is deprecated and will be removed in the next major release. Please use the JSON in the request body instead request param
[2017-11-09T15:19:31,534][WARN ][o.e.d.r.a.a.i.RestAnalyzeAction] analyzer request parameter is deprecated and will be removed in the next major release. Please use the JSON in the request body instead request param
[2017-11-09T15:19:49,170][WARN ][o.e.d.r.a.a.i.RestAnalyzeAction] text request parameter is deprecated and will be removed in the next major release. Please use the JSON in the request body instead request param
[2017-11-09T15:19:59,169][WARN ][o.e.d.r.a.a.i.RestAnalyzeAction] text request parameter is deprecated and will be removed in the next major release. Please use the JSON in the request body instead request param
[2017-11-09T15:19:59,169][WARN ][o.e.d.r.a.a.i.RestAnalyzeAction] analyzer request parameter is deprecated and will be removed in the next major release. Please use the JSON in the request body instead request param
[2017-11-09T15:21:15,515][WARN ][o.e.d.r.a.a.i.RestAnalyzeAction] text request parameter is deprecated and will be removed in the next major release. Please use the JSON in the request body instead request param
[2017-11-09T15:21:15,515][WARN ][o.e.d.r.a.a.i.RestAnalyzeAction] analyzer request parameter is deprecated and will be removed in the next major release. Please use the JSON in the request body instead request param
