[2017-11-09T00:02:38,983][INFO ][o.e.m.j.JvmGcMonitorService] [master] [gc][796459] overhead, spent [266ms] collecting in the last [1s]
[2017-11-09T00:07:09,088][INFO ][o.e.m.j.JvmGcMonitorService] [master] [gc][796727] overhead, spent [283ms] collecting in the last [1s]
[2017-11-09T00:15:08,952][INFO ][o.e.m.j.JvmGcMonitorService] [master] [gc][797203] overhead, spent [263ms] collecting in the last [1s]
[2017-11-09T00:15:12,051][INFO ][o.e.m.j.JvmGcMonitorService] [master] [gc][797206] overhead, spent [269ms] collecting in the last [1s]
[2017-11-09T10:17:03,671][INFO ][o.e.c.m.MetaDataDeleteIndexService] [master] [jk_hospital/Z19iiFVnQWipjTmM19OVjQ] deleting index
[2017-11-09T10:18:42,961][INFO ][o.e.c.m.MetaDataCreateIndexService] [master] [jk_hospital] creating index, cause [api], templates [], shards [5]/[1], mappings [jk_hospital]
[2017-11-09T10:33:34,843][INFO ][o.e.c.m.MetaDataMappingService] [master] [jk_hospital/i_nG5k8yRWeRlyVeFteAkA] create_mapping [gather]
[2017-11-09T10:35:18,787][INFO ][o.e.c.m.MetaDataDeleteIndexService] [master] [jk_hospital/i_nG5k8yRWeRlyVeFteAkA] deleting index
[2017-11-09T10:35:37,500][INFO ][o.e.c.m.MetaDataCreateIndexService] [master] [jk_hospital] creating index, cause [api], templates [], shards [5]/[1], mappings [jk_hospital]
[2017-11-09T10:35:42,710][INFO ][o.e.c.m.MetaDataMappingService] [master] [jk_hospital/jMtm6XaBSMOWovPU_R85Jw] create_mapping [gather]
[2017-11-09T15:12:53,226][DEBUG][o.e.a.s.TransportSearchAction] [master] [jk_baike][1], node[9dszmQNTT3q3KPHYldQZrg], [P], s[STARTED], a[id=A8ho1OblQ9eE5WkiqAzd0g]: Failed to execute [SearchRequest{searchType=QUERY_THEN_FETCH, indices=[jk_baike], indicesOptions=IndicesOptions[id=38, ignore_unavailable=false, allow_no_indices=true, expand_wildcards_open=true, expand_wildcards_closed=false, allow_alisases_to_multiple_indices=true, forbid_closed_indices=true], types=[], routing='null', preference='null', requestCache=null, scroll=null, source={
  "from" : 0,
  "size" : 1,
  "query" : {
    "bool" : {
      "must" : [
        {
          "multi_match" : {
            "query" : "怀孕八个月，昨天中午吃辣了",
            "fields" : [
              "title^1.0"
            ],
            "type" : "most_fields",
            "operator" : "OR",
            "slop" : 0,
            "prefix_length" : 0,
            "max_expansions" : 50,
            "minimum_should_match" : "1.3",
            "lenient" : false,
            "zero_terms_query" : "NONE",
            "boost" : 1.0
          }
        }
      ],
      "disable_coord" : false,
      "adjust_pure_negative" : true,
      "boost" : 1.0
    }
  }
}}] lastShard [true]
org.elasticsearch.transport.RemoteTransportException: [master][10.5.0.8:9300][indices:data/read/search[phase/query]]
Caused by: org.elasticsearch.index.query.QueryShardException: failed to create query: {
  "bool" : {
    "must" : [
      {
        "multi_match" : {
          "query" : "怀孕八个月，昨天中午吃辣了",
          "fields" : [
            "title^1.0"
          ],
          "type" : "most_fields",
          "operator" : "OR",
          "slop" : 0,
          "prefix_length" : 0,
          "max_expansions" : 50,
          "minimum_should_match" : "1.3",
          "lenient" : false,
          "zero_terms_query" : "NONE",
          "boost" : 1.0
        }
      }
    ],
    "disable_coord" : false,
    "adjust_pure_negative" : true,
    "boost" : 1.0
  }
}
	at org.elasticsearch.index.query.QueryShardContext.toQuery(QueryShardContext.java:329) ~[elasticsearch-5.5.2.jar:5.5.2]
	at org.elasticsearch.index.query.QueryShardContext.toQuery(QueryShardContext.java:312) ~[elasticsearch-5.5.2.jar:5.5.2]
	at org.elasticsearch.search.SearchService.parseSource(SearchService.java:613) ~[elasticsearch-5.5.2.jar:5.5.2]
	at org.elasticsearch.search.SearchService.createContext(SearchService.java:481) ~[elasticsearch-5.5.2.jar:5.5.2]
	at org.elasticsearch.search.SearchService.createAndPutContext(SearchService.java:457) ~[elasticsearch-5.5.2.jar:5.5.2]
	at org.elasticsearch.search.SearchService.executeQueryPhase(SearchService.java:253) ~[elasticsearch-5.5.2.jar:5.5.2]
	at org.elasticsearch.action.search.SearchTransportService$6.messageReceived(SearchTransportService.java:330) ~[elasticsearch-5.5.2.jar:5.5.2]
	at org.elasticsearch.action.search.SearchTransportService$6.messageReceived(SearchTransportService.java:327) ~[elasticsearch-5.5.2.jar:5.5.2]
	at org.elasticsearch.transport.RequestHandlerRegistry.processMessageReceived(RequestHandlerRegistry.java:69) ~[elasticsearch-5.5.2.jar:5.5.2]
	at org.elasticsearch.transport.TransportService$7.doRun(TransportService.java:644) [elasticsearch-5.5.2.jar:5.5.2]
	at org.elasticsearch.common.util.concurrent.ThreadContext$ContextPreservingAbstractRunnable.doRun(ThreadContext.java:638) [elasticsearch-5.5.2.jar:5.5.2]
	at org.elasticsearch.common.util.concurrent.AbstractRunnable.run(AbstractRunnable.java:37) [elasticsearch-5.5.2.jar:5.5.2]
	at java.util.concurrent.ThreadPoolExecutor.runWorker(ThreadPoolExecutor.java:1149) [?:1.8.0_144]
	at java.util.concurrent.ThreadPoolExecutor$Worker.run(ThreadPoolExecutor.java:624) [?:1.8.0_144]
	at java.lang.Thread.run(Thread.java:748) [?:1.8.0_144]
Caused by: java.lang.NumberFormatException: For input string: "1.3"
	at java.lang.NumberFormatException.forInputString(NumberFormatException.java:65) ~[?:1.8.0_144]
	at java.lang.Integer.parseInt(Integer.java:580) ~[?:1.8.0_144]
	at java.lang.Integer.parseInt(Integer.java:615) ~[?:1.8.0_144]
	at org.elasticsearch.common.lucene.search.Queries.calculateMinShouldMatch(Queries.java:195) ~[elasticsearch-5.5.2.jar:5.5.2]
	at org.elasticsearch.common.lucene.search.Queries.applyMinimumShouldMatch(Queries.java:132) ~[elasticsearch-5.5.2.jar:5.5.2]
	at org.elasticsearch.common.lucene.search.Queries.maybeApplyMinimumShouldMatch(Queries.java:155) ~[elasticsearch-5.5.2.jar:5.5.2]
	at org.elasticsearch.index.search.MultiMatchQuery.parseAndApply(MultiMatchQuery.java:64) ~[elasticsearch-5.5.2.jar:5.5.2]
	at org.elasticsearch.index.search.MultiMatchQuery.parse(MultiMatchQuery.java:76) ~[elasticsearch-5.5.2.jar:5.5.2]
	at org.elasticsearch.index.query.MultiMatchQueryBuilder.doToQuery(MultiMatchQueryBuilder.java:747) ~[elasticsearch-5.5.2.jar:5.5.2]
	at org.elasticsearch.index.query.AbstractQueryBuilder.toQuery(AbstractQueryBuilder.java:96) ~[elasticsearch-5.5.2.jar:5.5.2]
	at org.elasticsearch.index.query.BoolQueryBuilder.addBooleanClauses(BoolQueryBuilder.java:442) ~[elasticsearch-5.5.2.jar:5.5.2]
	at org.elasticsearch.index.query.BoolQueryBuilder.doToQuery(BoolQueryBuilder.java:416) ~[elasticsearch-5.5.2.jar:5.5.2]
	at org.elasticsearch.index.query.AbstractQueryBuilder.toQuery(AbstractQueryBuilder.java:96) ~[elasticsearch-5.5.2.jar:5.5.2]
	at org.elasticsearch.index.query.QueryShardContext.lambda$toQuery$1(QueryShardContext.java:313) ~[elasticsearch-5.5.2.jar:5.5.2]
	at org.elasticsearch.index.query.QueryShardContext.toQuery(QueryShardContext.java:325) ~[elasticsearch-5.5.2.jar:5.5.2]
	at org.elasticsearch.index.query.QueryShardContext.toQuery(QueryShardContext.java:312) ~[elasticsearch-5.5.2.jar:5.5.2]
	at org.elasticsearch.search.SearchService.parseSource(SearchService.java:613) ~[elasticsearch-5.5.2.jar:5.5.2]
	at org.elasticsearch.search.SearchService.createContext(SearchService.java:481) ~[elasticsearch-5.5.2.jar:5.5.2]
	at org.elasticsearch.search.SearchService.createAndPutContext(SearchService.java:457) ~[elasticsearch-5.5.2.jar:5.5.2]
	at org.elasticsearch.search.SearchService.executeQueryPhase(SearchService.java:253) ~[elasticsearch-5.5.2.jar:5.5.2]
	at org.elasticsearch.action.search.SearchTransportService$6.messageReceived(SearchTransportService.java:330) ~[elasticsearch-5.5.2.jar:5.5.2]
	at org.elasticsearch.action.search.SearchTransportService$6.messageReceived(SearchTransportService.java:327) ~[elasticsearch-5.5.2.jar:5.5.2]
	at org.elasticsearch.transport.RequestHandlerRegistry.processMessageReceived(RequestHandlerRegistry.java:69) ~[elasticsearch-5.5.2.jar:5.5.2]
	at org.elasticsearch.transport.TransportService$7.doRun(TransportService.java:644) ~[elasticsearch-5.5.2.jar:5.5.2]
	at org.elasticsearch.common.util.concurrent.ThreadContext$ContextPreservingAbstractRunnable.doRun(ThreadContext.java:638) ~[elasticsearch-5.5.2.jar:5.5.2]
	at org.elasticsearch.common.util.concurrent.AbstractRunnable.run(AbstractRunnable.java:37) ~[elasticsearch-5.5.2.jar:5.5.2]
	at java.util.concurrent.ThreadPoolExecutor.runWorker(ThreadPoolExecutor.java:1149) ~[?:1.8.0_144]
	at java.util.concurrent.ThreadPoolExecutor$Worker.run(ThreadPoolExecutor.java:624) ~[?:1.8.0_144]
	at java.lang.Thread.run(Thread.java:748) ~[?:1.8.0_144]
[2017-11-09T15:12:53,241][DEBUG][o.e.a.s.TransportSearchAction] [master] [jk_baike][0], node[9dszmQNTT3q3KPHYldQZrg], [P], s[STARTED], a[id=nO92_KaFRBqrroZZMLi2Ww]: Failed to execute [SearchRequest{searchType=QUERY_THEN_FETCH, indices=[jk_baike], indicesOptions=IndicesOptions[id=38, ignore_unavailable=false, allow_no_indices=true, expand_wildcards_open=true, expand_wildcards_closed=false, allow_alisases_to_multiple_indices=true, forbid_closed_indices=true], types=[], routing='null', preference='null', requestCache=null, scroll=null, source={
  "from" : 0,
  "size" : 1,
  "query" : {
    "bool" : {
      "must" : [
        {
          "multi_match" : {
            "query" : "怀孕八个月，昨天中午吃辣了",
            "fields" : [
              "title^1.0"
            ],
            "type" : "most_fields",
            "operator" : "OR",
            "slop" : 0,
            "prefix_length" : 0,
            "max_expansions" : 50,
            "minimum_should_match" : "1.3",
            "lenient" : false,
            "zero_terms_query" : "NONE",
            "boost" : 1.0
          }
        }
      ],
      "disable_coord" : false,
      "adjust_pure_negative" : true,
      "boost" : 1.0
    }
  }
}}]
org.elasticsearch.transport.RemoteTransportException: [master][10.5.0.8:9300][indices:data/read/search[phase/query]]
Caused by: org.elasticsearch.index.query.QueryShardException: failed to create query: {
  "bool" : {
    "must" : [
      {
        "multi_match" : {
          "query" : "怀孕八个月，昨天中午吃辣了",
          "fields" : [
            "title^1.0"
          ],
          "type" : "most_fields",
          "operator" : "OR",
          "slop" : 0,
          "prefix_length" : 0,
          "max_expansions" : 50,
          "minimum_should_match" : "1.3",
          "lenient" : false,
          "zero_terms_query" : "NONE",
          "boost" : 1.0
        }
      }
    ],
    "disable_coord" : false,
    "adjust_pure_negative" : true,
    "boost" : 1.0
  }
}
	at org.elasticsearch.index.query.QueryShardContext.toQuery(QueryShardContext.java:329) ~[elasticsearch-5.5.2.jar:5.5.2]
	at org.elasticsearch.index.query.QueryShardContext.toQuery(QueryShardContext.java:312) ~[elasticsearch-5.5.2.jar:5.5.2]
	at org.elasticsearch.search.SearchService.parseSource(SearchService.java:613) ~[elasticsearch-5.5.2.jar:5.5.2]
	at org.elasticsearch.search.SearchService.createContext(SearchService.java:481) ~[elasticsearch-5.5.2.jar:5.5.2]
	at org.elasticsearch.search.SearchService.createAndPutContext(SearchService.java:457) ~[elasticsearch-5.5.2.jar:5.5.2]
	at org.elasticsearch.search.SearchService.executeQueryPhase(SearchService.java:253) ~[elasticsearch-5.5.2.jar:5.5.2]
	at org.elasticsearch.action.search.SearchTransportService$6.messageReceived(SearchTransportService.java:330) ~[elasticsearch-5.5.2.jar:5.5.2]
	at org.elasticsearch.action.search.SearchTransportService$6.messageReceived(SearchTransportService.java:327) ~[elasticsearch-5.5.2.jar:5.5.2]
	at org.elasticsearch.transport.RequestHandlerRegistry.processMessageReceived(RequestHandlerRegistry.java:69) ~[elasticsearch-5.5.2.jar:5.5.2]
	at org.elasticsearch.transport.TransportService$7.doRun(TransportService.java:644) [elasticsearch-5.5.2.jar:5.5.2]
	at org.elasticsearch.common.util.concurrent.ThreadContext$ContextPreservingAbstractRunnable.doRun(ThreadContext.java:638) [elasticsearch-5.5.2.jar:5.5.2]
	at org.elasticsearch.common.util.concurrent.AbstractRunnable.run(AbstractRunnable.java:37) [elasticsearch-5.5.2.jar:5.5.2]
	at java.util.concurrent.ThreadPoolExecutor.runWorker(ThreadPoolExecutor.java:1149) [?:1.8.0_144]
	at java.util.concurrent.ThreadPoolExecutor$Worker.run(ThreadPoolExecutor.java:624) [?:1.8.0_144]
	at java.lang.Thread.run(Thread.java:748) [?:1.8.0_144]
Caused by: java.lang.NumberFormatException: For input string: "1.3"
	at java.lang.NumberFormatException.forInputString(NumberFormatException.java:65) ~[?:1.8.0_144]
	at java.lang.Integer.parseInt(Integer.java:580) ~[?:1.8.0_144]
	at java.lang.Integer.parseInt(Integer.java:615) ~[?:1.8.0_144]
	at org.elasticsearch.common.lucene.search.Queries.calculateMinShouldMatch(Queries.java:195) ~[elasticsearch-5.5.2.jar:5.5.2]
	at org.elasticsearch.common.lucene.search.Queries.applyMinimumShouldMatch(Queries.java:132) ~[elasticsearch-5.5.2.jar:5.5.2]
	at org.elasticsearch.common.lucene.search.Queries.maybeApplyMinimumShouldMatch(Queries.java:155) ~[elasticsearch-5.5.2.jar:5.5.2]
	at org.elasticsearch.index.search.MultiMatchQuery.parseAndApply(MultiMatchQuery.java:64) ~[elasticsearch-5.5.2.jar:5.5.2]
	at org.elasticsearch.index.search.MultiMatchQuery.parse(MultiMatchQuery.java:76) ~[elasticsearch-5.5.2.jar:5.5.2]
	at org.elasticsearch.index.query.MultiMatchQueryBuilder.doToQuery(MultiMatchQueryBuilder.java:747) ~[elasticsearch-5.5.2.jar:5.5.2]
	at org.elasticsearch.index.query.AbstractQueryBuilder.toQuery(AbstractQueryBuilder.java:96) ~[elasticsearch-5.5.2.jar:5.5.2]
	at org.elasticsearch.index.query.BoolQueryBuilder.addBooleanClauses(BoolQueryBuilder.java:442) ~[elasticsearch-5.5.2.jar:5.5.2]
	at org.elasticsearch.index.query.BoolQueryBuilder.doToQuery(BoolQueryBuilder.java:416) ~[elasticsearch-5.5.2.jar:5.5.2]
	at org.elasticsearch.index.query.AbstractQueryBuilder.toQuery(AbstractQueryBuilder.java:96) ~[elasticsearch-5.5.2.jar:5.5.2]
	at org.elasticsearch.index.query.QueryShardContext.lambda$toQuery$1(QueryShardContext.java:313) ~[elasticsearch-5.5.2.jar:5.5.2]
	at org.elasticsearch.index.query.QueryShardContext.toQuery(QueryShardContext.java:325) ~[elasticsearch-5.5.2.jar:5.5.2]
	at org.elasticsearch.index.query.QueryShardContext.toQuery(QueryShardContext.java:312) ~[elasticsearch-5.5.2.jar:5.5.2]
	at org.elasticsearch.search.SearchService.parseSource(SearchService.java:613) ~[elasticsearch-5.5.2.jar:5.5.2]
	at org.elasticsearch.search.SearchService.createContext(SearchService.java:481) ~[elasticsearch-5.5.2.jar:5.5.2]
	at org.elasticsearch.search.SearchService.createAndPutContext(SearchService.java:457) ~[elasticsearch-5.5.2.jar:5.5.2]
	at org.elasticsearch.search.SearchService.executeQueryPhase(SearchService.java:253) ~[elasticsearch-5.5.2.jar:5.5.2]
	at org.elasticsearch.action.search.SearchTransportService$6.messageReceived(SearchTransportService.java:330) ~[elasticsearch-5.5.2.jar:5.5.2]
	at org.elasticsearch.action.search.SearchTransportService$6.messageReceived(SearchTransportService.java:327) ~[elasticsearch-5.5.2.jar:5.5.2]
	at org.elasticsearch.transport.RequestHandlerRegistry.processMessageReceived(RequestHandlerRegistry.java:69) ~[elasticsearch-5.5.2.jar:5.5.2]
	at org.elasticsearch.transport.TransportService$7.doRun(TransportService.java:644) ~[elasticsearch-5.5.2.jar:5.5.2]
	at org.elasticsearch.common.util.concurrent.ThreadContext$ContextPreservingAbstractRunnable.doRun(ThreadContext.java:638) ~[elasticsearch-5.5.2.jar:5.5.2]
	at org.elasticsearch.common.util.concurrent.AbstractRunnable.run(AbstractRunnable.java:37) ~[elasticsearch-5.5.2.jar:5.5.2]
	at java.util.concurrent.ThreadPoolExecutor.runWorker(ThreadPoolExecutor.java:1149) ~[?:1.8.0_144]
	at java.util.concurrent.ThreadPoolExecutor$Worker.run(ThreadPoolExecutor.java:624) ~[?:1.8.0_144]
	at java.lang.Thread.run(Thread.java:748) ~[?:1.8.0_144]
[2017-11-09T15:12:53,254][DEBUG][o.e.a.s.TransportSearchAction] [master] All shards failed for phase: [query]
org.elasticsearch.index.query.QueryShardException: failed to create query: {
  "bool" : {
    "must" : [
      {
        "multi_match" : {
          "query" : "怀孕八个月，昨天中午吃辣了",
          "fields" : [
            "title^1.0"
          ],
          "type" : "most_fields",
          "operator" : "OR",
          "slop" : 0,
          "prefix_length" : 0,
          "max_expansions" : 50,
          "minimum_should_match" : "1.3",
          "lenient" : false,
          "zero_terms_query" : "NONE",
          "boost" : 1.0
        }
      }
    ],
    "disable_coord" : false,
    "adjust_pure_negative" : true,
    "boost" : 1.0
  }
}
	at org.elasticsearch.index.query.QueryShardContext.toQuery(QueryShardContext.java:329) ~[elasticsearch-5.5.2.jar:5.5.2]
	at org.elasticsearch.index.query.QueryShardContext.toQuery(QueryShardContext.java:312) ~[elasticsearch-5.5.2.jar:5.5.2]
	at org.elasticsearch.search.SearchService.parseSource(SearchService.java:613) ~[elasticsearch-5.5.2.jar:5.5.2]
	at org.elasticsearch.search.SearchService.createContext(SearchService.java:481) ~[elasticsearch-5.5.2.jar:5.5.2]
	at org.elasticsearch.search.SearchService.createAndPutContext(SearchService.java:457) ~[elasticsearch-5.5.2.jar:5.5.2]
	at org.elasticsearch.search.SearchService.executeQueryPhase(SearchService.java:253) ~[elasticsearch-5.5.2.jar:5.5.2]
	at org.elasticsearch.action.search.SearchTransportService$6.messageReceived(SearchTransportService.java:330) ~[elasticsearch-5.5.2.jar:5.5.2]
	at org.elasticsearch.action.search.SearchTransportService$6.messageReceived(SearchTransportService.java:327) ~[elasticsearch-5.5.2.jar:5.5.2]
	at org.elasticsearch.transport.RequestHandlerRegistry.processMessageReceived(RequestHandlerRegistry.java:69) ~[elasticsearch-5.5.2.jar:5.5.2]
	at org.elasticsearch.transport.TransportService$7.doRun(TransportService.java:644) [elasticsearch-5.5.2.jar:5.5.2]
	at org.elasticsearch.common.util.concurrent.ThreadContext$ContextPreservingAbstractRunnable.doRun(ThreadContext.java:638) [elasticsearch-5.5.2.jar:5.5.2]
	at org.elasticsearch.common.util.concurrent.AbstractRunnable.run(AbstractRunnable.java:37) [elasticsearch-5.5.2.jar:5.5.2]
	at java.util.concurrent.ThreadPoolExecutor.runWorker(ThreadPoolExecutor.java:1149) [?:1.8.0_144]
	at java.util.concurrent.ThreadPoolExecutor$Worker.run(ThreadPoolExecutor.java:624) [?:1.8.0_144]
	at java.lang.Thread.run(Thread.java:748) [?:1.8.0_144]
Caused by: java.lang.NumberFormatException: For input string: "1.3"
	at java.lang.NumberFormatException.forInputString(NumberFormatException.java:65) ~[?:1.8.0_144]
	at java.lang.Integer.parseInt(Integer.java:580) ~[?:1.8.0_144]
	at java.lang.Integer.parseInt(Integer.java:615) ~[?:1.8.0_144]
	at org.elasticsearch.common.lucene.search.Queries.calculateMinShouldMatch(Queries.java:195) ~[elasticsearch-5.5.2.jar:5.5.2]
	at org.elasticsearch.common.lucene.search.Queries.applyMinimumShouldMatch(Queries.java:132) ~[elasticsearch-5.5.2.jar:5.5.2]
	at org.elasticsearch.common.lucene.search.Queries.maybeApplyMinimumShouldMatch(Queries.java:155) ~[elasticsearch-5.5.2.jar:5.5.2]
	at org.elasticsearch.index.search.MultiMatchQuery.parseAndApply(MultiMatchQuery.java:64) ~[elasticsearch-5.5.2.jar:5.5.2]
	at org.elasticsearch.index.search.MultiMatchQuery.parse(MultiMatchQuery.java:76) ~[elasticsearch-5.5.2.jar:5.5.2]
	at org.elasticsearch.index.query.MultiMatchQueryBuilder.doToQuery(MultiMatchQueryBuilder.java:747) ~[elasticsearch-5.5.2.jar:5.5.2]
	at org.elasticsearch.index.query.AbstractQueryBuilder.toQuery(AbstractQueryBuilder.java:96) ~[elasticsearch-5.5.2.jar:5.5.2]
	at org.elasticsearch.index.query.BoolQueryBuilder.addBooleanClauses(BoolQueryBuilder.java:442) ~[elasticsearch-5.5.2.jar:5.5.2]
	at org.elasticsearch.index.query.BoolQueryBuilder.doToQuery(BoolQueryBuilder.java:416) ~[elasticsearch-5.5.2.jar:5.5.2]
	at org.elasticsearch.index.query.AbstractQueryBuilder.toQuery(AbstractQueryBuilder.java:96) ~[elasticsearch-5.5.2.jar:5.5.2]
	at org.elasticsearch.index.query.QueryShardContext.lambda$toQuery$1(QueryShardContext.java:313) ~[elasticsearch-5.5.2.jar:5.5.2]
	at org.elasticsearch.index.query.QueryShardContext.toQuery(QueryShardContext.java:325) ~[elasticsearch-5.5.2.jar:5.5.2]
	... 14 more
[2017-11-09T15:12:53,227][DEBUG][o.e.a.s.TransportSearchAction] [master] [jk_baike][2], node[9dszmQNTT3q3KPHYldQZrg], [P], s[STARTED], a[id=838ZhKN8RZWLOk07vkCtxw]: Failed to execute [SearchRequest{searchType=QUERY_THEN_FETCH, indices=[jk_baike], indicesOptions=IndicesOptions[id=38, ignore_unavailable=false, allow_no_indices=true, expand_wildcards_open=true, expand_wildcards_closed=false, allow_alisases_to_multiple_indices=true, forbid_closed_indices=true], types=[], routing='null', preference='null', requestCache=null, scroll=null, source={
  "from" : 0,
  "size" : 1,
  "query" : {
    "bool" : {
      "must" : [
        {
          "multi_match" : {
            "query" : "怀孕八个月，昨天中午吃辣了",
            "fields" : [
              "title^1.0"
            ],
            "type" : "most_fields",
            "operator" : "OR",
            "slop" : 0,
            "prefix_length" : 0,
            "max_expansions" : 50,
            "minimum_should_match" : "1.3",
            "lenient" : false,
            "zero_terms_query" : "NONE",
            "boost" : 1.0
          }
        }
      ],
      "disable_coord" : false,
      "adjust_pure_negative" : true,
      "boost" : 1.0
    }
  }
}}] lastShard [true]
org.elasticsearch.transport.RemoteTransportException: [master][10.5.0.8:9300][indices:data/read/search[phase/query]]
Caused by: org.elasticsearch.index.query.QueryShardException: failed to create query: {
  "bool" : {
    "must" : [
      {
        "multi_match" : {
          "query" : "怀孕八个月，昨天中午吃辣了",
          "fields" : [
            "title^1.0"
          ],
          "type" : "most_fields",
          "operator" : "OR",
          "slop" : 0,
          "prefix_length" : 0,
          "max_expansions" : 50,
          "minimum_should_match" : "1.3",
          "lenient" : false,
          "zero_terms_query" : "NONE",
          "boost" : 1.0
        }
      }
    ],
    "disable_coord" : false,
    "adjust_pure_negative" : true,
    "boost" : 1.0
  }
}
	at org.elasticsearch.index.query.QueryShardContext.toQuery(QueryShardContext.java:329) ~[elasticsearch-5.5.2.jar:5.5.2]
	at org.elasticsearch.index.query.QueryShardContext.toQuery(QueryShardContext.java:312) ~[elasticsearch-5.5.2.jar:5.5.2]
	at org.elasticsearch.search.SearchService.parseSource(SearchService.java:613) ~[elasticsearch-5.5.2.jar:5.5.2]
	at org.elasticsearch.search.SearchService.createContext(SearchService.java:481) ~[elasticsearch-5.5.2.jar:5.5.2]
	at org.elasticsearch.search.SearchService.createAndPutContext(SearchService.java:457) ~[elasticsearch-5.5.2.jar:5.5.2]
	at org.elasticsearch.search.SearchService.executeQueryPhase(SearchService.java:253) ~[elasticsearch-5.5.2.jar:5.5.2]
	at org.elasticsearch.action.search.SearchTransportService$6.messageReceived(SearchTransportService.java:330) ~[elasticsearch-5.5.2.jar:5.5.2]
	at org.elasticsearch.action.search.SearchTransportService$6.messageReceived(SearchTransportService.java:327) ~[elasticsearch-5.5.2.jar:5.5.2]
	at org.elasticsearch.transport.RequestHandlerRegistry.processMessageReceived(RequestHandlerRegistry.java:69) ~[elasticsearch-5.5.2.jar:5.5.2]
	at org.elasticsearch.transport.TransportService$7.doRun(TransportService.java:644) [elasticsearch-5.5.2.jar:5.5.2]
	at org.elasticsearch.common.util.concurrent.ThreadContext$ContextPreservingAbstractRunnable.doRun(ThreadContext.java:638) [elasticsearch-5.5.2.jar:5.5.2]
	at org.elasticsearch.common.util.concurrent.AbstractRunnable.run(AbstractRunnable.java:37) [elasticsearch-5.5.2.jar:5.5.2]
	at java.util.concurrent.ThreadPoolExecutor.runWorker(ThreadPoolExecutor.java:1149) [?:1.8.0_144]
	at java.util.concurrent.ThreadPoolExecutor$Worker.run(ThreadPoolExecutor.java:624) [?:1.8.0_144]
	at java.lang.Thread.run(Thread.java:748) [?:1.8.0_144]
Caused by: java.lang.NumberFormatException: For input string: "1.3"
	at java.lang.NumberFormatException.forInputString(NumberFormatException.java:65) ~[?:1.8.0_144]
	at java.lang.Integer.parseInt(Integer.java:580) ~[?:1.8.0_144]
	at java.lang.Integer.parseInt(Integer.java:615) ~[?:1.8.0_144]
	at org.elasticsearch.common.lucene.search.Queries.calculateMinShouldMatch(Queries.java:195) ~[elasticsearch-5.5.2.jar:5.5.2]
	at org.elasticsearch.common.lucene.search.Queries.applyMinimumShouldMatch(Queries.java:132) ~[elasticsearch-5.5.2.jar:5.5.2]
	at org.elasticsearch.common.lucene.search.Queries.maybeApplyMinimumShouldMatch(Queries.java:155) ~[elasticsearch-5.5.2.jar:5.5.2]
	at org.elasticsearch.index.search.MultiMatchQuery.parseAndApply(MultiMatchQuery.java:64) ~[elasticsearch-5.5.2.jar:5.5.2]
	at org.elasticsearch.index.search.MultiMatchQuery.parse(MultiMatchQuery.java:76) ~[elasticsearch-5.5.2.jar:5.5.2]
	at org.elasticsearch.index.query.MultiMatchQueryBuilder.doToQuery(MultiMatchQueryBuilder.java:747) ~[elasticsearch-5.5.2.jar:5.5.2]
	at org.elasticsearch.index.query.AbstractQueryBuilder.toQuery(AbstractQueryBuilder.java:96) ~[elasticsearch-5.5.2.jar:5.5.2]
	at org.elasticsearch.index.query.BoolQueryBuilder.addBooleanClauses(BoolQueryBuilder.java:442) ~[elasticsearch-5.5.2.jar:5.5.2]
	at org.elasticsearch.index.query.BoolQueryBuilder.doToQuery(BoolQueryBuilder.java:416) ~[elasticsearch-5.5.2.jar:5.5.2]
	at org.elasticsearch.index.query.AbstractQueryBuilder.toQuery(AbstractQueryBuilder.java:96) ~[elasticsearch-5.5.2.jar:5.5.2]
	at org.elasticsearch.index.query.QueryShardContext.lambda$toQuery$1(QueryShardContext.java:313) ~[elasticsearch-5.5.2.jar:5.5.2]
	at org.elasticsearch.index.query.QueryShardContext.toQuery(QueryShardContext.java:325) ~[elasticsearch-5.5.2.jar:5.5.2]
	at org.elasticsearch.index.query.QueryShardContext.toQuery(QueryShardContext.java:312) ~[elasticsearch-5.5.2.jar:5.5.2]
	at org.elasticsearch.search.SearchService.parseSource(SearchService.java:613) ~[elasticsearch-5.5.2.jar:5.5.2]
	at org.elasticsearch.search.SearchService.createContext(SearchService.java:481) ~[elasticsearch-5.5.2.jar:5.5.2]
	at org.elasticsearch.search.SearchService.createAndPutContext(SearchService.java:457) ~[elasticsearch-5.5.2.jar:5.5.2]
	at org.elasticsearch.search.SearchService.executeQueryPhase(SearchService.java:253) ~[elasticsearch-5.5.2.jar:5.5.2]
	at org.elasticsearch.action.search.SearchTransportService$6.messageReceived(SearchTransportService.java:330) ~[elasticsearch-5.5.2.jar:5.5.2]
	at org.elasticsearch.action.search.SearchTransportService$6.messageReceived(SearchTransportService.java:327) ~[elasticsearch-5.5.2.jar:5.5.2]
	at org.elasticsearch.transport.RequestHandlerRegistry.processMessageReceived(RequestHandlerRegistry.java:69) ~[elasticsearch-5.5.2.jar:5.5.2]
	at org.elasticsearch.transport.TransportService$7.doRun(TransportService.java:644) ~[elasticsearch-5.5.2.jar:5.5.2]
	at org.elasticsearch.common.util.concurrent.ThreadContext$ContextPreservingAbstractRunnable.doRun(ThreadContext.java:638) ~[elasticsearch-5.5.2.jar:5.5.2]
	at org.elasticsearch.common.util.concurrent.AbstractRunnable.run(AbstractRunnable.java:37) ~[elasticsearch-5.5.2.jar:5.5.2]
	at java.util.concurrent.ThreadPoolExecutor.runWorker(ThreadPoolExecutor.java:1149) ~[?:1.8.0_144]
	at java.util.concurrent.ThreadPoolExecutor$Worker.run(ThreadPoolExecutor.java:624) ~[?:1.8.0_144]
	at java.lang.Thread.run(Thread.java:748) ~[?:1.8.0_144]
[2017-11-09T15:19:06,414][DEBUG][o.e.a.a.i.a.TransportAnalyzeAction] [master] null: failed to execute [org.elasticsearch.action.admin.indices.analyze.AnalyzeRequest@6f44cdeb]
org.elasticsearch.transport.RemoteTransportException: [master][10.5.0.8:9300][indices:admin/analyze[s]]
Caused by: java.lang.IllegalArgumentException: failed to find analyzer [ik_smart_word]
	at org.elasticsearch.action.admin.indices.analyze.TransportAnalyzeAction.analyze(TransportAnalyzeAction.java:176) ~[elasticsearch-5.5.2.jar:5.5.2]
	at org.elasticsearch.action.admin.indices.analyze.TransportAnalyzeAction.shardOperation(TransportAnalyzeAction.java:157) ~[elasticsearch-5.5.2.jar:5.5.2]
	at org.elasticsearch.action.admin.indices.analyze.TransportAnalyzeAction.shardOperation(TransportAnalyzeAction.java:77) ~[elasticsearch-5.5.2.jar:5.5.2]
	at org.elasticsearch.action.support.single.shard.TransportSingleShardAction$ShardTransportHandler.messageReceived(TransportSingleShardAction.java:294) ~[elasticsearch-5.5.2.jar:5.5.2]
	at org.elasticsearch.action.support.single.shard.TransportSingleShardAction$ShardTransportHandler.messageReceived(TransportSingleShardAction.java:287) ~[elasticsearch-5.5.2.jar:5.5.2]
	at org.elasticsearch.transport.TransportRequestHandler.messageReceived(TransportRequestHandler.java:33) ~[elasticsearch-5.5.2.jar:5.5.2]
	at org.elasticsearch.transport.RequestHandlerRegistry.processMessageReceived(RequestHandlerRegistry.java:69) ~[elasticsearch-5.5.2.jar:5.5.2]
	at org.elasticsearch.transport.TransportService$7.doRun(TransportService.java:644) [elasticsearch-5.5.2.jar:5.5.2]
	at org.elasticsearch.common.util.concurrent.ThreadContext$ContextPreservingAbstractRunnable.doRun(ThreadContext.java:638) [elasticsearch-5.5.2.jar:5.5.2]
	at org.elasticsearch.common.util.concurrent.AbstractRunnable.run(AbstractRunnable.java:37) [elasticsearch-5.5.2.jar:5.5.2]
	at java.util.concurrent.ThreadPoolExecutor.runWorker(ThreadPoolExecutor.java:1149) [?:1.8.0_144]
	at java.util.concurrent.ThreadPoolExecutor$Worker.run(ThreadPoolExecutor.java:624) [?:1.8.0_144]
	at java.lang.Thread.run(Thread.java:748) [?:1.8.0_144]
