[2017-11-06T14:49:41,053][INFO ][o.e.c.m.MetaDataDeleteIndexService] [master] [jk_search/B8J0WNEjSACs1M7FiZQm_Q] deleting index
[2017-11-06T15:07:05,572][INFO ][o.e.c.m.MetaDataCreateIndexService] [master] [jk_search] creating index, cause [api], templates [], shards [1]/[0], mappings [jk_search]
[2017-11-06T15:12:06,968][INFO ][o.e.c.m.MetaDataDeleteIndexService] [master] [jk_search/ySNHJuC1TX6BBU9iqSiVmA] deleting index
[2017-11-06T15:12:30,172][INFO ][o.e.c.m.MetaDataCreateIndexService] [master] [jk_search] creating index, cause [api], templates [], shards [1]/[0], mappings [jk_search]
[2017-11-06T15:27:00,276][INFO ][o.e.c.m.MetaDataMappingService] [master] [jk_search/4O7rgcHURVKGRae9AqajuQ] create_mapping [ask_question]
[2017-11-06T18:52:20,544][INFO ][o.e.c.m.MetaDataCreateIndexService] [master] [jk_experience] creating index, cause [api], templates [], shards [1]/[0], mappings [jk_experience]
[2017-11-06T18:53:13,163][INFO ][o.e.c.m.MetaDataCreateIndexService] [master] [jk_news] creating index, cause [api], templates [], shards [1]/[0], mappings [jk_news]
[2017-11-06T18:54:12,626][INFO ][o.e.c.m.MetaDataCreateIndexService] [master] [jk_symptom_news] creating index, cause [api], templates [], shards [1]/[0], mappings [jk_symptom_news]
[2017-11-06T19:02:30,934][INFO ][o.e.c.m.MetaDataMappingService] [master] [jk_experience/UOP_4AlEQiKhsrwPbi74Pg] create_mapping [gather]
[2017-11-06T19:05:04,115][INFO ][o.e.c.m.MetaDataMappingService] [master] [jk_news/U5Gw_4OTTFiiDTX3f2534Q] create_mapping [gather]
[2017-11-06T19:07:57,355][INFO ][o.e.c.m.MetaDataDeleteIndexService] [master] [jk_experience/UOP_4AlEQiKhsrwPbi74Pg] deleting index
[2017-11-06T19:08:06,700][INFO ][o.e.c.m.MetaDataDeleteIndexService] [master] [jk_news/U5Gw_4OTTFiiDTX3f2534Q] deleting index
[2017-11-06T19:10:46,444][INFO ][o.e.c.m.MetaDataCreateIndexService] [master] [jk_experience] creating index, cause [api], templates [], shards [1]/[0], mappings [jk_experience]
[2017-11-06T19:12:30,055][INFO ][o.e.c.m.MetaDataCreateIndexService] [master] [jk_news] creating index, cause [api], templates [], shards [1]/[0], mappings [jk_news]
[2017-11-06T19:15:54,711][INFO ][o.e.c.m.MetaDataMappingService] [master] [jk_news/DGYMSeTuThW8gRdCY1xZyg] create_mapping [gather]
[2017-11-06T22:10:35,797][INFO ][o.e.c.m.MetaDataDeleteIndexService] [master] [jk_experience/OvZRQFc1Q06h3yQ-HnxjCA] deleting index
[2017-11-06T22:10:41,401][INFO ][o.e.c.m.MetaDataDeleteIndexService] [master] [jk_news/DGYMSeTuThW8gRdCY1xZyg] deleting index
[2017-11-06T22:10:50,186][INFO ][o.e.c.m.MetaDataDeleteIndexService] [master] [jk_symptom_news/iuXihN4OSISAy1Fa997hEA] deleting index
[2017-11-06T22:12:42,458][INFO ][o.e.c.m.MetaDataCreateIndexService] [master] [jk_experience] creating index, cause [api], templates [], shards [1]/[0], mappings [jk_experience]
[2017-11-06T22:13:20,712][INFO ][o.e.c.m.MetaDataCreateIndexService] [master] [jk_news] creating index, cause [api], templates [], shards [1]/[0], mappings [jk_news]
[2017-11-06T22:14:58,294][INFO ][o.e.c.m.MetaDataMappingService] [master] [jk_experience/civxJOG1SyGatGnP1Rz1OQ] create_mapping [gather]
[2017-11-06T22:15:40,232][INFO ][o.e.c.m.MetaDataMappingService] [master] [jk_news/57JLhBbMSuWNiCZAhObtqw] create_mapping [gather]
[2017-11-06T22:18:20,783][INFO ][o.e.c.m.MetaDataDeleteIndexService] [master] [jk_experience/civxJOG1SyGatGnP1Rz1OQ] deleting index
[2017-11-06T22:18:26,545][INFO ][o.e.c.m.MetaDataDeleteIndexService] [master] [jk_news/57JLhBbMSuWNiCZAhObtqw] deleting index
[2017-11-06T22:20:03,437][INFO ][o.e.c.m.MetaDataCreateIndexService] [master] [jk_experience] creating index, cause [auto(bulk api)], templates [], shards [5]/[1], mappings []
[2017-11-06T22:20:03,541][INFO ][o.e.c.m.MetaDataMappingService] [master] [jk_experience/nyX3yxciS5WqpOsCl4DZJA] create_mapping [gather]
[2017-11-06T22:21:07,550][INFO ][o.e.c.m.MetaDataCreateIndexService] [master] [jk_news] creating index, cause [api], templates [], shards [1]/[0], mappings [jk_news]
[2017-11-06T22:21:32,406][INFO ][o.e.c.m.MetaDataMappingService] [master] [jk_news/3R6i9D_JRtiQ8Bbv1CFiMA] create_mapping [gather]
