==12155== Memcheck, a memory error detector
==12155== Copyright (C) 2002-2015, and GNU GPL'd, by Julian Seward et al.
==12155== Using Valgrind-3.11.0 and LibVEX; rerun with -h for copyright info
==12155== Command: streamer
==12155== Parent PID: 12148
==12155== 
==12155== 
==12155== HEAP SUMMARY:
==12155==     in use at exit: 2,567 bytes in 46 blocks
==12155==   total heap usage: 90 allocs, 44 frees, 15,663 bytes allocated
==12155== 
==12155== 35 bytes in 1 blocks are still reachable in loss record 1 of 10
==12155==    at 0x4A07E85: operator new(unsigned long) (vg_replace_malloc.c:333)
==12155==    by 0x4EC53C8: std::string::_Rep::_S_create(unsigned long, unsigned long, std::allocator<char> const&) (in /usr/lib64/libstdc++.so.6.0.13)
==12155==    by 0x4EC5DE4: ??? (in /usr/lib64/libstdc++.so.6.0.13)
==12155==    by 0x4EC5F32: std::basic_string<char, std::char_traits<char>, std::allocator<char> >::basic_string(char const*, std::allocator<char> const&) (in /usr/lib64/libstdc++.so.6.0.13)
==12155==    by 0x403922: system_info::system_info(char const*, char const*, char const*) (system_info.cpp:19)
==12155==    by 0x419192: __static_initialization_and_destruction_0(int, int) (state_server.cpp:24)
==12155==    by 0x4191BE: global constructors keyed to SI (state_server.cpp:301)
==12155==    by 0x420B85: ??? (in /usr/local/bin/streamer)
==12155==    by 0x402E22: ??? (in /usr/local/bin/streamer)
==12155== 
==12155== 38 bytes in 1 blocks are still reachable in loss record 2 of 10
==12155==    at 0x4A07E85: operator new(unsigned long) (vg_replace_malloc.c:333)
==12155==    by 0x4EC53C8: std::string::_Rep::_S_create(unsigned long, unsigned long, std::allocator<char> const&) (in /usr/lib64/libstdc++.so.6.0.13)
==12155==    by 0x4EC5DE4: ??? (in /usr/lib64/libstdc++.so.6.0.13)
==12155==    by 0x4EC5F32: std::basic_string<char, std::char_traits<char>, std::allocator<char> >::basic_string(char const*, std::allocator<char> const&) (in /usr/lib64/libstdc++.so.6.0.13)
==12155==    by 0x403976: system_info::system_info(char const*, char const*, char const*) (system_info.cpp:19)
==12155==    by 0x419192: __static_initialization_and_destruction_0(int, int) (state_server.cpp:24)
==12155==    by 0x4191BE: global constructors keyed to SI (state_server.cpp:301)
==12155==    by 0x420B85: ??? (in /usr/local/bin/streamer)
==12155==    by 0x402E22: ??? (in /usr/local/bin/streamer)
==12155== 
==12155== 38 bytes in 1 blocks are still reachable in loss record 3 of 10
==12155==    at 0x4A07E85: operator new(unsigned long) (vg_replace_malloc.c:333)
==12155==    by 0x4EC53C8: std::string::_Rep::_S_create(unsigned long, unsigned long, std::allocator<char> const&) (in /usr/lib64/libstdc++.so.6.0.13)
==12155==    by 0x4EC5DE4: ??? (in /usr/lib64/libstdc++.so.6.0.13)
==12155==    by 0x4EC5F32: std::basic_string<char, std::char_traits<char>, std::allocator<char> >::basic_string(char const*, std::allocator<char> const&) (in /usr/lib64/libstdc++.so.6.0.13)
==12155==    by 0x4039C7: system_info::system_info(char const*, char const*, char const*) (system_info.cpp:19)
==12155==    by 0x419192: __static_initialization_and_destruction_0(int, int) (state_server.cpp:24)
==12155==    by 0x4191BE: global constructors keyed to SI (state_server.cpp:301)
==12155==    by 0x420B85: ??? (in /usr/local/bin/streamer)
==12155==    by 0x402E22: ??? (in /usr/local/bin/streamer)
==12155== 
==12155== 48 bytes in 1 blocks are still reachable in loss record 4 of 10
==12155==    at 0x4A07E85: operator new(unsigned long) (vg_replace_malloc.c:333)
==12155==    by 0x417BB5: __gnu_cxx::new_allocator<std::_Rb_tree_node<std::pair<std::string const, std::string> > >::allocate(unsigned long, void const*) (new_allocator.h:89)
==12155==    by 0x41777D: std::_Rb_tree<std::string, std::pair<std::string const, std::string>, std::_Select1st<std::pair<std::string const, std::string> >, std::less<std::string>, std::allocator<std::pair<std::string const, std::string> > >::_M_get_node() (stl_tree.h:359)
==12155==    by 0x416ED4: std::_Rb_tree<std::string, std::pair<std::string const, std::string>, std::_Select1st<std::pair<std::string const, std::string> >, std::less<std::string>, std::allocator<std::pair<std::string const, std::string> > >::_M_create_node(std::pair<std::string const, std::string> const&) (stl_tree.h:369)
==12155==    by 0x415C60: std::_Rb_tree<std::string, std::pair<std::string const, std::string>, std::_Select1st<std::pair<std::string const, std::string> >, std::less<std::string>, std::allocator<std::pair<std::string const, std::string> > >::_M_insert_(std::_Rb_tree_node_base const*, std::_Rb_tree_node_base const*, std::pair<std::string const, std::string> const&) (stl_tree.h:881)
==12155==    by 0x415DF1: std::_Rb_tree<std::string, std::pair<std::string const, std::string>, std::_Select1st<std::pair<std::string const, std::string> >, std::less<std::string>, std::allocator<std::pair<std::string const, std::string> > >::_M_insert_unique(std::pair<std::string const, std::string> const&) (stl_tree.h:1177)
==12155==    by 0x419E44: std::map<std::string, std::string, std::less<std::string>, std::allocator<std::pair<std::string const, std::string> > >::insert(std::pair<std::string const, std::string> const&) (stl_map.h:500)
==12155==    by 0x419918: read_config(char const*, SERVER_CONFIG&) (serverutility.cpp:164)
==12155==    by 0x4205F4: main (main.cpp:32)
==12155== 
==12155== 48 bytes in 1 blocks are still reachable in loss record 5 of 10
==12155==    at 0x4A07E85: operator new(unsigned long) (vg_replace_malloc.c:333)
==12155==    by 0x417BB5: __gnu_cxx::new_allocator<std::_Rb_tree_node<std::pair<std::string const, std::string> > >::allocate(unsigned long, void const*) (new_allocator.h:89)
==12155==    by 0x41777D: std::_Rb_tree<std::string, std::pair<std::string const, std::string>, std::_Select1st<std::pair<std::string const, std::string> >, std::less<std::string>, std::allocator<std::pair<std::string const, std::string> > >::_M_get_node() (stl_tree.h:359)
==12155==    by 0x416ED4: std::_Rb_tree<std::string, std::pair<std::string const, std::string>, std::_Select1st<std::pair<std::string const, std::string> >, std::less<std::string>, std::allocator<std::pair<std::string const, std::string> > >::_M_create_node(std::pair<std::string const, std::string> const&) (stl_tree.h:369)
==12155==    by 0x415C60: std::_Rb_tree<std::string, std::pair<std::string const, std::string>, std::_Select1st<std::pair<std::string const, std::string> >, std::less<std::string>, std::allocator<std::pair<std::string const, std::string> > >::_M_insert_(std::_Rb_tree_node_base const*, std::_Rb_tree_node_base const*, std::pair<std::string const, std::string> const&) (stl_tree.h:881)
==12155==    by 0x415DF1: std::_Rb_tree<std::string, std::pair<std::string const, std::string>, std::_Select1st<std::pair<std::string const, std::string> >, std::less<std::string>, std::allocator<std::pair<std::string const, std::string> > >::_M_insert_unique(std::pair<std::string const, std::string> const&) (stl_tree.h:1177)
==12155==    by 0x419E44: std::map<std::string, std::string, std::less<std::string>, std::allocator<std::pair<std::string const, std::string> > >::insert(std::pair<std::string const, std::string> const&) (stl_map.h:500)
==12155==    by 0x419A6F: read_config(char const*, SERVER_CONFIG&) (serverutility.cpp:168)
==12155==    by 0x4205F4: main (main.cpp:32)
==12155== 
==12155== 192 bytes in 4 blocks are still reachable in loss record 6 of 10
==12155==    at 0x4A07E85: operator new(unsigned long) (vg_replace_malloc.c:333)
==12155==    by 0x417BB5: __gnu_cxx::new_allocator<std::_Rb_tree_node<std::pair<std::string const, std::string> > >::allocate(unsigned long, void const*) (new_allocator.h:89)
==12155==    by 0x41777D: std::_Rb_tree<std::string, std::pair<std::string const, std::string>, std::_Select1st<std::pair<std::string const, std::string> >, std::less<std::string>, std::allocator<std::pair<std::string const, std::string> > >::_M_get_node() (stl_tree.h:359)
==12155==    by 0x416ED4: std::_Rb_tree<std::string, std::pair<std::string const, std::string>, std::_Select1st<std::pair<std::string const, std::string> >, std::less<std::string>, std::allocator<std::pair<std::string const, std::string> > >::_M_create_node(std::pair<std::string const, std::string> const&) (stl_tree.h:369)
==12155==    by 0x415C60: std::_Rb_tree<std::string, std::pair<std::string const, std::string>, std::_Select1st<std::pair<std::string const, std::string> >, std::less<std::string>, std::allocator<std::pair<std::string const, std::string> > >::_M_insert_(std::_Rb_tree_node_base const*, std::_Rb_tree_node_base const*, std::pair<std::string const, std::string> const&) (stl_tree.h:881)
==12155==    by 0x415EAA: std::_Rb_tree<std::string, std::pair<std::string const, std::string>, std::_Select1st<std::pair<std::string const, std::string> >, std::less<std::string>, std::allocator<std::pair<std::string const, std::string> > >::_M_insert_unique(std::pair<std::string const, std::string> const&) (stl_tree.h:1182)
==12155==    by 0x419E44: std::map<std::string, std::string, std::less<std::string>, std::allocator<std::pair<std::string const, std::string> > >::insert(std::pair<std::string const, std::string> const&) (stl_map.h:500)
==12155==    by 0x419918: read_config(char const*, SERVER_CONFIG&) (serverutility.cpp:164)
==12155==    by 0x4205F4: main (main.cpp:32)
==12155== 
==12155== 384 bytes in 8 blocks are still reachable in loss record 7 of 10
==12155==    at 0x4A07E85: operator new(unsigned long) (vg_replace_malloc.c:333)
==12155==    by 0x417BB5: __gnu_cxx::new_allocator<std::_Rb_tree_node<std::pair<std::string const, std::string> > >::allocate(unsigned long, void const*) (new_allocator.h:89)
==12155==    by 0x41777D: std::_Rb_tree<std::string, std::pair<std::string const, std::string>, std::_Select1st<std::pair<std::string const, std::string> >, std::less<std::string>, std::allocator<std::pair<std::string const, std::string> > >::_M_get_node() (stl_tree.h:359)
==12155==    by 0x416ED4: std::_Rb_tree<std::string, std::pair<std::string const, std::string>, std::_Select1st<std::pair<std::string const, std::string> >, std::less<std::string>, std::allocator<std::pair<std::string const, std::string> > >::_M_create_node(std::pair<std::string const, std::string> const&) (stl_tree.h:369)
==12155==    by 0x415C60: std::_Rb_tree<std::string, std::pair<std::string const, std::string>, std::_Select1st<std::pair<std::string const, std::string> >, std::less<std::string>, std::allocator<std::pair<std::string const, std::string> > >::_M_insert_(std::_Rb_tree_node_base const*, std::_Rb_tree_node_base const*, std::pair<std::string const, std::string> const&) (stl_tree.h:881)
==12155==    by 0x415EAA: std::_Rb_tree<std::string, std::pair<std::string const, std::string>, std::_Select1st<std::pair<std::string const, std::string> >, std::less<std::string>, std::allocator<std::pair<std::string const, std::string> > >::_M_insert_unique(std::pair<std::string const, std::string> const&) (stl_tree.h:1182)
==12155==    by 0x419E44: std::map<std::string, std::string, std::less<std::string>, std::allocator<std::pair<std::string const, std::string> > >::insert(std::pair<std::string const, std::string> const&) (stl_map.h:500)
==12155==    by 0x419A6F: read_config(char const*, SERVER_CONFIG&) (serverutility.cpp:168)
==12155==    by 0x4205F4: main (main.cpp:32)
==12155== 
==12155== 478 bytes in 14 blocks are still reachable in loss record 8 of 10
==12155==    at 0x4A07E85: operator new(unsigned long) (vg_replace_malloc.c:333)
==12155==    by 0x4EC53C8: std::string::_Rep::_S_create(unsigned long, unsigned long, std::allocator<char> const&) (in /usr/lib64/libstdc++.so.6.0.13)
==12155==    by 0x4EC5FB4: ??? (in /usr/lib64/libstdc++.so.6.0.13)
==12155==    by 0x4EC6118: std::basic_string<char, std::char_traits<char>, std::allocator<char> >::basic_string(std::string const&, unsigned long, unsigned long) (in /usr/lib64/libstdc++.so.6.0.13)
==12155==    by 0x4EC6151: std::string::substr(unsigned long, unsigned long) const (in /usr/lib64/libstdc++.so.6.0.13)
==12155==    by 0x4197C0: read_config(char const*, SERVER_CONFIG&) (serverutility.cpp:159)
==12155==    by 0x4205F4: main (main.cpp:32)
==12155== 
==12155== 537 bytes in 14 blocks are still reachable in loss record 9 of 10
==12155==    at 0x4A07E85: operator new(unsigned long) (vg_replace_malloc.c:333)
==12155==    by 0x4EC53C8: std::string::_Rep::_S_create(unsigned long, unsigned long, std::allocator<char> const&) (in /usr/lib64/libstdc++.so.6.0.13)
==12155==    by 0x4EC5FB4: ??? (in /usr/lib64/libstdc++.so.6.0.13)
==12155==    by 0x4EC6118: std::basic_string<char, std::char_traits<char>, std::allocator<char> >::basic_string(std::string const&, unsigned long, unsigned long) (in /usr/lib64/libstdc++.so.6.0.13)
==12155==    by 0x4EC6151: std::string::substr(unsigned long, unsigned long) const (in /usr/lib64/libstdc++.so.6.0.13)
==12155==    by 0x419841: read_config(char const*, SERVER_CONFIG&) (serverutility.cpp:160)
==12155==    by 0x4205F4: main (main.cpp:32)
==12155== 
==12155== 769 bytes in 1 blocks are still reachable in loss record 10 of 10
==12155==    at 0x4A07E85: operator new(unsigned long) (vg_replace_malloc.c:333)
==12155==    by 0x4EC53C8: std::string::_Rep::_S_create(unsigned long, unsigned long, std::allocator<char> const&) (in /usr/lib64/libstdc++.so.6.0.13)
==12155==    by 0x4EC619A: std::string::_Rep::_M_clone(std::allocator<char> const&, unsigned long) (in /usr/lib64/libstdc++.so.6.0.13)
==12155==    by 0x4EC65EB: std::string::reserve(unsigned long) (in /usr/lib64/libstdc++.so.6.0.13)
==12155==    by 0x4EC6ABE: std::string::append(std::string const&) (in /usr/lib64/libstdc++.so.6.0.13)
==12155==    by 0x419B70: read_config(char const*, SERVER_CONFIG&) (serverutility.cpp:173)
==12155==    by 0x4205F4: main (main.cpp:32)
==12155== 
==12155== LEAK SUMMARY:
==12155==    definitely lost: 0 bytes in 0 blocks
==12155==    indirectly lost: 0 bytes in 0 blocks
==12155==      possibly lost: 0 bytes in 0 blocks
==12155==    still reachable: 2,567 bytes in 46 blocks
==12155==                       of which reachable via heuristic:
==12155==                         stdstring          : 1,895 bytes in 32 blocks
==12155==         suppressed: 0 bytes in 0 blocks
==12155== 
==12155== For counts of detected and suppressed errors, rerun with: -v
==12155== ERROR SUMMARY: 0 errors from 0 contexts (suppressed: 5 from 5)
