This file contains any messages produced by compilers while
running configure, to aid debugging if configure makes a mistake.

It was created by configure, which was
generated by GNU Autoconf 2.69.  Invocation command line was

  $ ./configure --enable-maintainer-mode --no-create --no-recursion

## --------- ##
## Platform. ##
## --------- ##

hostname = hondust
uname -m = x86_64
uname -r = 2.6.32-504.el6.x86_64
uname -s = Linux
uname -v = #1 SMP Wed Oct 15 04:27:16 UTC 2014

/usr/bin/uname -p = unknown
/bin/uname -X     = unknown

/bin/arch              = x86_64
/usr/bin/arch -k       = unknown
/usr/convex/getsysinfo = unknown
/usr/bin/hostinfo      = unknown
/bin/machine           = unknown
/usr/bin/oslevel       = unknown
/bin/universe          = unknown

PATH: /usr/local/sbin
PATH: /usr/sbin
PATH: /sbin
PATH: /usr/local/bin
PATH: /usr/bin
PATH: /bin
PATH: /root/WORK/BIN
PATH: /usr/lib
PATH: /root/bin
PATH: /root/WORK/BIN
PATH: /usr/lib


## ----------- ##
## Core tests. ##
## ----------- ##

configure:2276: configuring libtsmux for release
configure:2322: checking whether to enable maintainer-specific portions of Makefiles
configure:2331: result: yes
configure:2390: checking for a BSD-compatible install
configure:2458: result: /usr/bin/install -c
configure:2469: checking whether build environment is sane
configure:2524: result: yes
configure:2562: WARNING: 'missing' script is too old or missing
configure:2675: checking for a thread-safe mkdir -p
configure:2714: result: /bin/mkdir -p
configure:2721: checking for gawk
configure:2737: found /usr/bin/gawk
configure:2748: result: gawk
configure:2759: checking whether make sets $(MAKE)
configure:2781: result: yes
configure:2810: checking whether make supports nested variables
configure:2827: result: yes
configure:3009: checking for gcc
configure:3025: found /usr/bin/gcc
configure:3036: result: gcc
configure:3265: checking for C compiler version
configure:3274: gcc --version >&5
gcc (GCC) 4.8.5
Copyright (C) 2015 Free Software Foundation, Inc.
This is free software; see the source for copying conditions.  There is NO
warranty; not even for MERCHANTABILITY or FITNESS FOR A PARTICULAR PURPOSE.

configure:3285: $? = 0
configure:3274: gcc -v >&5
Using built-in specs.
COLLECT_GCC=gcc
COLLECT_LTO_WRAPPER=/usr/libexec/gcc/x86_64-unknown-linux-gnu/4.8.5/lto-wrapper
Target: x86_64-unknown-linux-gnu
Configured with: ./configure --prefix=/usr --enable-threads=posix --disable-checking --disable-multilib --enable-languages=c,c++
Thread model: posix
gcc version 4.8.5 (GCC) 
configure:3285: $? = 0
configure:3274: gcc -V >&5
gcc: error: unrecognized command line option '-V'
gcc: fatal error: no input files
compilation terminated.
configure:3285: $? = 1
configure:3274: gcc -qversion >&5
gcc: error: unrecognized command line option '-qversion'
gcc: fatal error: no input files
compilation terminated.
configure:3285: $? = 1
configure:3305: checking whether the C compiler works
configure:3327: gcc    conftest.c  >&5
configure:3331: $? = 0
configure:3379: result: yes
configure:3382: checking for C compiler default output file name
configure:3384: result: a.out
configure:3390: checking for suffix of executables
configure:3397: gcc -o conftest    conftest.c  >&5
configure:3401: $? = 0
configure:3423: result: 
configure:3445: checking whether we are cross compiling
configure:3453: gcc -o conftest    conftest.c  >&5
configure:3457: $? = 0
configure:3464: ./conftest
configure:3468: $? = 0
configure:3483: result: no
configure:3488: checking for suffix of object files
configure:3510: gcc -c   conftest.c >&5
configure:3514: $? = 0
configure:3535: result: o
configure:3539: checking whether we are using the GNU C compiler
configure:3558: gcc -c   conftest.c >&5
configure:3558: $? = 0
configure:3567: result: yes
configure:3576: checking whether gcc accepts -g
configure:3596: gcc -c -g  conftest.c >&5
configure:3596: $? = 0
configure:3637: result: yes
configure:3654: checking for gcc option to accept ISO C89
configure:3717: gcc  -c -g -O2  conftest.c >&5
configure:3717: $? = 0
configure:3730: result: none needed
configure:3755: checking whether gcc understands -c and -o together
configure:3777: gcc -c conftest.c -o conftest2.o
configure:3780: $? = 0
configure:3777: gcc -c conftest.c -o conftest2.o
configure:3780: $? = 0
configure:3792: result: yes
configure:3820: checking for style of include used by make
configure:3848: result: GNU
configure:3874: checking dependency style of gcc
configure:3985: result: gcc3
configure:4029: checking build system type
configure:4043: result: x86_64-unknown-linux-gnu
configure:4063: checking host system type
configure:4076: result: x86_64-unknown-linux-gnu
configure:4096: checking for a sed that does not truncate output
configure:4160: result: /bin/sed
configure:4178: checking for grep that handles long lines and -e
configure:4236: result: /bin/grep
configure:4241: checking for egrep
configure:4303: result: /bin/grep -E
configure:4308: checking for fgrep
configure:4370: result: /bin/grep -F
configure:4405: checking for ld used by gcc
configure:4472: result: /usr/bin/ld
configure:4479: checking if the linker (/usr/bin/ld) is GNU ld
configure:4494: result: yes
configure:4506: checking for BSD- or MS-compatible name lister (nm)
configure:4555: result: /usr/bin/nm -B
configure:4673: checking the name lister (/usr/bin/nm -B) interface
configure:4680: gcc -c -g -O2  conftest.c >&5
configure:4683: /usr/bin/nm -B "conftest.o"
configure:4686: output
0000000000000000 B some_variable
configure:4693: result: BSD nm
configure:4696: checking whether ln -s works
configure:4700: result: yes
configure:4708: checking the maximum length of command line arguments
configure:4828: result: 1966080
configure:4845: checking whether the shell understands some XSI constructs
configure:4855: result: yes
configure:4859: checking whether the shell understands "+="
configure:4865: result: yes
configure:4900: checking for /usr/bin/ld option to reload object files
configure:4907: result: -r
configure:4976: checking for objdump
configure:4992: found /usr/bin/objdump
configure:5003: result: objdump
configure:5035: checking how to recognize dependent libraries
configure:5231: result: pass_all
configure:5291: checking for ar
configure:5307: found /usr/bin/ar
configure:5318: result: ar
configure:5396: checking for strip
configure:5412: found /usr/bin/strip
configure:5423: result: strip
configure:5495: checking for ranlib
configure:5511: found /usr/bin/ranlib
configure:5522: result: ranlib
configure:5612: checking command to parse /usr/bin/nm -B output from gcc object
configure:5730: gcc -c -g -O2  conftest.c >&5
configure:5733: $? = 0
configure:5737: /usr/bin/nm -B conftest.o \| sed -n -e 's/^.*[	 ]\([ABCDGIRSTW][ABCDGIRSTW]*\)[	 ][	 ]*\([_A-Za-z][_A-Za-z0-9]*\)$/\1 \2 \2/p' \> conftest.nm
configure:5740: $? = 0
configure:5794: gcc -o conftest -g -O2   conftest.c conftstm.o >&5
configure:5797: $? = 0
configure:5835: result: ok
configure:5931: gcc -c -g -O2  conftest.c >&5
configure:5934: $? = 0
configure:6644: checking how to run the C preprocessor
configure:6675: gcc -E  conftest.c
configure:6675: $? = 0
configure:6689: gcc -E  conftest.c
conftest.c:15:28: fatal error: ac_nonexistent.h: No such file or directory
 #include <ac_nonexistent.h>
                            ^
compilation terminated.
configure:6689: $? = 1
configure: failed program was:
| /* confdefs.h */
| #define PACKAGE_NAME ""
| #define PACKAGE_TARNAME ""
| #define PACKAGE_VERSION ""
| #define PACKAGE_STRING ""
| #define PACKAGE_BUGREPORT ""
| #define PACKAGE_URL ""
| #define TSMUX_VERSION "0.3.0"
| #define TSMUX_VERSION_RELEASE "1"
| #define PACKAGE "libtsmux"
| #define VERSION "0.3.0"
| #define PACKAGE "libtsmux"
| #define VERSION "0.3.0"
| /* end confdefs.h.  */
| #include <ac_nonexistent.h>
configure:6714: result: gcc -E
configure:6734: gcc -E  conftest.c
configure:6734: $? = 0
configure:6748: gcc -E  conftest.c
conftest.c:15:28: fatal error: ac_nonexistent.h: No such file or directory
 #include <ac_nonexistent.h>
                            ^
compilation terminated.
configure:6748: $? = 1
configure: failed program was:
| /* confdefs.h */
| #define PACKAGE_NAME ""
| #define PACKAGE_TARNAME ""
| #define PACKAGE_VERSION ""
| #define PACKAGE_STRING ""
| #define PACKAGE_BUGREPORT ""
| #define PACKAGE_URL ""
| #define TSMUX_VERSION "0.3.0"
| #define TSMUX_VERSION_RELEASE "1"
| #define PACKAGE "libtsmux"
| #define VERSION "0.3.0"
| #define PACKAGE "libtsmux"
| #define VERSION "0.3.0"
| /* end confdefs.h.  */
| #include <ac_nonexistent.h>
configure:6777: checking for ANSI C header files
configure:6797: gcc -c -g -O2  conftest.c >&5
configure:6797: $? = 0
configure:6870: gcc -o conftest -g -O2   conftest.c  >&5
configure:6870: $? = 0
configure:6870: ./conftest
configure:6870: $? = 0
configure:6881: result: yes
configure:6894: checking for sys/types.h
configure:6894: gcc -c -g -O2  conftest.c >&5
configure:6894: $? = 0
configure:6894: result: yes
configure:6894: checking for sys/stat.h
configure:6894: gcc -c -g -O2  conftest.c >&5
configure:6894: $? = 0
configure:6894: result: yes
configure:6894: checking for stdlib.h
configure:6894: gcc -c -g -O2  conftest.c >&5
configure:6894: $? = 0
configure:6894: result: yes
configure:6894: checking for string.h
configure:6894: gcc -c -g -O2  conftest.c >&5
configure:6894: $? = 0
configure:6894: result: yes
configure:6894: checking for memory.h
configure:6894: gcc -c -g -O2  conftest.c >&5
configure:6894: $? = 0
configure:6894: result: yes
configure:6894: checking for strings.h
configure:6894: gcc -c -g -O2  conftest.c >&5
configure:6894: $? = 0
configure:6894: result: yes
configure:6894: checking for inttypes.h
configure:6894: gcc -c -g -O2  conftest.c >&5
configure:6894: $? = 0
configure:6894: result: yes
configure:6894: checking for stdint.h
configure:6894: gcc -c -g -O2  conftest.c >&5
configure:6894: $? = 0
configure:6894: result: yes
configure:6894: checking for unistd.h
configure:6894: gcc -c -g -O2  conftest.c >&5
configure:6894: $? = 0
configure:6894: result: yes
configure:6908: checking for dlfcn.h
configure:6908: gcc -c -g -O2  conftest.c >&5
configure:6908: $? = 0
configure:6908: result: yes
configure:7092: checking for objdir
configure:7107: result: .libs
configure:7403: checking if gcc supports -fno-rtti -fno-exceptions
configure:7421: gcc -c -g -O2  -fno-rtti -fno-exceptions conftest.c >&5
cc1: warning: command line option '-fno-rtti' is valid for C++/ObjC++ but not for C [enabled by default]
configure:7425: $? = 0
configure:7438: result: no
configure:7458: checking for gcc option to produce PIC
configure:7730: result: -fPIC -DPIC
configure:7742: checking if gcc PIC flag -fPIC -DPIC works
configure:7760: gcc -c -g -O2  -fPIC -DPIC -DPIC conftest.c >&5
configure:7764: $? = 0
configure:7777: result: yes
configure:7801: checking if gcc static flag -static works
configure:7829: result: no
configure:7844: checking if gcc supports -c -o file.o
configure:7865: gcc -c -g -O2  -o out/conftest2.o conftest.c >&5
configure:7869: $? = 0
configure:7891: result: yes
configure:7899: checking if gcc supports -c -o file.o
configure:7946: result: yes
configure:7979: checking whether the gcc linker (/usr/bin/ld -m elf_x86_64) supports shared libraries
configure:8965: result: yes
configure:9002: checking whether -lc should be explicitly linked in
configure:9007: gcc -c -g -O2  conftest.c >&5
configure:9010: $? = 0
configure:9025: gcc -shared conftest.o  -v -Wl,-soname -Wl,conftest -o conftest 2\>\&1 \| /bin/grep  -lc  \>/dev/null 2\>\&1
configure:9028: $? = 0
configure:9040: result: no
configure:9204: checking dynamic linker characteristics
configure:9637: gcc -o conftest -g -O2   -Wl,-rpath -Wl,/foo conftest.c  >&5
configure:9637: $? = 0
configure:9858: result: GNU/Linux ld.so
configure:9960: checking how to hardcode library paths into programs
configure:9985: result: immediate
configure:10505: checking whether stripping libraries is possible
configure:10510: result: yes
configure:10545: checking if libtool supports shared libraries
configure:10547: result: yes
configure:10550: checking whether to build shared libraries
configure:10571: result: yes
configure:10574: checking whether to build static libraries
configure:10578: result: yes
configure:10616: checking for pkg-config
configure:10632: found /usr/bin/pkg-config
configure:10644: result: yes
configure:10706: checking for pkg-config
configure:10724: found /usr/bin/pkg-config
configure:10736: result: /usr/bin/pkg-config
configure:10761: checking pkg-config is at least version 0.9.0
configure:10764: result: yes
configure:10775: checking for GLIB
configure:10782: $PKG_CONFIG --exists --print-errors "glib-2.0 gthread-2.0"
configure:10785: $? = 0
configure:10798: $PKG_CONFIG --exists --print-errors "glib-2.0 gthread-2.0"
configure:10801: $? = 0
configure:10855: result: yes
configure:10976: checking that generated files are newer than configure
configure:10982: result: done
configure:11005: creating ./config.status

## ---------------- ##
## Cache variables. ##
## ---------------- ##

ac_cv_build=x86_64-unknown-linux-gnu
ac_cv_c_compiler_gnu=yes
ac_cv_env_CC_set=
ac_cv_env_CC_value=
ac_cv_env_CFLAGS_set=
ac_cv_env_CFLAGS_value=
ac_cv_env_CPPFLAGS_set=
ac_cv_env_CPPFLAGS_value=
ac_cv_env_CPP_set=
ac_cv_env_CPP_value=
ac_cv_env_GLIB_CFLAGS_set=
ac_cv_env_GLIB_CFLAGS_value=
ac_cv_env_GLIB_LIBS_set=
ac_cv_env_GLIB_LIBS_value=
ac_cv_env_LDFLAGS_set=
ac_cv_env_LDFLAGS_value=
ac_cv_env_LIBS_set=
ac_cv_env_LIBS_value=
ac_cv_env_PKG_CONFIG_set=
ac_cv_env_PKG_CONFIG_value=
ac_cv_env_build_alias_set=
ac_cv_env_build_alias_value=
ac_cv_env_host_alias_set=
ac_cv_env_host_alias_value=
ac_cv_env_target_alias_set=
ac_cv_env_target_alias_value=
ac_cv_header_dlfcn_h=yes
ac_cv_header_inttypes_h=yes
ac_cv_header_memory_h=yes
ac_cv_header_stdc=yes
ac_cv_header_stdint_h=yes
ac_cv_header_stdlib_h=yes
ac_cv_header_string_h=yes
ac_cv_header_strings_h=yes
ac_cv_header_sys_stat_h=yes
ac_cv_header_sys_types_h=yes
ac_cv_header_unistd_h=yes
ac_cv_host=x86_64-unknown-linux-gnu
ac_cv_objext=o
ac_cv_path_EGREP='/bin/grep -E'
ac_cv_path_FGREP='/bin/grep -F'
ac_cv_path_GREP=/bin/grep
ac_cv_path_SED=/bin/sed
ac_cv_path_ac_pt_PKG_CONFIG=/usr/bin/pkg-config
ac_cv_path_install='/usr/bin/install -c'
ac_cv_path_mkdir=/bin/mkdir
ac_cv_prog_AWK=gawk
ac_cv_prog_CPP='gcc -E'
ac_cv_prog_HAVE_PKGCONFIG=yes
ac_cv_prog_ac_ct_AR=ar
ac_cv_prog_ac_ct_CC=gcc
ac_cv_prog_ac_ct_OBJDUMP=objdump
ac_cv_prog_ac_ct_RANLIB=ranlib
ac_cv_prog_ac_ct_STRIP=strip
ac_cv_prog_cc_c89=
ac_cv_prog_cc_g=yes
ac_cv_prog_make_make_set=yes
am_cv_CC_dependencies_compiler_type=gcc3
am_cv_make_support_nested_variables=yes
am_cv_prog_cc_c_o=yes
lt_cv_deplibs_check_method=pass_all
lt_cv_file_magic_cmd='$MAGIC_CMD'
lt_cv_file_magic_test_file=
lt_cv_ld_reload_flag=-r
lt_cv_nm_interface='BSD nm'
lt_cv_objdir=.libs
lt_cv_path_LD=/usr/bin/ld
lt_cv_path_NM='/usr/bin/nm -B'
lt_cv_prog_compiler_c_o=yes
lt_cv_prog_compiler_pic_works=yes
lt_cv_prog_compiler_rtti_exceptions=no
lt_cv_prog_compiler_static_works=no
lt_cv_prog_gnu_ld=yes
lt_cv_sys_global_symbol_pipe='sed -n -e '\''s/^.*[	 ]\([ABCDGIRSTW][ABCDGIRSTW]*\)[	 ][	 ]*\([_A-Za-z][_A-Za-z0-9]*\)$/\1 \2 \2/p'\'''
lt_cv_sys_global_symbol_to_c_name_address='sed -n -e '\''s/^: \([^ ]*\) $/  {\"\1\", (void *) 0},/p'\'' -e '\''s/^[ABCDGIRSTW]* \([^ ]*\) \([^ ]*\)$/  {"\2", (void *) \&\2},/p'\'''
lt_cv_sys_global_symbol_to_c_name_address_lib_prefix='sed -n -e '\''s/^: \([^ ]*\) $/  {\"\1\", (void *) 0},/p'\'' -e '\''s/^[ABCDGIRSTW]* \([^ ]*\) \(lib[^ ]*\)$/  {"\2", (void *) \&\2},/p'\'' -e '\''s/^[ABCDGIRSTW]* \([^ ]*\) \([^ ]*\)$/  {"lib\2", (void *) \&\2},/p'\'''
lt_cv_sys_global_symbol_to_cdecl='sed -n -e '\''s/^T .* \(.*\)$/extern int \1();/p'\'' -e '\''s/^[ABCDGIRSTW]* .* \(.*\)$/extern char \1;/p'\'''
lt_cv_sys_max_cmd_len=1966080
pkg_cv_GLIB_CFLAGS='-pthread -I/usr/include/glib-2.0 -I/usr/lib64/glib-2.0/include  '
pkg_cv_GLIB_LIBS='-pthread -lgthread-2.0 -lrt -lglib-2.0  '

## ----------------- ##
## Output variables. ##
## ----------------- ##

ACLOCAL='aclocal-1.15'
ACLOCAL_AMFLAGS='-I m4'
AMDEPBACKSLASH='\'
AMDEP_FALSE='#'
AMDEP_TRUE=''
AMTAR='$${TAR-tar}'
AM_BACKSLASH='\'
AM_DEFAULT_V='$(AM_DEFAULT_VERBOSITY)'
AM_DEFAULT_VERBOSITY='1'
AM_V='$(V)'
AR='ar'
AUTOCONF='autoconf'
AUTOHEADER='autoheader'
AUTOMAKE='automake-1.15'
AWK='gawk'
CC='gcc'
CCDEPMODE='depmode=gcc3'
CFLAGS='-g -O2'
CPP='gcc -E'
CPPFLAGS=''
CYGPATH_W='echo'
DEFS='-DHAVE_CONFIG_H'
DEPDIR='.deps'
DSYMUTIL=''
DUMPBIN=''
ECHO_C=''
ECHO_N='-n'
ECHO_T=''
EGREP='/bin/grep -E'
EXEEXT=''
FGREP='/bin/grep -F'
GLIB_CFLAGS='-pthread -I/usr/include/glib-2.0 -I/usr/lib64/glib-2.0/include  '
GLIB_LIBS='-pthread -lgthread-2.0 -lrt -lglib-2.0  '
GREP='/bin/grep'
HAVE_PKGCONFIG='yes'
INSTALL_DATA='${INSTALL} -m 644'
INSTALL_PROGRAM='${INSTALL}'
INSTALL_SCRIPT='${INSTALL}'
INSTALL_STRIP_PROGRAM='$(install_sh) -c -s'
LD='/usr/bin/ld -m elf_x86_64'
LDFLAGS=''
LIBOBJS=''
LIBS=''
LIBTOOL='$(SHELL) $(top_builddir)/libtool'
LIPO=''
LN_S='ln -s'
LTLIBOBJS=''
MAINT=''
MAINTAINER_MODE_FALSE='#'
MAINTAINER_MODE_TRUE=''
MAKEINFO='makeinfo'
MKDIR_P='/bin/mkdir -p'
NM='/usr/bin/nm -B'
NMEDIT=''
OBJDUMP='objdump'
OBJEXT='o'
OTOOL64=''
OTOOL=''
PACKAGE='libtsmux'
PACKAGE_BUGREPORT=''
PACKAGE_NAME=''
PACKAGE_STRING=''
PACKAGE_TARNAME=''
PACKAGE_URL=''
PACKAGE_VERSION=''
PATH_SEPARATOR=':'
PKG_CONFIG='/usr/bin/pkg-config'
RANLIB='ranlib'
SED='/bin/sed'
SET_MAKE=''
SHELL='/bin/sh'
STRIP='strip'
TSMUX_VERSION='0.3.0'
TSMUX_VERSION_MAJOR='0'
TSMUX_VERSION_MICRO='0'
TSMUX_VERSION_MINOR='3'
TSMUX_VERSION_NANO='0'
TSMUX_VERSION_RELEASE='1'
VERSION='0.3.0'
ac_ct_CC='gcc'
ac_ct_DUMPBIN=''
am__EXEEXT_FALSE=''
am__EXEEXT_TRUE='#'
am__fastdepCC_FALSE='#'
am__fastdepCC_TRUE=''
am__include='include'
am__isrc=''
am__leading_dot='.'
am__nodep='_no'
am__quote=''
am__tar='$${TAR-tar} chof - "$$tardir"'
am__untar='$${TAR-tar} xf -'
bindir='${exec_prefix}/bin'
build='x86_64-unknown-linux-gnu'
build_alias=''
build_cpu='x86_64'
build_os='linux-gnu'
build_vendor='unknown'
datadir='${datarootdir}'
datarootdir='${prefix}/share'
docdir='${datarootdir}/doc/${PACKAGE}'
dvidir='${docdir}'
exec_prefix='${prefix}'
host='x86_64-unknown-linux-gnu'
host_alias=''
host_cpu='x86_64'
host_os='linux-gnu'
host_vendor='unknown'
htmldir='${docdir}'
includedir='${prefix}/include'
infodir='${datarootdir}/info'
install_sh='${SHELL} /share/chenzhengqiang/study/MEDIA/open-source/libtsmux/install-sh'
libdir='${exec_prefix}/lib'
libexecdir='${exec_prefix}/libexec'
localedir='${datarootdir}/locale'
localstatedir='${prefix}/var'
lt_ECHO='echo'
mandir='${datarootdir}/man'
mkdir_p='$(MKDIR_P)'
oldincludedir='/usr/include'
pdfdir='${docdir}'
prefix='/usr/local'
program_transform_name='s,x,x,'
psdir='${docdir}'
sbindir='${exec_prefix}/sbin'
sharedstatedir='${prefix}/com'
sysconfdir='${prefix}/etc'
target_alias=''

## ----------- ##
## confdefs.h. ##
## ----------- ##

/* confdefs.h */
#define PACKAGE_NAME ""
#define PACKAGE_TARNAME ""
#define PACKAGE_VERSION ""
#define PACKAGE_STRING ""
#define PACKAGE_BUGREPORT ""
#define PACKAGE_URL ""
#define TSMUX_VERSION "0.3.0"
#define TSMUX_VERSION_RELEASE "1"
#define PACKAGE "libtsmux"
#define VERSION "0.3.0"
#define PACKAGE "libtsmux"
#define VERSION "0.3.0"
#define STDC_HEADERS 1
#define HAVE_SYS_TYPES_H 1
#define HAVE_SYS_STAT_H 1
#define HAVE_STDLIB_H 1
#define HAVE_STRING_H 1
#define HAVE_MEMORY_H 1
#define HAVE_STRINGS_H 1
#define HAVE_INTTYPES_H 1
#define HAVE_STDINT_H 1
#define HAVE_UNISTD_H 1
#define HAVE_DLFCN_H 1
#define LT_OBJDIR ".libs/"

configure: exit 0

## ---------------------- ##
## Running config.status. ##
## ---------------------- ##

This file was extended by config.status, which was
generated by GNU Autoconf 2.69.  Invocation command line was

  CONFIG_FILES    = 
  CONFIG_HEADERS  = 
  CONFIG_LINKS    = 
  CONFIG_COMMANDS = 
  $ ./config.status 

on hondust

config.status:1090: creating Makefile
config.status:1090: creating libtsmux.spec
config.status:1090: creating tsmux/Makefile
config.status:1090: creating tests/Makefile
config.status:1090: creating common/Makefile
config.status:1090: creating common/m4/Makefile
config.status:1090: creating pkgconfig/Makefile
config.status:1090: creating pkgconfig/tsmux.pc
config.status:1090: creating pkgconfig/tsmux-uninstalled.pc
config.status:1090: creating config.h
config.status:1271: config.h is unchanged
config.status:1319: executing depfiles commands
config.status:1319: executing libtool commands

## ---------------------- ##
## Running config.status. ##
## ---------------------- ##

This file was extended by config.status, which was
generated by GNU Autoconf 2.69.  Invocation command line was

  CONFIG_FILES    = 
  CONFIG_HEADERS  = 
  CONFIG_LINKS    = 
  CONFIG_COMMANDS = 
  $ ./config.status config.h

on hondust

config.status:1090: creating config.h
config.status:1271: config.h is unchanged
